<?xml version="1.0" encoding="UTF-8"?>
<!-- Generated by org.testng.reporters.JUnitXMLReporter -->
<testsuite ignored="0" hostname="MSI" failures="0" tests="3007" name="Erudex Apache HTTP Login API  Tests" time="105.084" errors="0" timestamp="2023-07-05T00:15:54 EDT">
  <testcase classname="com.erudex.test.login.LoginTestApache" name="testNavToLoginPage" time="0.188"/>
  <testcase classname="com.erudex.test.login.LoginTestApache" name="testLogin" time="0.385"/>
  <testcase classname="com.erudex.test.login.LoginTestApache" name="testLogin" time="0.41"/>
  <testcase classname="com.erudex.test.login.LoginTestApache" name="testLogin" time="0.422"/>
  <testcase classname="com.erudex.test.login.LoginTestApache" name="testLogin" time="0.422"/>
  <testcase classname="com.erudex.test.login.LoginTestApache" name="testLogin" time="0.421"/>
  <testcase classname="com.erudex.test.login.LoginTestApache" name="testLogin" time="0.426"/>
  <testcase classname="com.erudex.test.login.LoginTestApache" name="testLogin" time="0.432"/>
  <testcase classname="com.erudex.test.login.LoginTestApache" name="testLogin" time="0.46"/>
  <testcase classname="com.erudex.test.login.LoginTestApache" name="testLogin" time="0.485"/>
  <testcase classname="com.erudex.test.login.LoginTestApache" name="testLogin" time="0.579"/>
  <testcase classname="com.erudex.test.login.LoginTestApache" name="testLogin" time="0.319"/>
  <testcase classname="com.erudex.test.login.LoginTestApache" name="testLogin" time="0.351"/>
  <testcase classname="com.erudex.test.login.LoginTestApache" name="testLogin" time="0.314"/>
  <testcase classname="com.erudex.test.login.LoginTestApache" name="testLogin" time="0.318"/>
  <testcase classname="com.erudex.test.login.LoginTestApache" name="testLogin" time="0.316"/>
  <testcase classname="com.erudex.test.login.LoginTestApache" name="testLogin" time="0.326"/>
  <testcase classname="com.erudex.test.login.LoginTestApache" name="testLogin" time="0.352"/>
  <testcase classname="com.erudex.test.login.LoginTestApache" name="testLogin" time="0.314"/>
  <testcase classname="com.erudex.test.login.LoginTestApache" name="testLogin" time="0.36"/>
  <testcase classname="com.erudex.test.login.LoginTestApache" name="testLogin" time="0.302"/>
  <testcase classname="com.erudex.test.login.LoginTestApache" name="testLogin" time="0.31"/>
  <testcase classname="com.erudex.test.login.LoginTestApache" name="testLogin" time="0.314"/>
  <testcase classname="com.erudex.test.login.LoginTestApache" name="testLogin" time="0.324"/>
  <testcase classname="com.erudex.test.login.LoginTestApache" name="testLogin" time="0.348"/>
  <testcase classname="com.erudex.test.login.LoginTestApache" name="testLogin" time="0.355"/>
  <testcase classname="com.erudex.test.login.LoginTestApache" name="testLogin" time="0.355"/>
  <testcase classname="com.erudex.test.login.LoginTestApache" name="testLogin" time="0.379"/>
  <testcase classname="com.erudex.test.login.LoginTestApache" name="testLogin" time="0.314"/>
  <testcase classname="com.erudex.test.login.LoginTestApache" name="testLogin" time="0.367"/>
  <testcase classname="com.erudex.test.login.LoginTestApache" name="testLogin" time="0.306"/>
  <testcase classname="com.erudex.test.login.LoginTestApache" name="testLogin" time="0.309"/>
  <testcase classname="com.erudex.test.login.LoginTestApache" name="testLogin" time="0.311"/>
  <testcase classname="com.erudex.test.login.LoginTestApache" name="testLogin" time="0.346"/>
  <testcase classname="com.erudex.test.login.LoginTestApache" name="testLogin" time="0.346"/>
  <testcase classname="com.erudex.test.login.LoginTestApache" name="testLogin" time="0.307"/>
  <testcase classname="com.erudex.test.login.LoginTestApache" name="testLogin" time="0.366"/>
  <testcase classname="com.erudex.test.login.LoginTestApache" name="testLogin" time="0.366"/>
  <testcase classname="com.erudex.test.login.LoginTestApache" name="testLogin" time="0.345"/>
  <testcase classname="com.erudex.test.login.LoginTestApache" name="testLogin" time="0.732"/>
  <testcase classname="com.erudex.test.login.LoginTestApache" name="testLogin" time="0.302"/>
  <testcase classname="com.erudex.test.login.LoginTestApache" name="testLogin" time="0.318"/>
  <testcase classname="com.erudex.test.login.LoginTestApache" name="testLogin" time="0.358"/>
  <testcase classname="com.erudex.test.login.LoginTestApache" name="testLogin" time="0.312"/>
  <testcase classname="com.erudex.test.login.LoginTestApache" name="testLogin" time="0.346"/>
  <testcase classname="com.erudex.test.login.LoginTestApache" name="testLogin" time="0.359"/>
  <testcase classname="com.erudex.test.login.LoginTestApache" name="testLogin" time="0.362"/>
  <testcase classname="com.erudex.test.login.LoginTestApache" name="testLogin" time="0.33"/>
  <testcase classname="com.erudex.test.login.LoginTestApache" name="testLogin" time="0.363"/>
  <testcase classname="com.erudex.test.login.LoginTestApache" name="testLogin" time="0.349"/>
  <testcase classname="com.erudex.test.login.LoginTestApache" name="testLogin" time="0.36"/>
  <testcase classname="com.erudex.test.login.LoginTestApache" name="testLogin" time="0.361"/>
  <testcase classname="com.erudex.test.login.LoginTestApache" name="testLogin" time="0.352"/>
  <testcase classname="com.erudex.test.login.LoginTestApache" name="testLogin" time="0.308"/>
  <testcase classname="com.erudex.test.login.LoginTestApache" name="testLogin" time="0.334"/>
  <testcase classname="com.erudex.test.login.LoginTestApache" name="testLogin" time="0.35"/>
  <testcase classname="com.erudex.test.login.LoginTestApache" name="testLogin" time="0.311"/>
  <testcase classname="com.erudex.test.login.LoginTestApache" name="testLogin" time="0.358"/>
  <testcase classname="com.erudex.test.login.LoginTestApache" name="testLogin" time="0.351"/>
  <testcase classname="com.erudex.test.login.LoginTestApache" name="testLogin" time="0.35"/>
  <testcase classname="com.erudex.test.login.LoginTestApache" name="testLogin" time="0.306"/>
  <testcase classname="com.erudex.test.login.LoginTestApache" name="testLogin" time="0.359"/>
  <testcase classname="com.erudex.test.login.LoginTestApache" name="testLogin" time="0.349"/>
  <testcase classname="com.erudex.test.login.LoginTestApache" name="testLogin" time="0.306"/>
  <testcase classname="com.erudex.test.login.LoginTestApache" name="testLogin" time="0.358"/>
  <testcase classname="com.erudex.test.login.LoginTestApache" name="testLogin" time="0.348"/>
  <testcase classname="com.erudex.test.login.LoginTestApache" name="testLogin" time="0.36"/>
  <testcase classname="com.erudex.test.login.LoginTestApache" name="testLogin" time="0.339"/>
  <testcase classname="com.erudex.test.login.LoginTestApache" name="testLogin" time="0.349"/>
  <testcase classname="com.erudex.test.login.LoginTestApache" name="testLogin" time="0.314"/>
  <testcase classname="com.erudex.test.login.LoginTestApache" name="testLogin" time="0.306"/>
  <testcase classname="com.erudex.test.login.LoginTestApache" name="testLogin" time="0.351"/>
  <testcase classname="com.erudex.test.login.LoginTestApache" name="testLogin" time="0.306"/>
  <testcase classname="com.erudex.test.login.LoginTestApache" name="testLogin" time="0.312"/>
  <testcase classname="com.erudex.test.login.LoginTestApache" name="testLogin" time="0.363"/>
  <testcase classname="com.erudex.test.login.LoginTestApache" name="testLogin" time="0.364"/>
  <testcase classname="com.erudex.test.login.LoginTestApache" name="testLogin" time="0.364"/>
  <testcase classname="com.erudex.test.login.LoginTestApache" name="testLogin" time="0.316"/>
  <testcase classname="com.erudex.test.login.LoginTestApache" name="testLogin" time="0.388"/>
  <testcase classname="com.erudex.test.login.LoginTestApache" name="testLogin" time="0.351"/>
  <testcase classname="com.erudex.test.login.LoginTestApache" name="testLogin" time="0.395"/>
  <testcase classname="com.erudex.test.login.LoginTestApache" name="testLogin" time="0.369"/>
  <testcase classname="com.erudex.test.login.LoginTestApache" name="testLogin" time="0.366"/>
  <testcase classname="com.erudex.test.login.LoginTestApache" name="testLogin" time="0.373"/>
  <testcase classname="com.erudex.test.login.LoginTestApache" name="testLogin" time="0.407"/>
  <testcase classname="com.erudex.test.login.LoginTestApache" name="testLogin" time="0.358"/>
  <testcase classname="com.erudex.test.login.LoginTestApache" name="testLogin" time="0.368"/>
  <testcase classname="com.erudex.test.login.LoginTestApache" name="testLogin" time="0.308"/>
  <testcase classname="com.erudex.test.login.LoginTestApache" name="testLogin" time="0.354"/>
  <testcase classname="com.erudex.test.login.LoginTestApache" name="testLogin" time="0.389"/>
  <testcase classname="com.erudex.test.login.LoginTestApache" name="testLogin" time="0.309"/>
  <testcase classname="com.erudex.test.login.LoginTestApache" name="testLogin" time="0.315"/>
  <testcase classname="com.erudex.test.login.LoginTestApache" name="testLogin" time="0.315"/>
  <testcase classname="com.erudex.test.login.LoginTestApache" name="testLogin" time="0.317"/>
  <testcase classname="com.erudex.test.login.LoginTestApache" name="testLogin" time="0.344"/>
  <testcase classname="com.erudex.test.login.LoginTestApache" name="testLogin" time="0.345"/>
  <testcase classname="com.erudex.test.login.LoginTestApache" name="testLogin" time="0.727"/>
  <testcase classname="com.erudex.test.login.LoginTestApache" name="testLogin" time="0.339"/>
  <testcase classname="com.erudex.test.login.LoginTestApache" name="testLogin" time="0.299"/>
  <testcase classname="com.erudex.test.login.LoginTestApache" name="testLogin" time="0.333"/>
  <testcase classname="com.erudex.test.login.LoginTestApache" name="testLogin" time="0.348"/>
  <testcase classname="com.erudex.test.login.LoginTestApache" name="testLogin" time="0.363"/>
  <testcase classname="com.erudex.test.login.LoginTestApache" name="testLogin" time="0.362"/>
  <testcase classname="com.erudex.test.login.LoginTestApache" name="testLogin" time="0.346"/>
  <testcase classname="com.erudex.test.login.LoginTestApache" name="testLogin" time="0.357"/>
  <testcase classname="com.erudex.test.login.LoginTestApache" name="testLogin" time="0.358"/>
  <testcase classname="com.erudex.test.login.LoginTestApache" name="testLogin" time="0.361"/>
  <testcase classname="com.erudex.test.login.LoginTestApache" name="testLogin" time="0.333"/>
  <testcase classname="com.erudex.test.login.LoginTestApache" name="testLogin" time="0.351"/>
  <testcase classname="com.erudex.test.login.LoginTestApache" name="testLogin" time="0.358"/>
  <testcase classname="com.erudex.test.login.LoginTestApache" name="testLogin" time="0.311"/>
  <testcase classname="com.erudex.test.login.LoginTestApache" name="testLogin" time="0.315"/>
  <testcase classname="com.erudex.test.login.LoginTestApache" name="testLogin" time="0.32"/>
  <testcase classname="com.erudex.test.login.LoginTestApache" name="testLogin" time="0.354"/>
  <testcase classname="com.erudex.test.login.LoginTestApache" name="testLogin" time="0.365"/>
  <testcase classname="com.erudex.test.login.LoginTestApache" name="testLogin" time="0.343"/>
  <testcase classname="com.erudex.test.login.LoginTestApache" name="testLogin" time="0.35"/>
  <testcase classname="com.erudex.test.login.LoginTestApache" name="testLogin" time="0.343"/>
  <testcase classname="com.erudex.test.login.LoginTestApache" name="testLogin" time="0.34"/>
  <testcase classname="com.erudex.test.login.LoginTestApache" name="testLogin" time="0.296"/>
  <testcase classname="com.erudex.test.login.LoginTestApache" name="testLogin" time="0.339"/>
  <testcase classname="com.erudex.test.login.LoginTestApache" name="testLogin" time="0.336"/>
  <testcase classname="com.erudex.test.login.LoginTestApache" name="testLogin" time="0.35"/>
  <testcase classname="com.erudex.test.login.LoginTestApache" name="testLogin" time="0.346"/>
  <testcase classname="com.erudex.test.login.LoginTestApache" name="testLogin" time="0.3"/>
  <testcase classname="com.erudex.test.login.LoginTestApache" name="testLogin" time="0.347"/>
  <testcase classname="com.erudex.test.login.LoginTestApache" name="testLogin" time="0.352"/>
  <testcase classname="com.erudex.test.login.LoginTestApache" name="testLogin" time="0.384"/>
  <testcase classname="com.erudex.test.login.LoginTestApache" name="testLogin" time="0.328"/>
  <testcase classname="com.erudex.test.login.LoginTestApache" name="testLogin" time="0.352"/>
  <testcase classname="com.erudex.test.login.LoginTestApache" name="testLogin" time="0.351"/>
  <testcase classname="com.erudex.test.login.LoginTestApache" name="testLogin" time="0.343"/>
  <testcase classname="com.erudex.test.login.LoginTestApache" name="testLogin" time="0.302"/>
  <testcase classname="com.erudex.test.login.LoginTestApache" name="testLogin" time="0.361"/>
  <testcase classname="com.erudex.test.login.LoginTestApache" name="testLogin" time="0.374"/>
  <testcase classname="com.erudex.test.login.LoginTestApache" name="testLogin" time="0.327"/>
  <testcase classname="com.erudex.test.login.LoginTestApache" name="testLogin" time="0.369"/>
  <testcase classname="com.erudex.test.login.LoginTestApache" name="testLogin" time="0.347"/>
  <testcase classname="com.erudex.test.login.LoginTestApache" name="testLogin" time="0.347"/>
  <testcase classname="com.erudex.test.login.LoginTestApache" name="testLogin" time="0.357"/>
  <testcase classname="com.erudex.test.login.LoginTestApache" name="testLogin" time="0.304"/>
  <testcase classname="com.erudex.test.login.LoginTestApache" name="testLogin" time="0.345"/>
  <testcase classname="com.erudex.test.login.LoginTestApache" name="testLogin" time="0.347"/>
  <testcase classname="com.erudex.test.login.LoginTestApache" name="testLogin" time="0.311"/>
  <testcase classname="com.erudex.test.login.LoginTestApache" name="testLogin" time="0.315"/>
  <testcase classname="com.erudex.test.login.LoginTestApache" name="testLogin" time="0.35"/>
  <testcase classname="com.erudex.test.login.LoginTestApache" name="testLogin" time="0.353"/>
  <testcase classname="com.erudex.test.login.LoginTestApache" name="testLogin" time="0.319"/>
  <testcase classname="com.erudex.test.login.LoginTestApache" name="testLogin" time="0.366"/>
  <testcase classname="com.erudex.test.login.LoginTestApache" name="testLogin" time="0.304"/>
  <testcase classname="com.erudex.test.login.LoginTestApache" name="testLogin" time="0.317"/>
  <testcase classname="com.erudex.test.login.LoginTestApache" name="testLogin" time="0.317"/>
  <testcase classname="com.erudex.test.login.LoginTestApache" name="testLogin" time="0.322"/>
  <testcase classname="com.erudex.test.login.LoginTestApache" name="testLogin" time="0.334"/>
  <testcase classname="com.erudex.test.login.LoginTestApache" name="testLogin" time="0.365"/>
  <testcase classname="com.erudex.test.login.LoginTestApache" name="testLogin" time="0.314"/>
  <testcase classname="com.erudex.test.login.LoginTestApache" name="testLogin" time="0.318"/>
  <testcase classname="com.erudex.test.login.LoginTestApache" name="testLogin" time="0.375"/>
  <testcase classname="com.erudex.test.login.LoginTestApache" name="testLogin" time="0.366"/>
  <testcase classname="com.erudex.test.login.LoginTestApache" name="testLogin" time="0.317"/>
  <testcase classname="com.erudex.test.login.LoginTestApache" name="testLogin" time="0.317"/>
  <testcase classname="com.erudex.test.login.LoginTestApache" name="testLogin" time="0.308"/>
  <testcase classname="com.erudex.test.login.LoginTestApache" name="testLogin" time="0.369"/>
  <testcase classname="com.erudex.test.login.LoginTestApache" name="testLogin" time="0.744"/>
  <testcase classname="com.erudex.test.login.LoginTestApache" name="testLogin" time="0.337"/>
  <testcase classname="com.erudex.test.login.LoginTestApache" name="testLogin" time="0.337"/>
  <testcase classname="com.erudex.test.login.LoginTestApache" name="testLogin" time="0.343"/>
  <testcase classname="com.erudex.test.login.LoginTestApache" name="testLogin" time="0.344"/>
  <testcase classname="com.erudex.test.login.LoginTestApache" name="testLogin" time="0.351"/>
  <testcase classname="com.erudex.test.login.LoginTestApache" name="testLogin" time="0.344"/>
  <testcase classname="com.erudex.test.login.LoginTestApache" name="testLogin" time="0.356"/>
  <testcase classname="com.erudex.test.login.LoginTestApache" name="testLogin" time="0.35"/>
  <testcase classname="com.erudex.test.login.LoginTestApache" name="testLogin" time="0.308"/>
  <testcase classname="com.erudex.test.login.LoginTestApache" name="testLogin" time="0.341"/>
  <testcase classname="com.erudex.test.login.LoginTestApache" name="testLogin" time="0.352"/>
  <testcase classname="com.erudex.test.login.LoginTestApache" name="testLogin" time="0.302"/>
  <testcase classname="com.erudex.test.login.LoginTestApache" name="testLogin" time="0.305"/>
  <testcase classname="com.erudex.test.login.LoginTestApache" name="testLogin" time="0.305"/>
  <testcase classname="com.erudex.test.login.LoginTestApache" name="testLogin" time="0.351"/>
  <testcase classname="com.erudex.test.login.LoginTestApache" name="testLogin" time="0.357"/>
  <testcase classname="com.erudex.test.login.LoginTestApache" name="testLogin" time="0.311"/>
  <testcase classname="com.erudex.test.login.LoginTestApache" name="testLogin" time="0.338"/>
  <testcase classname="com.erudex.test.login.LoginTestApache" name="testLogin" time="0.316"/>
  <testcase classname="com.erudex.test.login.LoginTestApache" name="testLogin" time="0.339"/>
  <testcase classname="com.erudex.test.login.LoginTestApache" name="testLogin" time="0.333"/>
  <testcase classname="com.erudex.test.login.LoginTestApache" name="testLogin" time="0.348"/>
  <testcase classname="com.erudex.test.login.LoginTestApache" name="testLogin" time="0.326"/>
  <testcase classname="com.erudex.test.login.LoginTestApache" name="testLogin" time="0.316"/>
  <testcase classname="com.erudex.test.login.LoginTestApache" name="testLogin" time="0.329"/>
  <testcase classname="com.erudex.test.login.LoginTestApache" name="testLogin" time="0.413"/>
  <testcase classname="com.erudex.test.login.LoginTestApache" name="testLogin" time="0.383"/>
  <testcase classname="com.erudex.test.login.LoginTestApache" name="testLogin" time="0.349"/>
  <testcase classname="com.erudex.test.login.LoginTestApache" name="testLogin" time="0.404"/>
  <testcase classname="com.erudex.test.login.LoginTestApache" name="testLogin" time="0.358"/>
  <testcase classname="com.erudex.test.login.LoginTestApache" name="testLogin" time="0.35"/>
  <testcase classname="com.erudex.test.login.LoginTestApache" name="testLogin" time="0.353"/>
  <testcase classname="com.erudex.test.login.LoginTestApache" name="testLogin" time="0.305"/>
  <testcase classname="com.erudex.test.login.LoginTestApache" name="testLogin" time="0.311"/>
  <testcase classname="com.erudex.test.login.LoginTestApache" name="testLogin" time="0.332"/>
  <testcase classname="com.erudex.test.login.LoginTestApache" name="testLogin" time="0.341"/>
  <testcase classname="com.erudex.test.login.LoginTestApache" name="testLogin" time="0.341"/>
  <testcase classname="com.erudex.test.login.LoginTestApache" name="testLogin" time="0.347"/>
  <testcase classname="com.erudex.test.login.LoginTestApache" name="testLogin" time="0.356"/>
  <testcase classname="com.erudex.test.login.LoginTestApache" name="testLogin" time="0.313"/>
  <testcase classname="com.erudex.test.login.LoginTestApache" name="testLogin" time="0.313"/>
  <testcase classname="com.erudex.test.login.LoginTestApache" name="testLogin" time="0.315"/>
  <testcase classname="com.erudex.test.login.LoginTestApache" name="testLogin" time="0.316"/>
  <testcase classname="com.erudex.test.login.LoginTestApache" name="testLogin" time="0.336"/>
  <testcase classname="com.erudex.test.login.LoginTestApache" name="testLogin" time="0.352"/>
  <testcase classname="com.erudex.test.login.LoginTestApache" name="testLogin" time="0.344"/>
  <testcase classname="com.erudex.test.login.LoginTestApache" name="testLogin" time="0.352"/>
  <testcase classname="com.erudex.test.login.LoginTestApache" name="testLogin" time="0.347"/>
  <testcase classname="com.erudex.test.login.LoginTestApache" name="testLogin" time="0.347"/>
  <testcase classname="com.erudex.test.login.LoginTestApache" name="testLogin" time="0.35"/>
  <testcase classname="com.erudex.test.login.LoginTestApache" name="testLogin" time="0.32"/>
  <testcase classname="com.erudex.test.login.LoginTestApache" name="testLogin" time="0.319"/>
  <testcase classname="com.erudex.test.login.LoginTestApache" name="testLogin" time="0.314"/>
  <testcase classname="com.erudex.test.login.LoginTestApache" name="testLogin" time="0.303"/>
  <testcase classname="com.erudex.test.login.LoginTestApache" name="testLogin" time="0.309"/>
  <testcase classname="com.erudex.test.login.LoginTestApache" name="testLogin" time="0.35"/>
  <testcase classname="com.erudex.test.login.LoginTestApache" name="testLogin" time="0.355"/>
  <testcase classname="com.erudex.test.login.LoginTestApache" name="testLogin" time="0.313"/>
  <testcase classname="com.erudex.test.login.LoginTestApache" name="testLogin" time="0.705"/>
  <testcase classname="com.erudex.test.login.LoginTestApache" name="testLogin" time="0.752"/>
  <testcase classname="com.erudex.test.login.LoginTestApache" name="testLogin" time="0.316"/>
  <testcase classname="com.erudex.test.login.LoginTestApache" name="testLogin" time="0.333"/>
  <testcase classname="com.erudex.test.login.LoginTestApache" name="testLogin" time="0.339"/>
  <testcase classname="com.erudex.test.login.LoginTestApache" name="testLogin" time="0.348"/>
  <testcase classname="com.erudex.test.login.LoginTestApache" name="testLogin" time="0.338"/>
  <testcase classname="com.erudex.test.login.LoginTestApache" name="testLogin" time="0.333"/>
  <testcase classname="com.erudex.test.login.LoginTestApache" name="testLogin" time="0.337"/>
  <testcase classname="com.erudex.test.login.LoginTestApache" name="testLogin" time="0.351"/>
  <testcase classname="com.erudex.test.login.LoginTestApache" name="testLogin" time="0.347"/>
  <testcase classname="com.erudex.test.login.LoginTestApache" name="testLogin" time="0.34"/>
  <testcase classname="com.erudex.test.login.LoginTestApache" name="testLogin" time="0.301"/>
  <testcase classname="com.erudex.test.login.LoginTestApache" name="testLogin" time="0.347"/>
  <testcase classname="com.erudex.test.login.LoginTestApache" name="testLogin" time="0.348"/>
  <testcase classname="com.erudex.test.login.LoginTestApache" name="testLogin" time="0.356"/>
  <testcase classname="com.erudex.test.login.LoginTestApache" name="testLogin" time="0.358"/>
  <testcase classname="com.erudex.test.login.LoginTestApache" name="testLogin" time="0.309"/>
  <testcase classname="com.erudex.test.login.LoginTestApache" name="testLogin" time="0.356"/>
  <testcase classname="com.erudex.test.login.LoginTestApache" name="testLogin" time="0.313"/>
  <testcase classname="com.erudex.test.login.LoginTestApache" name="testLogin" time="0.351"/>
  <testcase classname="com.erudex.test.login.LoginTestApache" name="testLogin" time="0.309"/>
  <testcase classname="com.erudex.test.login.LoginTestApache" name="testLogin" time="0.313"/>
  <testcase classname="com.erudex.test.login.LoginTestApache" name="testLogin" time="0.304"/>
  <testcase classname="com.erudex.test.login.LoginTestApache" name="testLogin" time="0.349"/>
  <testcase classname="com.erudex.test.login.LoginTestApache" name="testLogin" time="0.319"/>
  <testcase classname="com.erudex.test.login.LoginTestApache" name="testLogin" time="0.357"/>
  <testcase classname="com.erudex.test.login.LoginTestApache" name="testLogin" time="0.348"/>
  <testcase classname="com.erudex.test.login.LoginTestApache" name="testLogin" time="0.359"/>
  <testcase classname="com.erudex.test.login.LoginTestApache" name="testLogin" time="0.31"/>
  <testcase classname="com.erudex.test.login.LoginTestApache" name="testLogin" time="0.309"/>
  <testcase classname="com.erudex.test.login.LoginTestApache" name="testLogin" time="0.357"/>
  <testcase classname="com.erudex.test.login.LoginTestApache" name="testLogin" time="0.349"/>
  <testcase classname="com.erudex.test.login.LoginTestApache" name="testLogin" time="0.335"/>
  <testcase classname="com.erudex.test.login.LoginTestApache" name="testLogin" time="0.345"/>
  <testcase classname="com.erudex.test.login.LoginTestApache" name="testLogin" time="0.303"/>
  <testcase classname="com.erudex.test.login.LoginTestApache" name="testLogin" time="0.304"/>
  <testcase classname="com.erudex.test.login.LoginTestApache" name="testLogin" time="0.353"/>
  <testcase classname="com.erudex.test.login.LoginTestApache" name="testLogin" time="0.314"/>
  <testcase classname="com.erudex.test.login.LoginTestApache" name="testLogin" time="0.36"/>
  <testcase classname="com.erudex.test.login.LoginTestApache" name="testLogin" time="0.363"/>
  <testcase classname="com.erudex.test.login.LoginTestApache" name="testLogin" time="0.313"/>
  <testcase classname="com.erudex.test.login.LoginTestApache" name="testLogin" time="0.349"/>
  <testcase classname="com.erudex.test.login.LoginTestApache" name="testLogin" time="0.353"/>
  <testcase classname="com.erudex.test.login.LoginTestApache" name="testLogin" time="0.347"/>
  <testcase classname="com.erudex.test.login.LoginTestApache" name="testLogin" time="0.345"/>
  <testcase classname="com.erudex.test.login.LoginTestApache" name="testLogin" time="0.344"/>
  <testcase classname="com.erudex.test.login.LoginTestApache" name="testLogin" time="0.35"/>
  <testcase classname="com.erudex.test.login.LoginTestApache" name="testLogin" time="0.308"/>
  <testcase classname="com.erudex.test.login.LoginTestApache" name="testLogin" time="0.309"/>
  <testcase classname="com.erudex.test.login.LoginTestApache" name="testLogin" time="0.305"/>
  <testcase classname="com.erudex.test.login.LoginTestApache" name="testLogin" time="0.307"/>
  <testcase classname="com.erudex.test.login.LoginTestApache" name="testLogin" time="0.352"/>
  <testcase classname="com.erudex.test.login.LoginTestApache" name="testLogin" time="0.354"/>
  <testcase classname="com.erudex.test.login.LoginTestApache" name="testLogin" time="0.357"/>
  <testcase classname="com.erudex.test.login.LoginTestApache" name="testLogin" time="0.318"/>
  <testcase classname="com.erudex.test.login.LoginTestApache" name="testLogin" time="0.75"/>
  <testcase classname="com.erudex.test.login.LoginTestApache" name="testLogin" time="0.313"/>
  <testcase classname="com.erudex.test.login.LoginTestApache" name="testLogin" time="0.341"/>
  <testcase classname="com.erudex.test.login.LoginTestApache" name="testLogin" time="0.352"/>
  <testcase classname="com.erudex.test.login.LoginTestApache" name="testLogin" time="0.353"/>
  <testcase classname="com.erudex.test.login.LoginTestApache" name="testLogin" time="0.359"/>
  <testcase classname="com.erudex.test.login.LoginTestApache" name="testLogin" time="0.357"/>
  <testcase classname="com.erudex.test.login.LoginTestApache" name="testLogin" time="0.354"/>
  <testcase classname="com.erudex.test.login.LoginTestApache" name="testLogin" time="0.311"/>
  <testcase classname="com.erudex.test.login.LoginTestApache" name="testLogin" time="0.372"/>
  <testcase classname="com.erudex.test.login.LoginTestApache" name="testLogin" time="0.321"/>
  <testcase classname="com.erudex.test.login.LoginTestApache" name="testLogin" time="0.327"/>
  <testcase classname="com.erudex.test.login.LoginTestApache" name="testLogin" time="0.321"/>
  <testcase classname="com.erudex.test.login.LoginTestApache" name="testLogin" time="0.341"/>
  <testcase classname="com.erudex.test.login.LoginTestApache" name="testLogin" time="0.381"/>
  <testcase classname="com.erudex.test.login.LoginTestApache" name="testLogin" time="0.334"/>
  <testcase classname="com.erudex.test.login.LoginTestApache" name="testLogin" time="0.323"/>
  <testcase classname="com.erudex.test.login.LoginTestApache" name="testLogin" time="0.355"/>
  <testcase classname="com.erudex.test.login.LoginTestApache" name="testLogin" time="0.345"/>
  <testcase classname="com.erudex.test.login.LoginTestApache" name="testLogin" time="0.36"/>
  <testcase classname="com.erudex.test.login.LoginTestApache" name="testLogin" time="0.704"/>
  <testcase classname="com.erudex.test.login.LoginTestApache" name="testLogin" time="0.353"/>
  <testcase classname="com.erudex.test.login.LoginTestApache" name="testLogin" time="0.367"/>
  <testcase classname="com.erudex.test.login.LoginTestApache" name="testLogin" time="0.31"/>
  <testcase classname="com.erudex.test.login.LoginTestApache" name="testLogin" time="0.31"/>
  <testcase classname="com.erudex.test.login.LoginTestApache" name="testLogin" time="0.308"/>
  <testcase classname="com.erudex.test.login.LoginTestApache" name="testLogin" time="0.315"/>
  <testcase classname="com.erudex.test.login.LoginTestApache" name="testLogin" time="0.307"/>
  <testcase classname="com.erudex.test.login.LoginTestApache" name="testLogin" time="0.305"/>
  <testcase classname="com.erudex.test.login.LoginTestApache" name="testLogin" time="0.303"/>
  <testcase classname="com.erudex.test.login.LoginTestApache" name="testLogin" time="0.351"/>
  <testcase classname="com.erudex.test.login.LoginTestApache" name="testLogin" time="0.379"/>
  <testcase classname="com.erudex.test.login.LoginTestApache" name="testLogin" time="0.397"/>
  <testcase classname="com.erudex.test.login.LoginTestApache" name="testLogin" time="0.347"/>
  <testcase classname="com.erudex.test.login.LoginTestApache" name="testLogin" time="0.354"/>
  <testcase classname="com.erudex.test.login.LoginTestApache" name="testLogin" time="0.36"/>
  <testcase classname="com.erudex.test.login.LoginTestApache" name="testLogin" time="0.357"/>
  <testcase classname="com.erudex.test.login.LoginTestApache" name="testLogin" time="0.316"/>
  <testcase classname="com.erudex.test.login.LoginTestApache" name="testLogin" time="0.364"/>
  <testcase classname="com.erudex.test.login.LoginTestApache" name="testLogin" time="0.358"/>
  <testcase classname="com.erudex.test.login.LoginTestApache" name="testLogin" time="0.348"/>
  <testcase classname="com.erudex.test.login.LoginTestApache" name="testLogin" time="0.355"/>
  <testcase classname="com.erudex.test.login.LoginTestApache" name="testLogin" time="0.358"/>
  <testcase classname="com.erudex.test.login.LoginTestApache" name="testLogin" time="0.354"/>
  <testcase classname="com.erudex.test.login.LoginTestApache" name="testLogin" time="0.311"/>
  <testcase classname="com.erudex.test.login.LoginTestApache" name="testLogin" time="0.303"/>
  <testcase classname="com.erudex.test.login.LoginTestApache" name="testLogin" time="0.365"/>
  <testcase classname="com.erudex.test.login.LoginTestApache" name="testLogin" time="0.357"/>
  <testcase classname="com.erudex.test.login.LoginTestApache" name="testLogin" time="0.355"/>
  <testcase classname="com.erudex.test.login.LoginTestApache" name="testLogin" time="0.301"/>
  <testcase classname="com.erudex.test.login.LoginTestApache" name="testLogin" time="0.348"/>
  <testcase classname="com.erudex.test.login.LoginTestApache" name="testLogin" time="0.339"/>
  <testcase classname="com.erudex.test.login.LoginTestApache" name="testLogin" time="0.312"/>
  <testcase classname="com.erudex.test.login.LoginTestApache" name="testLogin" time="0.311"/>
  <testcase classname="com.erudex.test.login.LoginTestApache" name="testLogin" time="0.341"/>
  <testcase classname="com.erudex.test.login.LoginTestApache" name="testLogin" time="0.356"/>
  <testcase classname="com.erudex.test.login.LoginTestApache" name="testLogin" time="0.355"/>
  <testcase classname="com.erudex.test.login.LoginTestApache" name="testLogin" time="0.309"/>
  <testcase classname="com.erudex.test.login.LoginTestApache" name="testLogin" time="0.365"/>
  <testcase classname="com.erudex.test.login.LoginTestApache" name="testLogin" time="0.371"/>
  <testcase classname="com.erudex.test.login.LoginTestApache" name="testLogin" time="0.321"/>
  <testcase classname="com.erudex.test.login.LoginTestApache" name="testLogin" time="0.304"/>
  <testcase classname="com.erudex.test.login.LoginTestApache" name="testLogin" time="0.328"/>
  <testcase classname="com.erudex.test.login.LoginTestApache" name="testLogin" time="0.32"/>
  <testcase classname="com.erudex.test.login.LoginTestApache" name="testLogin" time="0.314"/>
  <testcase classname="com.erudex.test.login.LoginTestApache" name="testLogin" time="0.305"/>
  <testcase classname="com.erudex.test.login.LoginTestApache" name="testLogin" time="0.316"/>
  <testcase classname="com.erudex.test.login.LoginTestApache" name="testLogin" time="0.329"/>
  <testcase classname="com.erudex.test.login.LoginTestApache" name="testLogin" time="0.363"/>
  <testcase classname="com.erudex.test.login.LoginTestApache" name="testLogin" time="0.364"/>
  <testcase classname="com.erudex.test.login.LoginTestApache" name="testLogin" time="0.348"/>
  <testcase classname="com.erudex.test.login.LoginTestApache" name="testLogin" time="0.354"/>
  <testcase classname="com.erudex.test.login.LoginTestApache" name="testLogin" time="0.355"/>
  <testcase classname="com.erudex.test.login.LoginTestApache" name="testLogin" time="0.361"/>
  <testcase classname="com.erudex.test.login.LoginTestApache" name="testLogin" time="0.347"/>
  <testcase classname="com.erudex.test.login.LoginTestApache" name="testLogin" time="0.312"/>
  <testcase classname="com.erudex.test.login.LoginTestApache" name="testLogin" time="0.355"/>
  <testcase classname="com.erudex.test.login.LoginTestApache" name="testLogin" time="0.357"/>
  <testcase classname="com.erudex.test.login.LoginTestApache" name="testLogin" time="0.36"/>
  <testcase classname="com.erudex.test.login.LoginTestApache" name="testLogin" time="0.362"/>
  <testcase classname="com.erudex.test.login.LoginTestApache" name="testLogin" time="0.363"/>
  <testcase classname="com.erudex.test.login.LoginTestApache" name="testLogin" time="0.336"/>
  <testcase classname="com.erudex.test.login.LoginTestApache" name="testLogin" time="0.302"/>
  <testcase classname="com.erudex.test.login.LoginTestApache" name="testLogin" time="0.357"/>
  <testcase classname="com.erudex.test.login.LoginTestApache" name="testLogin" time="0.309"/>
  <testcase classname="com.erudex.test.login.LoginTestApache" name="testLogin" time="0.308"/>
  <testcase classname="com.erudex.test.login.LoginTestApache" name="testLogin" time="0.354"/>
  <testcase classname="com.erudex.test.login.LoginTestApache" name="testLogin" time="0.315"/>
  <testcase classname="com.erudex.test.login.LoginTestApache" name="testLogin" time="0.35"/>
  <testcase classname="com.erudex.test.login.LoginTestApache" name="testLogin" time="0.341"/>
  <testcase classname="com.erudex.test.login.LoginTestApache" name="testLogin" time="0.317"/>
  <testcase classname="com.erudex.test.login.LoginTestApache" name="testLogin" time="0.313"/>
  <testcase classname="com.erudex.test.login.LoginTestApache" name="testLogin" time="0.359"/>
  <testcase classname="com.erudex.test.login.LoginTestApache" name="testLogin" time="0.308"/>
  <testcase classname="com.erudex.test.login.LoginTestApache" name="testLogin" time="0.311"/>
  <testcase classname="com.erudex.test.login.LoginTestApache" name="testLogin" time="0.313"/>
  <testcase classname="com.erudex.test.login.LoginTestApache" name="testLogin" time="0.353"/>
  <testcase classname="com.erudex.test.login.LoginTestApache" name="testLogin" time="0.353"/>
  <testcase classname="com.erudex.test.login.LoginTestApache" name="testLogin" time="0.361"/>
  <testcase classname="com.erudex.test.login.LoginTestApache" name="testLogin" time="0.349"/>
  <testcase classname="com.erudex.test.login.LoginTestApache" name="testLogin" time="0.356"/>
  <testcase classname="com.erudex.test.login.LoginTestApache" name="testLogin" time="0.323"/>
  <testcase classname="com.erudex.test.login.LoginTestApache" name="testLogin" time="0.36"/>
  <testcase classname="com.erudex.test.login.LoginTestApache" name="testLogin" time="0.319"/>
  <testcase classname="com.erudex.test.login.LoginTestApache" name="testLogin" time="0.349"/>
  <testcase classname="com.erudex.test.login.LoginTestApache" name="testLogin" time="0.309"/>
  <testcase classname="com.erudex.test.login.LoginTestApache" name="testLogin" time="0.306"/>
  <testcase classname="com.erudex.test.login.LoginTestApache" name="testLogin" time="0.313"/>
  <testcase classname="com.erudex.test.login.LoginTestApache" name="testLogin" time="0.363"/>
  <testcase classname="com.erudex.test.login.LoginTestApache" name="testLogin" time="0.351"/>
  <testcase classname="com.erudex.test.login.LoginTestApache" name="testLogin" time="0.372"/>
  <testcase classname="com.erudex.test.login.LoginTestApache" name="testLogin" time="0.332"/>
  <testcase classname="com.erudex.test.login.LoginTestApache" name="testLogin" time="0.34"/>
  <testcase classname="com.erudex.test.login.LoginTestApache" name="testLogin" time="0.34"/>
  <testcase classname="com.erudex.test.login.LoginTestApache" name="testLogin" time="0.362"/>
  <testcase classname="com.erudex.test.login.LoginTestApache" name="testLogin" time="0.351"/>
  <testcase classname="com.erudex.test.login.LoginTestApache" name="testLogin" time="0.346"/>
  <testcase classname="com.erudex.test.login.LoginTestApache" name="testLogin" time="0.355"/>
  <testcase classname="com.erudex.test.login.LoginTestApache" name="testLogin" time="0.352"/>
  <testcase classname="com.erudex.test.login.LoginTestApache" name="testLogin" time="0.327"/>
  <testcase classname="com.erudex.test.login.LoginTestApache" name="testLogin" time="0.322"/>
  <testcase classname="com.erudex.test.login.LoginTestApache" name="testLogin" time="0.304"/>
  <testcase classname="com.erudex.test.login.LoginTestApache" name="testLogin" time="0.323"/>
  <testcase classname="com.erudex.test.login.LoginTestApache" name="testLogin" time="0.313"/>
  <testcase classname="com.erudex.test.login.LoginTestApache" name="testLogin" time="0.362"/>
  <testcase classname="com.erudex.test.login.LoginTestApache" name="testLogin" time="0.309"/>
  <testcase classname="com.erudex.test.login.LoginTestApache" name="testLogin" time="0.309"/>
  <testcase classname="com.erudex.test.login.LoginTestApache" name="testLogin" time="0.316"/>
  <testcase classname="com.erudex.test.login.LoginTestApache" name="testLogin" time="0.317"/>
  <testcase classname="com.erudex.test.login.LoginTestApache" name="testLogin" time="0.366"/>
  <testcase classname="com.erudex.test.login.LoginTestApache" name="testLogin" time="0.344"/>
  <testcase classname="com.erudex.test.login.LoginTestApache" name="testLogin" time="0.322"/>
  <testcase classname="com.erudex.test.login.LoginTestApache" name="testLogin" time="0.357"/>
  <testcase classname="com.erudex.test.login.LoginTestApache" name="testLogin" time="0.36"/>
  <testcase classname="com.erudex.test.login.LoginTestApache" name="testLogin" time="0.361"/>
  <testcase classname="com.erudex.test.login.LoginTestApache" name="testLogin" time="0.365"/>
  <testcase classname="com.erudex.test.login.LoginTestApache" name="testLogin" time="0.352"/>
  <testcase classname="com.erudex.test.login.LoginTestApache" name="testLogin" time="0.346"/>
  <testcase classname="com.erudex.test.login.LoginTestApache" name="testLogin" time="0.348"/>
  <testcase classname="com.erudex.test.login.LoginTestApache" name="testLogin" time="0.346"/>
  <testcase classname="com.erudex.test.login.LoginTestApache" name="testLogin" time="0.362"/>
  <testcase classname="com.erudex.test.login.LoginTestApache" name="testLogin" time="0.309"/>
  <testcase classname="com.erudex.test.login.LoginTestApache" name="testLogin" time="0.35"/>
  <testcase classname="com.erudex.test.login.LoginTestApache" name="testLogin" time="0.351"/>
  <testcase classname="com.erudex.test.login.LoginTestApache" name="testLogin" time="0.359"/>
  <testcase classname="com.erudex.test.login.LoginTestApache" name="testLogin" time="0.311"/>
  <testcase classname="com.erudex.test.login.LoginTestApache" name="testLogin" time="0.357"/>
  <testcase classname="com.erudex.test.login.LoginTestApache" name="testLogin" time="0.357"/>
  <testcase classname="com.erudex.test.login.LoginTestApache" name="testLogin" time="0.349"/>
  <testcase classname="com.erudex.test.login.LoginTestApache" name="testLogin" time="0.352"/>
  <testcase classname="com.erudex.test.login.LoginTestApache" name="testLogin" time="0.369"/>
  <testcase classname="com.erudex.test.login.LoginTestApache" name="testLogin" time="0.326"/>
  <testcase classname="com.erudex.test.login.LoginTestApache" name="testLogin" time="0.349"/>
  <testcase classname="com.erudex.test.login.LoginTestApache" name="testLogin" time="0.347"/>
  <testcase classname="com.erudex.test.login.LoginTestApache" name="testLogin" time="0.356"/>
  <testcase classname="com.erudex.test.login.LoginTestApache" name="testLogin" time="0.341"/>
  <testcase classname="com.erudex.test.login.LoginTestApache" name="testLogin" time="0.31"/>
  <testcase classname="com.erudex.test.login.LoginTestApache" name="testLogin" time="0.359"/>
  <testcase classname="com.erudex.test.login.LoginTestApache" name="testLogin" time="0.307"/>
  <testcase classname="com.erudex.test.login.LoginTestApache" name="testLogin" time="0.361"/>
  <testcase classname="com.erudex.test.login.LoginTestApache" name="testLogin" time="0.352"/>
  <testcase classname="com.erudex.test.login.LoginTestApache" name="testLogin" time="0.35"/>
  <testcase classname="com.erudex.test.login.LoginTestApache" name="testLogin" time="0.307"/>
  <testcase classname="com.erudex.test.login.LoginTestApache" name="testLogin" time="0.355"/>
  <testcase classname="com.erudex.test.login.LoginTestApache" name="testLogin" time="0.353"/>
  <testcase classname="com.erudex.test.login.LoginTestApache" name="testLogin" time="0.339"/>
  <testcase classname="com.erudex.test.login.LoginTestApache" name="testLogin" time="0.35"/>
  <testcase classname="com.erudex.test.login.LoginTestApache" name="testLogin" time="0.31"/>
  <testcase classname="com.erudex.test.login.LoginTestApache" name="testLogin" time="0.362"/>
  <testcase classname="com.erudex.test.login.LoginTestApache" name="testLogin" time="0.313"/>
  <testcase classname="com.erudex.test.login.LoginTestApache" name="testLogin" time="0.345"/>
  <testcase classname="com.erudex.test.login.LoginTestApache" name="testLogin" time="0.357"/>
  <testcase classname="com.erudex.test.login.LoginTestApache" name="testLogin" time="0.357"/>
  <testcase classname="com.erudex.test.login.LoginTestApache" name="testLogin" time="0.303"/>
  <testcase classname="com.erudex.test.login.LoginTestApache" name="testLogin" time="0.336"/>
  <testcase classname="com.erudex.test.login.LoginTestApache" name="testLogin" time="0.3"/>
  <testcase classname="com.erudex.test.login.LoginTestApache" name="testLogin" time="0.345"/>
  <testcase classname="com.erudex.test.login.LoginTestApache" name="testLogin" time="0.341"/>
  <testcase classname="com.erudex.test.login.LoginTestApache" name="testLogin" time="0.344"/>
  <testcase classname="com.erudex.test.login.LoginTestApache" name="testLogin" time="0.343"/>
  <testcase classname="com.erudex.test.login.LoginTestApache" name="testLogin" time="0.336"/>
  <testcase classname="com.erudex.test.login.LoginTestApache" name="testLogin" time="0.365"/>
  <testcase classname="com.erudex.test.login.LoginTestApache" name="testLogin" time="0.349"/>
  <testcase classname="com.erudex.test.login.LoginTestApache" name="testLogin" time="0.358"/>
  <testcase classname="com.erudex.test.login.LoginTestApache" name="testLogin" time="0.305"/>
  <testcase classname="com.erudex.test.login.LoginTestApache" name="testLogin" time="0.304"/>
  <testcase classname="com.erudex.test.login.LoginTestApache" name="testLogin" time="0.35"/>
  <testcase classname="com.erudex.test.login.LoginTestApache" name="testLogin" time="0.346"/>
  <testcase classname="com.erudex.test.login.LoginTestApache" name="testLogin" time="0.314"/>
  <testcase classname="com.erudex.test.login.LoginTestApache" name="testLogin" time="0.31"/>
  <testcase classname="com.erudex.test.login.LoginTestApache" name="testLogin" time="0.359"/>
  <testcase classname="com.erudex.test.login.LoginTestApache" name="testLogin" time="0.346"/>
  <testcase classname="com.erudex.test.login.LoginTestApache" name="testLogin" time="0.346"/>
  <testcase classname="com.erudex.test.login.LoginTestApache" name="testLogin" time="0.313"/>
  <testcase classname="com.erudex.test.login.LoginTestApache" name="testLogin" time="0.357"/>
  <testcase classname="com.erudex.test.login.LoginTestApache" name="testLogin" time="0.349"/>
  <testcase classname="com.erudex.test.login.LoginTestApache" name="testLogin" time="0.334"/>
  <testcase classname="com.erudex.test.login.LoginTestApache" name="testLogin" time="0.361"/>
  <testcase classname="com.erudex.test.login.LoginTestApache" name="testLogin" time="0.348"/>
  <testcase classname="com.erudex.test.login.LoginTestApache" name="testLogin" time="0.294"/>
  <testcase classname="com.erudex.test.login.LoginTestApache" name="testLogin" time="0.361"/>
  <testcase classname="com.erudex.test.login.LoginTestApache" name="testLogin" time="0.346"/>
  <testcase classname="com.erudex.test.login.LoginTestApache" name="testLogin" time="0.304"/>
  <testcase classname="com.erudex.test.login.LoginTestApache" name="testLogin" time="0.312"/>
  <testcase classname="com.erudex.test.login.LoginTestApache" name="testLogin" time="0.346"/>
  <testcase classname="com.erudex.test.login.LoginTestApache" name="testLogin" time="0.35"/>
  <testcase classname="com.erudex.test.login.LoginTestApache" name="testLogin" time="0.361"/>
  <testcase classname="com.erudex.test.login.LoginTestApache" name="testLogin" time="0.354"/>
  <testcase classname="com.erudex.test.login.LoginTestApache" name="testLogin" time="0.35"/>
  <testcase classname="com.erudex.test.login.LoginTestApache" name="testLogin" time="0.354"/>
  <testcase classname="com.erudex.test.login.LoginTestApache" name="testLogin" time="0.337"/>
  <testcase classname="com.erudex.test.login.LoginTestApache" name="testLogin" time="0.409"/>
  <testcase classname="com.erudex.test.login.LoginTestApache" name="testLogin" time="0.351"/>
  <testcase classname="com.erudex.test.login.LoginTestApache" name="testLogin" time="0.347"/>
  <testcase classname="com.erudex.test.login.LoginTestApache" name="testLogin" time="0.313"/>
  <testcase classname="com.erudex.test.login.LoginTestApache" name="testLogin" time="0.342"/>
  <testcase classname="com.erudex.test.login.LoginTestApache" name="testLogin" time="0.343"/>
  <testcase classname="com.erudex.test.login.LoginTestApache" name="testLogin" time="0.349"/>
  <testcase classname="com.erudex.test.login.LoginTestApache" name="testLogin" time="0.317"/>
  <testcase classname="com.erudex.test.login.LoginTestApache" name="testLogin" time="0.357"/>
  <testcase classname="com.erudex.test.login.LoginTestApache" name="testLogin" time="0.354"/>
  <testcase classname="com.erudex.test.login.LoginTestApache" name="testLogin" time="0.324"/>
  <testcase classname="com.erudex.test.login.LoginTestApache" name="testLogin" time="0.312"/>
  <testcase classname="com.erudex.test.login.LoginTestApache" name="testLogin" time="0.32"/>
  <testcase classname="com.erudex.test.login.LoginTestApache" name="testLogin" time="0.373"/>
  <testcase classname="com.erudex.test.login.LoginTestApache" name="testLogin" time="0.347"/>
  <testcase classname="com.erudex.test.login.LoginTestApache" name="testLogin" time="0.311"/>
  <testcase classname="com.erudex.test.login.LoginTestApache" name="testLogin" time="0.317"/>
  <testcase classname="com.erudex.test.login.LoginTestApache" name="testLogin" time="0.352"/>
  <testcase classname="com.erudex.test.login.LoginTestApache" name="testLogin" time="0.425"/>
  <testcase classname="com.erudex.test.login.LoginTestApache" name="testLogin" time="0.417"/>
  <testcase classname="com.erudex.test.login.LoginTestApache" name="testLogin" time="0.311"/>
  <testcase classname="com.erudex.test.login.LoginTestApache" name="testLogin" time="0.318"/>
  <testcase classname="com.erudex.test.login.LoginTestApache" name="testLogin" time="0.305"/>
  <testcase classname="com.erudex.test.login.LoginTestApache" name="testLogin" time="0.314"/>
  <testcase classname="com.erudex.test.login.LoginTestApache" name="testLogin" time="0.336"/>
  <testcase classname="com.erudex.test.login.LoginTestApache" name="testLogin" time="0.365"/>
  <testcase classname="com.erudex.test.login.LoginTestApache" name="testLogin" time="0.342"/>
  <testcase classname="com.erudex.test.login.LoginTestApache" name="testLogin" time="0.35"/>
  <testcase classname="com.erudex.test.login.LoginTestApache" name="testLogin" time="0.338"/>
  <testcase classname="com.erudex.test.login.LoginTestApache" name="testLogin" time="0.35"/>
  <testcase classname="com.erudex.test.login.LoginTestApache" name="testLogin" time="0.327"/>
  <testcase classname="com.erudex.test.login.LoginTestApache" name="testLogin" time="0.362"/>
  <testcase classname="com.erudex.test.login.LoginTestApache" name="testLogin" time="0.351"/>
  <testcase classname="com.erudex.test.login.LoginTestApache" name="testLogin" time="0.362"/>
  <testcase classname="com.erudex.test.login.LoginTestApache" name="testLogin" time="0.347"/>
  <testcase classname="com.erudex.test.login.LoginTestApache" name="testLogin" time="0.357"/>
  <testcase classname="com.erudex.test.login.LoginTestApache" name="testLogin" time="0.349"/>
  <testcase classname="com.erudex.test.login.LoginTestApache" name="testLogin" time="0.36"/>
  <testcase classname="com.erudex.test.login.LoginTestApache" name="testLogin" time="0.304"/>
  <testcase classname="com.erudex.test.login.LoginTestApache" name="testLogin" time="0.297"/>
  <testcase classname="com.erudex.test.login.LoginTestApache" name="testLogin" time="0.306"/>
  <testcase classname="com.erudex.test.login.LoginTestApache" name="testLogin" time="0.345"/>
  <testcase classname="com.erudex.test.login.LoginTestApache" name="testLogin" time="0.355"/>
  <testcase classname="com.erudex.test.login.LoginTestApache" name="testLogin" time="0.301"/>
  <testcase classname="com.erudex.test.login.LoginTestApache" name="testLogin" time="0.358"/>
  <testcase classname="com.erudex.test.login.LoginTestApache" name="testLogin" time="0.348"/>
  <testcase classname="com.erudex.test.login.LoginTestApache" name="testLogin" time="0.324"/>
  <testcase classname="com.erudex.test.login.LoginTestApache" name="testLogin" time="0.345"/>
  <testcase classname="com.erudex.test.login.LoginTestApache" name="testLogin" time="0.332"/>
  <testcase classname="com.erudex.test.login.LoginTestApache" name="testLogin" time="0.344"/>
  <testcase classname="com.erudex.test.login.LoginTestApache" name="testLogin" time="0.312"/>
  <testcase classname="com.erudex.test.login.LoginTestApache" name="testLogin" time="0.36"/>
  <testcase classname="com.erudex.test.login.LoginTestApache" name="testLogin" time="0.314"/>
  <testcase classname="com.erudex.test.login.LoginTestApache" name="testLogin" time="0.333"/>
  <testcase classname="com.erudex.test.login.LoginTestApache" name="testLogin" time="0.342"/>
  <testcase classname="com.erudex.test.login.LoginTestApache" name="testLogin" time="0.299"/>
  <testcase classname="com.erudex.test.login.LoginTestApache" name="testLogin" time="0.364"/>
  <testcase classname="com.erudex.test.login.LoginTestApache" name="testLogin" time="0.345"/>
  <testcase classname="com.erudex.test.login.LoginTestApache" name="testLogin" time="0.298"/>
  <testcase classname="com.erudex.test.login.LoginTestApache" name="testLogin" time="0.31"/>
  <testcase classname="com.erudex.test.login.LoginTestApache" name="testLogin" time="0.351"/>
  <testcase classname="com.erudex.test.login.LoginTestApache" name="testLogin" time="0.349"/>
  <testcase classname="com.erudex.test.login.LoginTestApache" name="testLogin" time="0.304"/>
  <testcase classname="com.erudex.test.login.LoginTestApache" name="testLogin" time="0.358"/>
  <testcase classname="com.erudex.test.login.LoginTestApache" name="testLogin" time="0.349"/>
  <testcase classname="com.erudex.test.login.LoginTestApache" name="testLogin" time="0.342"/>
  <testcase classname="com.erudex.test.login.LoginTestApache" name="testLogin" time="0.363"/>
  <testcase classname="com.erudex.test.login.LoginTestApache" name="testLogin" time="0.346"/>
  <testcase classname="com.erudex.test.login.LoginTestApache" name="testLogin" time="0.345"/>
  <testcase classname="com.erudex.test.login.LoginTestApache" name="testLogin" time="0.347"/>
  <testcase classname="com.erudex.test.login.LoginTestApache" name="testLogin" time="0.34"/>
  <testcase classname="com.erudex.test.login.LoginTestApache" name="testLogin" time="0.303"/>
  <testcase classname="com.erudex.test.login.LoginTestApache" name="testLogin" time="0.309"/>
  <testcase classname="com.erudex.test.login.LoginTestApache" name="testLogin" time="0.35"/>
  <testcase classname="com.erudex.test.login.LoginTestApache" name="testLogin" time="0.323"/>
  <testcase classname="com.erudex.test.login.LoginTestApache" name="testLogin" time="0.317"/>
  <testcase classname="com.erudex.test.login.LoginTestApache" name="testLogin" time="0.37"/>
  <testcase classname="com.erudex.test.login.LoginTestApache" name="testLogin" time="0.348"/>
  <testcase classname="com.erudex.test.login.LoginTestApache" name="testLogin" time="0.339"/>
  <testcase classname="com.erudex.test.login.LoginTestApache" name="testLogin" time="0.355"/>
  <testcase classname="com.erudex.test.login.LoginTestApache" name="testLogin" time="0.36"/>
  <testcase classname="com.erudex.test.login.LoginTestApache" name="testLogin" time="0.356"/>
  <testcase classname="com.erudex.test.login.LoginTestApache" name="testLogin" time="0.355"/>
  <testcase classname="com.erudex.test.login.LoginTestApache" name="testLogin" time="0.321"/>
  <testcase classname="com.erudex.test.login.LoginTestApache" name="testLogin" time="0.357"/>
  <testcase classname="com.erudex.test.login.LoginTestApache" name="testLogin" time="0.344"/>
  <testcase classname="com.erudex.test.login.LoginTestApache" name="testLogin" time="0.318"/>
  <testcase classname="com.erudex.test.login.LoginTestApache" name="testLogin" time="0.354"/>
  <testcase classname="com.erudex.test.login.LoginTestApache" name="testLogin" time="0.341"/>
  <testcase classname="com.erudex.test.login.LoginTestApache" name="testLogin" time="0.352"/>
  <testcase classname="com.erudex.test.login.LoginTestApache" name="testLogin" time="0.366"/>
  <testcase classname="com.erudex.test.login.LoginTestApache" name="testLogin" time="0.332"/>
  <testcase classname="com.erudex.test.login.LoginTestApache" name="testLogin" time="0.377"/>
  <testcase classname="com.erudex.test.login.LoginTestApache" name="testLogin" time="0.343"/>
  <testcase classname="com.erudex.test.login.LoginTestApache" name="testLogin" time="0.387"/>
  <testcase classname="com.erudex.test.login.LoginTestApache" name="testLogin" time="0.379"/>
  <testcase classname="com.erudex.test.login.LoginTestApache" name="testLogin" time="0.382"/>
  <testcase classname="com.erudex.test.login.LoginTestApache" name="testLogin" time="0.356"/>
  <testcase classname="com.erudex.test.login.LoginTestApache" name="testLogin" time="0.303"/>
  <testcase classname="com.erudex.test.login.LoginTestApache" name="testLogin" time="0.347"/>
  <testcase classname="com.erudex.test.login.LoginTestApache" name="testLogin" time="0.339"/>
  <testcase classname="com.erudex.test.login.LoginTestApache" name="testLogin" time="0.346"/>
  <testcase classname="com.erudex.test.login.LoginTestApache" name="testLogin" time="0.336"/>
  <testcase classname="com.erudex.test.login.LoginTestApache" name="testLogin" time="0.341"/>
  <testcase classname="com.erudex.test.login.LoginTestApache" name="testLogin" time="0.318"/>
  <testcase classname="com.erudex.test.login.LoginTestApache" name="testLogin" time="0.34"/>
  <testcase classname="com.erudex.test.login.LoginTestApache" name="testLogin" time="0.354"/>
  <testcase classname="com.erudex.test.login.LoginTestApache" name="testLogin" time="0.34"/>
  <testcase classname="com.erudex.test.login.LoginTestApache" name="testLogin" time="0.342"/>
  <testcase classname="com.erudex.test.login.LoginTestApache" name="testLogin" time="0.305"/>
  <testcase classname="com.erudex.test.login.LoginTestApache" name="testLogin" time="0.307"/>
  <testcase classname="com.erudex.test.login.LoginTestApache" name="testLogin" time="0.305"/>
  <testcase classname="com.erudex.test.login.LoginTestApache" name="testLogin" time="0.309"/>
  <testcase classname="com.erudex.test.login.LoginTestApache" name="testLogin" time="0.301"/>
  <testcase classname="com.erudex.test.login.LoginTestApache" name="testLogin" time="0.304"/>
  <testcase classname="com.erudex.test.login.LoginTestApache" name="testLogin" time="0.3"/>
  <testcase classname="com.erudex.test.login.LoginTestApache" name="testLogin" time="0.356"/>
  <testcase classname="com.erudex.test.login.LoginTestApache" name="testLogin" time="0.319"/>
  <testcase classname="com.erudex.test.login.LoginTestApache" name="testLogin" time="0.315"/>
  <testcase classname="com.erudex.test.login.LoginTestApache" name="testLogin" time="0.31"/>
  <testcase classname="com.erudex.test.login.LoginTestApache" name="testLogin" time="0.311"/>
  <testcase classname="com.erudex.test.login.LoginTestApache" name="testLogin" time="0.318"/>
  <testcase classname="com.erudex.test.login.LoginTestApache" name="testLogin" time="0.369"/>
  <testcase classname="com.erudex.test.login.LoginTestApache" name="testLogin" time="0.373"/>
  <testcase classname="com.erudex.test.login.LoginTestApache" name="testLogin" time="0.37"/>
  <testcase classname="com.erudex.test.login.LoginTestApache" name="testLogin" time="0.41"/>
  <testcase classname="com.erudex.test.login.LoginTestApache" name="testLogin" time="0.409"/>
  <testcase classname="com.erudex.test.login.LoginTestApache" name="testLogin" time="0.399"/>
  <testcase classname="com.erudex.test.login.LoginTestApache" name="testLogin" time="0.434"/>
  <testcase classname="com.erudex.test.login.LoginTestApache" name="testLogin" time="0.318"/>
  <testcase classname="com.erudex.test.login.LoginTestApache" name="testLogin" time="0.464"/>
  <testcase classname="com.erudex.test.login.LoginTestApache" name="testLogin" time="0.358"/>
  <testcase classname="com.erudex.test.login.LoginTestApache" name="testLogin" time="0.307"/>
  <testcase classname="com.erudex.test.login.LoginTestApache" name="testLogin" time="0.309"/>
  <testcase classname="com.erudex.test.login.LoginTestApache" name="testLogin" time="0.302"/>
  <testcase classname="com.erudex.test.login.LoginTestApache" name="testLogin" time="0.355"/>
  <testcase classname="com.erudex.test.login.LoginTestApache" name="testLogin" time="0.338"/>
  <testcase classname="com.erudex.test.login.LoginTestApache" name="testLogin" time="0.309"/>
  <testcase classname="com.erudex.test.login.LoginTestApache" name="testLogin" time="0.347"/>
  <testcase classname="com.erudex.test.login.LoginTestApache" name="testLogin" time="0.351"/>
  <testcase classname="com.erudex.test.login.LoginTestApache" name="testLogin" time="0.36"/>
  <testcase classname="com.erudex.test.login.LoginTestApache" name="testLogin" time="0.312"/>
  <testcase classname="com.erudex.test.login.LoginTestApache" name="testLogin" time="0.36"/>
  <testcase classname="com.erudex.test.login.LoginTestApache" name="testLogin" time="0.313"/>
  <testcase classname="com.erudex.test.login.LoginTestApache" name="testLogin" time="0.357"/>
  <testcase classname="com.erudex.test.login.LoginTestApache" name="testLogin" time="0.342"/>
  <testcase classname="com.erudex.test.login.LoginTestApache" name="testLogin" time="0.31"/>
  <testcase classname="com.erudex.test.login.LoginTestApache" name="testLogin" time="0.734"/>
  <testcase classname="com.erudex.test.login.LoginTestApache" name="testLogin" time="0.359"/>
  <testcase classname="com.erudex.test.login.LoginTestApache" name="testLogin" time="0.349"/>
  <testcase classname="com.erudex.test.login.LoginTestApache" name="testLogin" time="0.308"/>
  <testcase classname="com.erudex.test.login.LoginTestApache" name="testLogin" time="0.319"/>
  <testcase classname="com.erudex.test.login.LoginTestApache" name="testLogin" time="0.311"/>
  <testcase classname="com.erudex.test.login.LoginTestApache" name="testLogin" time="0.36"/>
  <testcase classname="com.erudex.test.login.LoginTestApache" name="testLogin" time="0.352"/>
  <testcase classname="com.erudex.test.login.LoginTestApache" name="testLogin" time="0.309"/>
  <testcase classname="com.erudex.test.login.LoginTestApache" name="testLogin" time="0.324"/>
  <testcase classname="com.erudex.test.login.LoginTestApache" name="testLogin" time="0.353"/>
  <testcase classname="com.erudex.test.login.LoginTestApache" name="testLogin" time="0.352"/>
  <testcase classname="com.erudex.test.login.LoginTestApache" name="testLogin" time="0.357"/>
  <testcase classname="com.erudex.test.login.LoginTestApache" name="testLogin" time="0.343"/>
  <testcase classname="com.erudex.test.login.LoginTestApache" name="testLogin" time="0.308"/>
  <testcase classname="com.erudex.test.login.LoginTestApache" name="testLogin" time="0.303"/>
  <testcase classname="com.erudex.test.login.LoginTestApache" name="testLogin" time="0.335"/>
  <testcase classname="com.erudex.test.login.LoginTestApache" name="testLogin" time="0.3"/>
  <testcase classname="com.erudex.test.login.LoginTestApache" name="testLogin" time="0.348"/>
  <testcase classname="com.erudex.test.login.LoginTestApache" name="testLogin" time="0.344"/>
  <testcase classname="com.erudex.test.login.LoginTestApache" name="testLogin" time="0.295"/>
  <testcase classname="com.erudex.test.login.LoginTestApache" name="testLogin" time="0.3"/>
  <testcase classname="com.erudex.test.login.LoginTestApache" name="testLogin" time="0.348"/>
  <testcase classname="com.erudex.test.login.LoginTestApache" name="testLogin" time="0.35"/>
  <testcase classname="com.erudex.test.login.LoginTestApache" name="testLogin" time="0.343"/>
  <testcase classname="com.erudex.test.login.LoginTestApache" name="testLogin" time="0.351"/>
  <testcase classname="com.erudex.test.login.LoginTestApache" name="testLogin" time="0.356"/>
  <testcase classname="com.erudex.test.login.LoginTestApache" name="testLogin" time="0.351"/>
  <testcase classname="com.erudex.test.login.LoginTestApache" name="testLogin" time="0.343"/>
  <testcase classname="com.erudex.test.login.LoginTestApache" name="testLogin" time="0.348"/>
  <testcase classname="com.erudex.test.login.LoginTestApache" name="testLogin" time="0.351"/>
  <testcase classname="com.erudex.test.login.LoginTestApache" name="testLogin" time="0.345"/>
  <testcase classname="com.erudex.test.login.LoginTestApache" name="testLogin" time="0.347"/>
  <testcase classname="com.erudex.test.login.LoginTestApache" name="testLogin" time="0.297"/>
  <testcase classname="com.erudex.test.login.LoginTestApache" name="testLogin" time="0.306"/>
  <testcase classname="com.erudex.test.login.LoginTestApache" name="testLogin" time="0.354"/>
  <testcase classname="com.erudex.test.login.LoginTestApache" name="testLogin" time="0.339"/>
  <testcase classname="com.erudex.test.login.LoginTestApache" name="testLogin" time="0.305"/>
  <testcase classname="com.erudex.test.login.LoginTestApache" name="testLogin" time="0.343"/>
  <testcase classname="com.erudex.test.login.LoginTestApache" name="testLogin" time="0.339"/>
  <testcase classname="com.erudex.test.login.LoginTestApache" name="testLogin" time="0.301"/>
  <testcase classname="com.erudex.test.login.LoginTestApache" name="testLogin" time="0.295"/>
  <testcase classname="com.erudex.test.login.LoginTestApache" name="testLogin" time="0.332"/>
  <testcase classname="com.erudex.test.login.LoginTestApache" name="testLogin" time="0.34"/>
  <testcase classname="com.erudex.test.login.LoginTestApache" name="testLogin" time="0.315"/>
  <testcase classname="com.erudex.test.login.LoginTestApache" name="testLogin" time="0.328"/>
  <testcase classname="com.erudex.test.login.LoginTestApache" name="testLogin" time="0.337"/>
  <testcase classname="com.erudex.test.login.LoginTestApache" name="testLogin" time="0.353"/>
  <testcase classname="com.erudex.test.login.LoginTestApache" name="testLogin" time="0.345"/>
  <testcase classname="com.erudex.test.login.LoginTestApache" name="testLogin" time="0.345"/>
  <testcase classname="com.erudex.test.login.LoginTestApache" name="testLogin" time="0.307"/>
  <testcase classname="com.erudex.test.login.LoginTestApache" name="testLogin" time="0.342"/>
  <testcase classname="com.erudex.test.login.LoginTestApache" name="testLogin" time="0.345"/>
  <testcase classname="com.erudex.test.login.LoginTestApache" name="testLogin" time="0.337"/>
  <testcase classname="com.erudex.test.login.LoginTestApache" name="testLogin" time="0.341"/>
  <testcase classname="com.erudex.test.login.LoginTestApache" name="testLogin" time="0.31"/>
  <testcase classname="com.erudex.test.login.LoginTestApache" name="testLogin" time="0.311"/>
  <testcase classname="com.erudex.test.login.LoginTestApache" name="testLogin" time="0.33"/>
  <testcase classname="com.erudex.test.login.LoginTestApache" name="testLogin" time="0.346"/>
  <testcase classname="com.erudex.test.login.LoginTestApache" name="testLogin" time="0.351"/>
  <testcase classname="com.erudex.test.login.LoginTestApache" name="testLogin" time="0.344"/>
  <testcase classname="com.erudex.test.login.LoginTestApache" name="testLogin" time="0.316"/>
  <testcase classname="com.erudex.test.login.LoginTestApache" name="testLogin" time="0.349"/>
  <testcase classname="com.erudex.test.login.LoginTestApache" name="testLogin" time="0.307"/>
  <testcase classname="com.erudex.test.login.LoginTestApache" name="testLogin" time="0.356"/>
  <testcase classname="com.erudex.test.login.LoginTestApache" name="testLogin" time="0.305"/>
  <testcase classname="com.erudex.test.login.LoginTestApache" name="testLogin" time="0.345"/>
  <testcase classname="com.erudex.test.login.LoginTestApache" name="testLogin" time="0.354"/>
  <testcase classname="com.erudex.test.login.LoginTestApache" name="testLogin" time="0.338"/>
  <testcase classname="com.erudex.test.login.LoginTestApache" name="testLogin" time="0.341"/>
  <testcase classname="com.erudex.test.login.LoginTestApache" name="testLogin" time="0.349"/>
  <testcase classname="com.erudex.test.login.LoginTestApache" name="testLogin" time="0.37"/>
  <testcase classname="com.erudex.test.login.LoginTestApache" name="testLogin" time="0.354"/>
  <testcase classname="com.erudex.test.login.LoginTestApache" name="testLogin" time="0.304"/>
  <testcase classname="com.erudex.test.login.LoginTestApache" name="testLogin" time="0.314"/>
  <testcase classname="com.erudex.test.login.LoginTestApache" name="testLogin" time="0.315"/>
  <testcase classname="com.erudex.test.login.LoginTestApache" name="testLogin" time="0.322"/>
  <testcase classname="com.erudex.test.login.LoginTestApache" name="testLogin" time="0.316"/>
  <testcase classname="com.erudex.test.login.LoginTestApache" name="testLogin" time="0.344"/>
  <testcase classname="com.erudex.test.login.LoginTestApache" name="testLogin" time="0.353"/>
  <testcase classname="com.erudex.test.login.LoginTestApache" name="testLogin" time="0.35"/>
  <testcase classname="com.erudex.test.login.LoginTestApache" name="testLogin" time="0.338"/>
  <testcase classname="com.erudex.test.login.LoginTestApache" name="testLogin" time="0.4"/>
  <testcase classname="com.erudex.test.login.LoginTestApache" name="testLogin" time="0.345"/>
  <testcase classname="com.erudex.test.login.LoginTestApache" name="testLogin" time="0.408"/>
  <testcase classname="com.erudex.test.login.LoginTestApache" name="testLogin" time="0.357"/>
  <testcase classname="com.erudex.test.login.LoginTestApache" name="testLogin" time="0.331"/>
  <testcase classname="com.erudex.test.login.LoginTestApache" name="testLogin" time="0.392"/>
  <testcase classname="com.erudex.test.login.LoginTestApache" name="testLogin" time="0.388"/>
  <testcase classname="com.erudex.test.login.LoginTestApache" name="testLogin" time="0.345"/>
  <testcase classname="com.erudex.test.login.LoginTestApache" name="testLogin" time="0.351"/>
  <testcase classname="com.erudex.test.login.LoginTestApache" name="testLogin" time="0.369"/>
  <testcase classname="com.erudex.test.login.LoginTestApache" name="testLogin" time="0.355"/>
  <testcase classname="com.erudex.test.login.LoginTestApache" name="testLogin" time="0.312"/>
  <testcase classname="com.erudex.test.login.LoginTestApache" name="testLogin" time="0.364"/>
  <testcase classname="com.erudex.test.login.LoginTestApache" name="testLogin" time="0.357"/>
  <testcase classname="com.erudex.test.login.LoginTestApache" name="testLogin" time="0.336"/>
  <testcase classname="com.erudex.test.login.LoginTestApache" name="testLogin" time="0.352"/>
  <testcase classname="com.erudex.test.login.LoginTestApache" name="testLogin" time="0.362"/>
  <testcase classname="com.erudex.test.login.LoginTestApache" name="testLogin" time="0.312"/>
  <testcase classname="com.erudex.test.login.LoginTestApache" name="testLogin" time="0.357"/>
  <testcase classname="com.erudex.test.login.LoginTestApache" name="testLogin" time="0.351"/>
  <testcase classname="com.erudex.test.login.LoginTestApache" name="testLogin" time="0.39"/>
  <testcase classname="com.erudex.test.login.LoginTestApache" name="testLogin" time="0.356"/>
  <testcase classname="com.erudex.test.login.LoginTestApache" name="testLogin" time="0.361"/>
  <testcase classname="com.erudex.test.login.LoginTestApache" name="testLogin" time="0.372"/>
  <testcase classname="com.erudex.test.login.LoginTestApache" name="testLogin" time="0.329"/>
  <testcase classname="com.erudex.test.login.LoginTestApache" name="testLogin" time="0.303"/>
  <testcase classname="com.erudex.test.login.LoginTestApache" name="testLogin" time="0.345"/>
  <testcase classname="com.erudex.test.login.LoginTestApache" name="testLogin" time="0.365"/>
  <testcase classname="com.erudex.test.login.LoginTestApache" name="testLogin" time="0.341"/>
  <testcase classname="com.erudex.test.login.LoginTestApache" name="testLogin" time="0.341"/>
  <testcase classname="com.erudex.test.login.LoginTestApache" name="testLogin" time="0.293"/>
  <testcase classname="com.erudex.test.login.LoginTestApache" name="testLogin" time="0.303"/>
  <testcase classname="com.erudex.test.login.LoginTestApache" name="testLogin" time="0.352"/>
  <testcase classname="com.erudex.test.login.LoginTestApache" name="testLogin" time="0.356"/>
  <testcase classname="com.erudex.test.login.LoginTestApache" name="testLogin" time="0.352"/>
  <testcase classname="com.erudex.test.login.LoginTestApache" name="testLogin" time="0.316"/>
  <testcase classname="com.erudex.test.login.LoginTestApache" name="testLogin" time="0.353"/>
  <testcase classname="com.erudex.test.login.LoginTestApache" name="testLogin" time="0.355"/>
  <testcase classname="com.erudex.test.login.LoginTestApache" name="testLogin" time="0.298"/>
  <testcase classname="com.erudex.test.login.LoginTestApache" name="testLogin" time="0.35"/>
  <testcase classname="com.erudex.test.login.LoginTestApache" name="testLogin" time="0.348"/>
  <testcase classname="com.erudex.test.login.LoginTestApache" name="testLogin" time="0.338"/>
  <testcase classname="com.erudex.test.login.LoginTestApache" name="testLogin" time="0.308"/>
  <testcase classname="com.erudex.test.login.LoginTestApache" name="testLogin" time="0.346"/>
  <testcase classname="com.erudex.test.login.LoginTestApache" name="testLogin" time="0.299"/>
  <testcase classname="com.erudex.test.login.LoginTestApache" name="testLogin" time="0.345"/>
  <testcase classname="com.erudex.test.login.LoginTestApache" name="testLogin" time="0.362"/>
  <testcase classname="com.erudex.test.login.LoginTestApache" name="testLogin" time="0.301"/>
  <testcase classname="com.erudex.test.login.LoginTestApache" name="testLogin" time="0.308"/>
  <testcase classname="com.erudex.test.login.LoginTestApache" name="testLogin" time="0.314"/>
  <testcase classname="com.erudex.test.login.LoginTestApache" name="testLogin" time="0.364"/>
  <testcase classname="com.erudex.test.login.LoginTestApache" name="testLogin" time="0.335"/>
  <testcase classname="com.erudex.test.login.LoginTestApache" name="testLogin" time="0.36"/>
  <testcase classname="com.erudex.test.login.LoginTestApache" name="testLogin" time="0.298"/>
  <testcase classname="com.erudex.test.login.LoginTestApache" name="testLogin" time="0.302"/>
  <testcase classname="com.erudex.test.login.LoginTestApache" name="testLogin" time="0.36"/>
  <testcase classname="com.erudex.test.login.LoginTestApache" name="testLogin" time="0.359"/>
  <testcase classname="com.erudex.test.login.LoginTestApache" name="testLogin" time="0.364"/>
  <testcase classname="com.erudex.test.login.LoginTestApache" name="testLogin" time="0.34"/>
  <testcase classname="com.erudex.test.login.LoginTestApache" name="testLogin" time="0.352"/>
  <testcase classname="com.erudex.test.login.LoginTestApache" name="testLogin" time="0.315"/>
  <testcase classname="com.erudex.test.login.LoginTestApache" name="testLogin" time="0.338"/>
  <testcase classname="com.erudex.test.login.LoginTestApache" name="testLogin" time="0.306"/>
  <testcase classname="com.erudex.test.login.LoginTestApache" name="testLogin" time="0.337"/>
  <testcase classname="com.erudex.test.login.LoginTestApache" name="testLogin" time="0.348"/>
  <testcase classname="com.erudex.test.login.LoginTestApache" name="testLogin" time="0.344"/>
  <testcase classname="com.erudex.test.login.LoginTestApache" name="testLogin" time="0.304"/>
  <testcase classname="com.erudex.test.login.LoginTestApache" name="testLogin" time="0.353"/>
  <testcase classname="com.erudex.test.login.LoginTestApache" name="testLogin" time="0.304"/>
  <testcase classname="com.erudex.test.login.LoginTestApache" name="testLogin" time="0.307"/>
  <testcase classname="com.erudex.test.login.LoginTestApache" name="testLogin" time="0.303"/>
  <testcase classname="com.erudex.test.login.LoginTestApache" name="testLogin" time="0.309"/>
  <testcase classname="com.erudex.test.login.LoginTestApache" name="testLogin" time="0.35"/>
  <testcase classname="com.erudex.test.login.LoginTestApache" name="testLogin" time="0.358"/>
  <testcase classname="com.erudex.test.login.LoginTestApache" name="testLogin" time="0.305"/>
  <testcase classname="com.erudex.test.login.LoginTestApache" name="testLogin" time="0.355"/>
  <testcase classname="com.erudex.test.login.LoginTestApache" name="testLogin" time="0.35"/>
  <testcase classname="com.erudex.test.login.LoginTestApache" name="testLogin" time="0.308"/>
  <testcase classname="com.erudex.test.login.LoginTestApache" name="testLogin" time="0.343"/>
  <testcase classname="com.erudex.test.login.LoginTestApache" name="testLogin" time="0.34"/>
  <testcase classname="com.erudex.test.login.LoginTestApache" name="testLogin" time="0.337"/>
  <testcase classname="com.erudex.test.login.LoginTestApache" name="testLogin" time="0.348"/>
  <testcase classname="com.erudex.test.login.LoginTestApache" name="testLogin" time="0.311"/>
  <testcase classname="com.erudex.test.login.LoginTestApache" name="testLogin" time="0.339"/>
  <testcase classname="com.erudex.test.login.LoginTestApache" name="testLogin" time="0.343"/>
  <testcase classname="com.erudex.test.login.LoginTestApache" name="testLogin" time="0.343"/>
  <testcase classname="com.erudex.test.login.LoginTestApache" name="testLogin" time="0.351"/>
  <testcase classname="com.erudex.test.login.LoginTestApache" name="testLogin" time="0.366"/>
  <testcase classname="com.erudex.test.login.LoginTestApache" name="testLogin" time="0.31"/>
  <testcase classname="com.erudex.test.login.LoginTestApache" name="testLogin" time="0.305"/>
  <testcase classname="com.erudex.test.login.LoginTestApache" name="testLogin" time="0.348"/>
  <testcase classname="com.erudex.test.login.LoginTestApache" name="testLogin" time="0.349"/>
  <testcase classname="com.erudex.test.login.LoginTestApache" name="testLogin" time="0.31"/>
  <testcase classname="com.erudex.test.login.LoginTestApache" name="testLogin" time="0.35"/>
  <testcase classname="com.erudex.test.login.LoginTestApache" name="testLogin" time="0.354"/>
  <testcase classname="com.erudex.test.login.LoginTestApache" name="testLogin" time="0.355"/>
  <testcase classname="com.erudex.test.login.LoginTestApache" name="testLogin" time="0.341"/>
  <testcase classname="com.erudex.test.login.LoginTestApache" name="testLogin" time="0.353"/>
  <testcase classname="com.erudex.test.login.LoginTestApache" name="testLogin" time="0.3"/>
  <testcase classname="com.erudex.test.login.LoginTestApache" name="testLogin" time="0.352"/>
  <testcase classname="com.erudex.test.login.LoginTestApache" name="testLogin" time="0.351"/>
  <testcase classname="com.erudex.test.login.LoginTestApache" name="testLogin" time="0.353"/>
  <testcase classname="com.erudex.test.login.LoginTestApache" name="testLogin" time="0.344"/>
  <testcase classname="com.erudex.test.login.LoginTestApache" name="testLogin" time="0.344"/>
  <testcase classname="com.erudex.test.login.LoginTestApache" name="testLogin" time="0.306"/>
  <testcase classname="com.erudex.test.login.LoginTestApache" name="testLogin" time="0.353"/>
  <testcase classname="com.erudex.test.login.LoginTestApache" name="testLogin" time="0.356"/>
  <testcase classname="com.erudex.test.login.LoginTestApache" name="testLogin" time="0.357"/>
  <testcase classname="com.erudex.test.login.LoginTestApache" name="testLogin" time="0.326"/>
  <testcase classname="com.erudex.test.login.LoginTestApache" name="testLogin" time="0.359"/>
  <testcase classname="com.erudex.test.login.LoginTestApache" name="testLogin" time="0.311"/>
  <testcase classname="com.erudex.test.login.LoginTestApache" name="testLogin" time="0.342"/>
  <testcase classname="com.erudex.test.login.LoginTestApache" name="testLogin" time="0.345"/>
  <testcase classname="com.erudex.test.login.LoginTestApache" name="testLogin" time="0.337"/>
  <testcase classname="com.erudex.test.login.LoginTestApache" name="testLogin" time="0.441"/>
  <testcase classname="com.erudex.test.login.LoginTestApache" name="testLogin" time="0.455"/>
  <testcase classname="com.erudex.test.login.LoginTestApache" name="testLogin" time="0.388"/>
  <testcase classname="com.erudex.test.login.LoginTestApache" name="testLogin" time="0.37"/>
  <testcase classname="com.erudex.test.login.LoginTestApache" name="testLogin" time="0.429"/>
  <testcase classname="com.erudex.test.login.LoginTestApache" name="testLogin" time="0.408"/>
  <testcase classname="com.erudex.test.login.LoginTestApache" name="testLogin" time="0.384"/>
  <testcase classname="com.erudex.test.login.LoginTestApache" name="testLogin" time="0.303"/>
  <testcase classname="com.erudex.test.login.LoginTestApache" name="testLogin" time="0.358"/>
  <testcase classname="com.erudex.test.login.LoginTestApache" name="testLogin" time="0.305"/>
  <testcase classname="com.erudex.test.login.LoginTestApache" name="testLogin" time="0.299"/>
  <testcase classname="com.erudex.test.login.LoginTestApache" name="testLogin" time="0.304"/>
  <testcase classname="com.erudex.test.login.LoginTestApache" name="testLogin" time="0.351"/>
  <testcase classname="com.erudex.test.login.LoginTestApache" name="testLogin" time="0.34"/>
  <testcase classname="com.erudex.test.login.LoginTestApache" name="testLogin" time="0.351"/>
  <testcase classname="com.erudex.test.login.LoginTestApache" name="testLogin" time="0.348"/>
  <testcase classname="com.erudex.test.login.LoginTestApache" name="testLogin" time="0.348"/>
[...]
  <testcase classname="com.erudex.test.login.LoginTestApache" name="testLogoutWithSession" time="0.356"/>
  <testcase classname="com.erudex.test.login.LoginTestApache" name="testLogoutWithSession" time="0.302"/>
  <testcase classname="com.erudex.test.login.LoginTestApache" name="testLogoutWithSession" time="0.302"/>
  <testcase classname="com.erudex.test.login.LoginTestApache" name="testLogoutWithSession" time="0.295"/>
  <testcase classname="com.erudex.test.login.LoginTestApache" name="testLogoutWithSession" time="0.354"/>
  <testcase classname="com.erudex.test.login.LoginTestApache" name="testLogoutWithSession" time="0.303"/>
  <testcase classname="com.erudex.test.login.LoginTestApache" name="testLogoutWithSession" time="0.343"/>
  <testcase classname="com.erudex.test.login.LoginTestApache" name="testLogoutWithSession" time="0.354"/>
  <testcase classname="com.erudex.test.login.LoginTestApache" name="testLogoutWithSession" time="0.356"/>
  <testcase classname="com.erudex.test.login.LoginTestApache" name="testLogoutWithSession" time="0.333"/>
  <testcase classname="com.erudex.test.login.LoginTestApache" name="testLogoutWithSession" time="0.346"/>
  <testcase classname="com.erudex.test.login.LoginTestApache" name="testLogoutWithSession" time="0.349"/>
  <testcase classname="com.erudex.test.login.LoginTestApache" name="testLogoutWithSession" time="0.352"/>
  <testcase classname="com.erudex.test.login.LoginTestApache" name="testLogoutWithSession" time="0.346"/>
  <testcase classname="com.erudex.test.login.LoginTestApache" name="testLogoutWithSession" time="0.312"/>
  <testcase classname="com.erudex.test.login.LoginTestApache" name="testLogoutWithSession" time="0.345"/>
  <testcase classname="com.erudex.test.login.LoginTestApache" name="testLogoutWithSession" time="0.348"/>
  <testcase classname="com.erudex.test.login.LoginTestApache" name="testLogoutWithSession" time="0.352"/>
  <testcase classname="com.erudex.test.login.LoginTestApache" name="testLogoutWithSession" time="0.347"/>
  <testcase classname="com.erudex.test.login.LoginTestApache" name="testLogoutWithSession" time="0.738"/>
  <testcase classname="com.erudex.test.login.LoginTestApache" name="testLogoutWithSession" time="0.303"/>
  <testcase classname="com.erudex.test.login.LoginTestApache" name="testLogoutWithSession" time="0.317"/>
  <testcase classname="com.erudex.test.login.LoginTestApache" name="testLogoutWithSession" time="0.295"/>
  <testcase classname="com.erudex.test.login.LoginTestApache" name="testLogoutWithSession" time="0.349"/>
  <testcase classname="com.erudex.test.login.LoginTestApache" name="testLogoutWithSession" time="0.303"/>
  <testcase classname="com.erudex.test.login.LoginTestApache" name="testLogoutWithSession" time="0.352"/>
  <testcase classname="com.erudex.test.login.LoginTestApache" name="testLogoutWithSession" time="0.313"/>
  <testcase classname="com.erudex.test.login.LoginTestApache" name="testLogoutWithSession" time="0.305"/>
  <testcase classname="com.erudex.test.login.LoginTestApache" name="testLogoutWithSession" time="0.347"/>
  <testcase classname="com.erudex.test.login.LoginTestApache" name="testLogoutWithSession" time="0.36"/>
  <testcase classname="com.erudex.test.login.LoginTestApache" name="testLogoutWithSession" time="0.352"/>
  <testcase classname="com.erudex.test.login.LoginTestApache" name="testLogoutWithSession" time="0.352"/>
  <testcase classname="com.erudex.test.login.LoginTestApache" name="testLogoutWithSession" time="0.344"/>
  <testcase classname="com.erudex.test.login.LoginTestApache" name="testLogoutWithSession" time="0.335"/>
  <testcase classname="com.erudex.test.login.LoginTestApache" name="testLogoutWithSession" time="0.3"/>
  <testcase classname="com.erudex.test.login.LoginTestApache" name="testLogoutWithSession" time="0.337"/>
  <testcase classname="com.erudex.test.login.LoginTestApache" name="testLogoutWithSession" time="0.298"/>
  <testcase classname="com.erudex.test.login.LoginTestApache" name="testLogoutWithSession" time="0.302"/>
  <testcase classname="com.erudex.test.login.LoginTestApache" name="testLogoutWithSession" time="0.304"/>
  <testcase classname="com.erudex.test.login.LoginTestApache" name="testLogoutWithSession" time="0.303"/>
  <testcase classname="com.erudex.test.login.LoginTestApache" name="testLogoutWithSession" time="0.348"/>
  <testcase classname="com.erudex.test.login.LoginTestApache" name="testLogoutWithSession" time="0.354"/>
  <testcase classname="com.erudex.test.login.LoginTestApache" name="testLogoutWithSession" time="0.338"/>
  <testcase classname="com.erudex.test.login.LoginTestApache" name="testLogoutWithSession" time="0.341"/>
  <testcase classname="com.erudex.test.login.LoginTestApache" name="testLogoutWithSession" time="0.299"/>
  <testcase classname="com.erudex.test.login.LoginTestApache" name="testLogoutWithSession" time="0.341"/>
  <testcase classname="com.erudex.test.login.LoginTestApache" name="testLogoutWithSession" time="0.336"/>
  <testcase classname="com.erudex.test.login.LoginTestApache" name="testLogoutWithSession" time="0.374"/>
  <testcase classname="com.erudex.test.login.LoginTestApache" name="testLogoutWithSession" time="0.348"/>
  <testcase classname="com.erudex.test.login.LoginTestApache" name="testLogoutWithSession" time="0.302"/>
  <testcase classname="com.erudex.test.login.LoginTestApache" name="testLogoutWithSession" time="0.351"/>
  <testcase classname="com.erudex.test.login.LoginTestApache" name="testLogoutWithSession" time="0.349"/>
  <testcase classname="com.erudex.test.login.LoginTestApache" name="testLogoutWithSession" time="0.302"/>
  <testcase classname="com.erudex.test.login.LoginTestApache" name="testLogoutWithSession" time="0.342"/>
  <testcase classname="com.erudex.test.login.LoginTestApache" name="testLogoutWithSession" time="0.345"/>
  <testcase classname="com.erudex.test.login.LoginTestApache" name="testLogoutWithSession" time="0.344"/>
  <testcase classname="com.erudex.test.login.LoginTestApache" name="testLogoutWithSession" time="0.302"/>
  <testcase classname="com.erudex.test.login.LoginTestApache" name="testLogoutWithSession" time="0.353"/>
  <testcase classname="com.erudex.test.login.LoginTestApache" name="testLogoutWithSession" time="0.338"/>
  <testcase classname="com.erudex.test.login.LoginTestApache" name="testLogoutWithSession" time="0.345"/>
  <testcase classname="com.erudex.test.login.LoginTestApache" name="testLogoutWithSession" time="0.348"/>
  <testcase classname="com.erudex.test.login.LoginTestApache" name="testLogoutWithSession" time="0.3"/>
  <testcase classname="com.erudex.test.login.LoginTestApache" name="testLogoutWithSession" time="0.334"/>
  <testcase classname="com.erudex.test.login.LoginTestApache" name="testLogoutWithSession" time="0.311"/>
  <testcase classname="com.erudex.test.login.LoginTestApache" name="testLogoutWithSession" time="0.346"/>
  <testcase classname="com.erudex.test.login.LoginTestApache" name="testLogoutWithSession" time="0.335"/>
  <testcase classname="com.erudex.test.login.LoginTestApache" name="testLogoutWithSession" time="0.297"/>
  <testcase classname="com.erudex.test.login.LoginTestApache" name="testLogoutWithSession" time="0.291"/>
  <testcase classname="com.erudex.test.login.LoginTestApache" name="testLogoutWithSession" time="0.307"/>
  <testcase classname="com.erudex.test.login.LoginTestApache" name="testLogoutWithSession" time="0.308"/>
  <testcase classname="com.erudex.test.login.LoginTestApache" name="testLogoutWithSession" time="0.345"/>
  <testcase classname="com.erudex.test.login.LoginTestApache" name="testLogoutWithSession" time="0.321"/>
  <testcase classname="com.erudex.test.login.LoginTestApache" name="testLogoutWithSession" time="0.309"/>
  <testcase classname="com.erudex.test.login.LoginTestApache" name="testLogoutWithSession" time="0.297"/>
  <testcase classname="com.erudex.test.login.LoginTestApache" name="testLogoutWithSession" time="0.341"/>
  <testcase classname="com.erudex.test.login.LoginTestApache" name="testLogoutWithSession" time="0.336"/>
  <testcase classname="com.erudex.test.login.LoginTestApache" name="testLogoutWithSession" time="0.33"/>
  <testcase classname="com.erudex.test.login.LoginTestApache" name="testLogoutWithSession" time="0.349"/>
  <testcase classname="com.erudex.test.login.LoginTestApache" name="testLogoutWithSession" time="0.343"/>
  <testcase classname="com.erudex.test.login.LoginTestApache" name="testLogoutWithSession" time="0.302"/>
  <testcase classname="com.erudex.test.login.LoginTestApache" name="testLogoutWithSession" time="0.352"/>
  <testcase classname="com.erudex.test.login.LoginTestApache" name="testLogoutWithSession" time="0.346"/>
  <testcase classname="com.erudex.test.login.LoginTestApache" name="testLogoutWithSession" time="0.306"/>
  <testcase classname="com.erudex.test.login.LoginTestApache" name="testLogoutWithSession" time="0.345"/>
  <testcase classname="com.erudex.test.login.LoginTestApache" name="testLogoutWithSession" time="0.351"/>
  <testcase classname="com.erudex.test.login.LoginTestApache" name="testLogoutWithSession" time="0.352"/>
  <testcase classname="com.erudex.test.login.LoginTestApache" name="testLogoutWithSession" time="0.313"/>
  <testcase classname="com.erudex.test.login.LoginTestApache" name="testLogoutWithSession" time="0.388"/>
  <testcase classname="com.erudex.test.login.LoginTestApache" name="testLogoutWithSession" time="0.37"/>
  <testcase classname="com.erudex.test.login.LoginTestApache" name="testLogoutWithSession" time="0.48"/>
  <testcase classname="com.erudex.test.login.LoginTestApache" name="testLogoutWithSession" time="0.413"/>
  <testcase classname="com.erudex.test.login.LoginTestApache" name="testLogoutWithSession" time="0.499"/>
  <testcase classname="com.erudex.test.login.LoginTestApache" name="testLogoutWithSession" time="0.402"/>
  <testcase classname="com.erudex.test.login.LoginTestApache" name="testLogoutWithSession" time="0.419"/>
  <testcase classname="com.erudex.test.login.LoginTestApache" name="testLogoutWithSession" time="0.308"/>
  <testcase classname="com.erudex.test.login.LoginTestApache" name="testLogoutWithSession" time="0.348"/>
  <testcase classname="com.erudex.test.login.LoginTestApache" name="testLogoutWithSession" time="0.347"/>
  <testcase classname="com.erudex.test.login.LoginTestApache" name="testLogoutWithSession" time="0.352"/>
  <testcase classname="com.erudex.test.login.LoginTestApache" name="testLogoutWithSession" time="0.357"/>
  <testcase classname="com.erudex.test.login.LoginTestApache" name="testLogoutWithSession" time="0.312"/>
  <testcase classname="com.erudex.test.login.LoginTestApache" name="testLogoutWithSession" time="0.363"/>
  <testcase classname="com.erudex.test.login.LoginTestApache" name="testLogoutWithSession" time="0.379"/>
  <testcase classname="com.erudex.test.login.LoginTestApache" name="testLogoutWithSession" time="0.415"/>
  <testcase classname="com.erudex.test.login.LoginTestApache" name="testLogoutWithSession" time="0.414"/>
  <testcase classname="com.erudex.test.login.LoginTestApache" name="testLogoutWithSession" time="0.703"/>
  <testcase classname="com.erudex.test.login.LoginTestApache" name="testLogoutWithSession" time="0.354"/>
  <testcase classname="com.erudex.test.login.LoginTestApache" name="testLogoutWithSession" time="0.288"/>
  <testcase classname="com.erudex.test.login.LoginTestApache" name="testLogoutWithSession" time="0.313"/>
  <testcase classname="com.erudex.test.login.LoginTestApache" name="testLogoutWithSession" time="0.326"/>
  <testcase classname="com.erudex.test.login.LoginTestApache" name="testLogoutWithSession" time="0.337"/>
  <testcase classname="com.erudex.test.login.LoginTestApache" name="testLogoutWithSession" time="0.338"/>
  <testcase classname="com.erudex.test.login.LoginTestApache" name="testLogoutWithSession" time="0.338"/>
  <testcase classname="com.erudex.test.login.LoginTestApache" name="testLogoutWithSession" time="0.312"/>
  <testcase classname="com.erudex.test.login.LoginTestApache" name="testLogoutWithSession" time="0.296"/>
  <testcase classname="com.erudex.test.login.LoginTestApache" name="testLogoutWithSession" time="0.384"/>
  <testcase classname="com.erudex.test.login.LoginTestApache" name="testLogoutWithSession" time="0.364"/>
  <testcase classname="com.erudex.test.login.LoginTestApache" name="testLogoutWithSession" time="0.297"/>
  <testcase classname="com.erudex.test.login.LoginTestApache" name="testLogoutWithSession" time="0.347"/>
  <testcase classname="com.erudex.test.login.LoginTestApache" name="testLogoutWithSession" time="0.304"/>
  <testcase classname="com.erudex.test.login.LoginTestApache" name="testLogoutWithSession" time="0.306"/>
  <testcase classname="com.erudex.test.login.LoginTestApache" name="testLogoutWithSession" time="0.328"/>
  <testcase classname="com.erudex.test.login.LoginTestApache" name="testLogoutWithSession" time="0.298"/>
  <testcase classname="com.erudex.test.login.LoginTestApache" name="testLogoutWithSession" time="0.35"/>
  <testcase classname="com.erudex.test.login.LoginTestApache" name="testLogoutWithSession" time="0.305"/>
  <testcase classname="com.erudex.test.login.LoginTestApache" name="testLogoutWithSession" time="0.299"/>
  <testcase classname="com.erudex.test.login.LoginTestApache" name="testLogoutWithSession" time="0.306"/>
  <testcase classname="com.erudex.test.login.LoginTestApache" name="testLogoutWithSession" time="0.339"/>
  <testcase classname="com.erudex.test.login.LoginTestApache" name="testLogoutWithSession" time="0.304"/>
  <testcase classname="com.erudex.test.login.LoginTestApache" name="testLogoutWithSession" time="0.298"/>
  <testcase classname="com.erudex.test.login.LoginTestApache" name="testLogoutWithSession" time="0.305"/>
  <testcase classname="com.erudex.test.login.LoginTestApache" name="testLogoutWithSession" time="0.339"/>
  <testcase classname="com.erudex.test.login.LoginTestApache" name="testLogoutWithSession" time="0.297"/>
  <testcase classname="com.erudex.test.login.LoginTestApache" name="testLogoutWithSession" time="0.346"/>
  <testcase classname="com.erudex.test.login.LoginTestApache" name="testLogoutWithSession" time="0.34"/>
  <testcase classname="com.erudex.test.login.LoginTestApache" name="testLogoutWithSession" time="0.337"/>
  <testcase classname="com.erudex.test.login.LoginTestApache" name="testLogoutWithSession" time="0.339"/>
  <testcase classname="com.erudex.test.login.LoginTestApache" name="testLogoutWithSession" time="0.331"/>
  <testcase classname="com.erudex.test.login.LoginTestApache" name="testLogoutWithSession" time="0.316"/>
  <testcase classname="com.erudex.test.login.LoginTestApache" name="testLogoutWithSession" time="0.343"/>
  <testcase classname="com.erudex.test.login.LoginTestApache" name="testLogoutWithSession" time="0.335"/>
  <testcase classname="com.erudex.test.login.LoginTestApache" name="testLogoutWithSession" time="0.348"/>
  <testcase classname="com.erudex.test.login.LoginTestApache" name="testLogoutWithSession" time="0.346"/>
  <testcase classname="com.erudex.test.login.LoginTestApache" name="testLogoutWithSession" time="0.352"/>
  <testcase classname="com.erudex.test.login.LoginTestApache" name="testLogoutWithSession" time="0.312"/>
  <testcase classname="com.erudex.test.login.LoginTestApache" name="testLogoutWithSession" time="0.357"/>
  <testcase classname="com.erudex.test.login.LoginTestApache" name="testLogoutWithSession" time="0.321"/>
  <testcase classname="com.erudex.test.login.LoginTestApache" name="testLogoutWithSession" time="0.365"/>
  <testcase classname="com.erudex.test.login.LoginTestApache" name="testLogoutWithSession" time="0.372"/>
  <testcase classname="com.erudex.test.login.LoginTestApache" name="testLogoutWithSession" time="0.297"/>
  <testcase classname="com.erudex.test.login.LoginTestApache" name="testLogoutWithSession" time="0.294"/>
  <testcase classname="com.erudex.test.login.LoginTestApache" name="testLogoutWithSession" time="0.325"/>
  <testcase classname="com.erudex.test.login.LoginTestApache" name="testLogoutWithSession" time="0.302"/>
  <testcase classname="com.erudex.test.login.LoginTestApache" name="testLogoutWithSession" time="0.347"/>
  <testcase classname="com.erudex.test.login.LoginTestApache" name="testLogoutWithSession" time="0.344"/>
  <testcase classname="com.erudex.test.login.LoginTestApache" name="testLogoutWithSession" time="0.301"/>
  <testcase classname="com.erudex.test.login.LoginTestApache" name="testLogoutWithSession" time="0.356"/>
  <testcase classname="com.erudex.test.login.LoginTestApache" name="testLogoutWithSession" time="0.348"/>
  <testcase classname="com.erudex.test.login.LoginTestApache" name="testLogoutWithSession" time="0.338"/>
  <testcase classname="com.erudex.test.login.LoginTestApache" name="testLogoutWithSession" time="0.3"/>
  <testcase classname="com.erudex.test.login.LoginTestApache" name="testLogoutWithSession" time="0.355"/>
  <testcase classname="com.erudex.test.login.LoginTestApache" name="testLogoutWithSession" time="0.306"/>
  <testcase classname="com.erudex.test.login.LoginTestApache" name="testLogoutWithSession" time="0.302"/>
  <testcase classname="com.erudex.test.login.LoginTestApache" name="testLogoutWithSession" time="0.352"/>
  <testcase classname="com.erudex.test.login.LoginTestApache" name="testLogoutWithSession" time="0.306"/>
  <testcase classname="com.erudex.test.login.LoginTestApache" name="testLogoutWithSession" time="0.352"/>
  <testcase classname="com.erudex.test.login.LoginTestApache" name="testLogoutWithSession" time="0.313"/>
  <testcase classname="com.erudex.test.login.LoginTestApache" name="testLogoutWithSession" time="0.352"/>
  <testcase classname="com.erudex.test.login.LoginTestApache" name="testLogoutWithSession" time="0.369"/>
  <testcase classname="com.erudex.test.login.LoginTestApache" name="testLogoutWithSession" time="0.348"/>
  <testcase classname="com.erudex.test.login.LoginTestApache" name="testLogoutWithSession" time="0.343"/>
  <testcase classname="com.erudex.test.login.LoginTestApache" name="testLogoutWithSession" time="0.355"/>
  <testcase classname="com.erudex.test.login.LoginTestApache" name="testLogoutWithSession" time="0.419"/>
  <testcase classname="com.erudex.test.login.LoginTestApache" name="testLogoutWithSession" time="0.351"/>
  <testcase classname="com.erudex.test.login.LoginTestApache" name="testLogoutWithSession" time="0.345"/>
  <testcase classname="com.erudex.test.login.LoginTestApache" name="testLogoutWithSession" time="0.348"/>
  <testcase classname="com.erudex.test.login.LoginTestApache" name="testLogoutWithSession" time="0.343"/>
  <testcase classname="com.erudex.test.login.LoginTestApache" name="testLogoutWithSession" time="0.338"/>
  <testcase classname="com.erudex.test.login.LoginTestApache" name="testLogoutWithSession" time="0.343"/>
  <testcase classname="com.erudex.test.login.LoginTestApache" name="testLogoutWithSession" time="0.303"/>
  <testcase classname="com.erudex.test.login.LoginTestApache" name="testLogoutWithSession" time="0.299"/>
  <testcase classname="com.erudex.test.login.LoginTestApache" name="testLogoutWithSession" time="0.336"/>
  <testcase classname="com.erudex.test.login.LoginTestApache" name="testLogoutWithSession" time="0.305"/>
  <testcase classname="com.erudex.test.login.LoginTestApache" name="testLogoutWithSession" time="0.353"/>
  <testcase classname="com.erudex.test.login.LoginTestApache" name="testLogoutWithSession" time="0.34"/>
  <testcase classname="com.erudex.test.login.LoginTestApache" name="testLogoutWithSession" time="0.348"/>
  <testcase classname="com.erudex.test.login.LoginTestApache" name="testLogoutWithSession" time="0.307"/>
  <testcase classname="com.erudex.test.login.LoginTestApache" name="testLogoutWithSession" time="0.36"/>
  <testcase classname="com.erudex.test.login.LoginTestApache" name="testLogoutWithSession" time="0.359"/>
</testsuite> <!-- Erudex Apache HTTP Login API  Tests -->
