<?xml version="1.0" encoding="UTF-8"?>
<!-- Generated by org.testng.reporters.JUnitReportReporter -->
<testsuite hostname="MSI" failures="0" tests="3007" name="com.erudex.test.login.LoginTestApache" time="1022.084" errors="0" timestamp="2023-07-05T00:15:58 EDT" skipped="0">
  <testcase classname="com.erudex.test.login.LoginTestApache" name="testLogoutWithSession" time="0.351"/>
  <testcase classname="com.erudex.test.login.LoginTestApache" name="testLogin" time="0.320"/>
  <testcase classname="com.erudex.test.login.LoginTestApache" name="testLoginWithSession" time="0.344"/>
  <testcase classname="com.erudex.test.login.LoginTestApache" name="testLogin" time="0.364"/>
  <testcase classname="com.erudex.test.login.LoginTestApache" name="testLogoutWithSession" time="0.344"/>
  <testcase classname="com.erudex.test.login.LoginTestApache" name="testLogoutWithSession" time="0.344"/>
  <testcase classname="com.erudex.test.login.LoginTestApache" name="testLogoutWithSession" time="0.300"/>
  <testcase classname="com.erudex.test.login.LoginTestApache" name="testLogoutWithSession" time="0.364"/>
  <testcase classname="com.erudex.test.login.LoginTestApache" name="testLogin" time="0.350"/>
  <testcase classname="com.erudex.test.login.LoginTestApache" name="testLogin" time="0.342"/>
  <testcase classname="com.erudex.test.login.LoginTestApache" name="testLoginWithSession" time="0.297"/>
  <testcase classname="com.erudex.test.login.LoginTestApache" name="testLoginWithSession" time="0.343"/>
  <testcase classname="com.erudex.test.login.LoginTestApache" name="testLogoutWithSession" time="0.351"/>
  <testcase classname="com.erudex.test.login.LoginTestApache" name="testLogin" time="0.316"/>
  <testcase classname="com.erudex.test.login.LoginTestApache" name="testLogoutWithSession" time="0.360"/>
  <testcase classname="com.erudex.test.login.LoginTestApache" name="testLogin" time="0.346"/>
  <testcase classname="com.erudex.test.login.LoginTestApache" name="testLoginWithSession" time="0.300"/>
  <testcase classname="com.erudex.test.login.LoginTestApache" name="testLogin" time="0.464"/>
  <testcase classname="com.erudex.test.login.LoginTestApache" name="testLogin" time="0.359"/>
  <testcase classname="com.erudex.test.login.LoginTestApache" name="testLogoutWithSession" time="0.347"/>
  <testcase classname="com.erudex.test.login.LoginTestApache" name="testLoginWithSession" time="0.350"/>
  <testcase classname="com.erudex.test.login.LoginTestApache" name="testLogin" time="0.350"/>
  <testcase classname="com.erudex.test.login.LoginTestApache" name="testLogin" time="0.358"/>
  <testcase classname="com.erudex.test.login.LoginTestApache" name="testLogoutWithSession" time="0.302"/>
  <testcase classname="com.erudex.test.login.LoginTestApache" name="testLogin" time="0.314"/>
  <testcase classname="com.erudex.test.login.LoginTestApache" name="testLoginWithSession" time="0.350"/>
  <testcase classname="com.erudex.test.login.LoginTestApache" name="testLogoutWithSession" time="0.291"/>
  <testcase classname="com.erudex.test.login.LoginTestApache" name="testLogin" time="0.339"/>
  <testcase classname="com.erudex.test.login.LoginTestApache" name="testLogin" time="0.351"/>
  <testcase classname="com.erudex.test.login.LoginTestApache" name="testLogin" time="0.350"/>
  <testcase classname="com.erudex.test.login.LoginTestApache" name="testLoginWithSession" time="0.303"/>
  <testcase classname="com.erudex.test.login.LoginTestApache" name="testLogoutWithSession" time="0.345"/>
  <testcase classname="com.erudex.test.login.LoginTestApache" name="testLoginWithSession" time="0.331"/>
  <testcase classname="com.erudex.test.login.LoginTestApache" name="testLogoutWithSession" time="0.332"/>
  <testcase classname="com.erudex.test.login.LoginTestApache" name="testLogoutWithSession" time="0.347"/>
  <testcase classname="com.erudex.test.login.LoginTestApache" name="testLogin" time="0.390"/>
  <testcase classname="com.erudex.test.login.LoginTestApache" name="testLogoutWithSession" time="0.348"/>
  <testcase classname="com.erudex.test.login.LoginTestApache" name="testLogin" time="0.366"/>
  <testcase classname="com.erudex.test.login.LoginTestApache" name="testLogin" time="0.352"/>
  <testcase classname="com.erudex.test.login.LoginTestApache" name="testLogoutWithSession" time="0.354"/>
  <testcase classname="com.erudex.test.login.LoginTestApache" name="testLogin" time="0.309"/>
  <testcase classname="com.erudex.test.login.LoginTestApache" name="testLogin" time="0.298"/>
  <testcase classname="com.erudex.test.login.LoginTestApache" name="testLogoutWithSession" time="0.367"/>
  <testcase classname="com.erudex.test.login.LoginTestApache" name="testLogin" time="0.365"/>
  <testcase classname="com.erudex.test.login.LoginTestApache" name="testLogoutWithSession" time="0.297"/>
  <testcase classname="com.erudex.test.login.LoginTestApache" name="testLoginWithSession" time="0.306"/>
  <testcase classname="com.erudex.test.login.LoginTestApache" name="testLogin" time="0.312"/>
  <testcase classname="com.erudex.test.login.LoginTestApache" name="testLogin" time="0.409"/>
  <testcase classname="com.erudex.test.login.LoginTestApache" name="testLogoutWithSession" time="0.356"/>
  <testcase classname="com.erudex.test.login.LoginTestApache" name="testLogin" time="0.350"/>
  <testcase classname="com.erudex.test.login.LoginTestApache" name="testLoginWithSession" time="0.298"/>
  <testcase classname="com.erudex.test.login.LoginTestApache" name="testLogoutWithSession" time="0.300"/>
  <testcase classname="com.erudex.test.login.LoginTestApache" name="testLogoutWithSession" time="0.334"/>
  <testcase classname="com.erudex.test.login.LoginTestApache" name="testLogoutWithSession" time="0.330"/>
  <testcase classname="com.erudex.test.login.LoginTestApache" name="testLogoutWithSession" time="0.339"/>
  <testcase classname="com.erudex.test.login.LoginTestApache" name="testLoginWithSession" time="0.359"/>
  <testcase classname="com.erudex.test.login.LoginTestApache" name="testLoginWithSession" time="0.352"/>
  <testcase classname="com.erudex.test.login.LoginTestApache" name="testLogin" time="0.309"/>
  <testcase classname="com.erudex.test.login.LoginTestApache" name="testLogoutWithSession" time="0.303"/>
  <testcase classname="com.erudex.test.login.LoginTestApache" name="testLogin" time="0.299"/>
  <testcase classname="com.erudex.test.login.LoginTestApache" name="testLoginWithSession" time="0.317"/>
  <testcase classname="com.erudex.test.login.LoginTestApache" name="testLogin" time="0.370"/>
  <testcase classname="com.erudex.test.login.LoginTestApache" name="testLogin" time="0.348"/>
  <testcase classname="com.erudex.test.login.LoginTestApache" name="testLogin" time="0.301"/>
  <testcase classname="com.erudex.test.login.LoginTestApache" name="testLogin" time="0.304"/>
  <testcase classname="com.erudex.test.login.LoginTestApache" name="testLogin" time="0.364"/>
  <testcase classname="com.erudex.test.login.LoginTestApache" name="testLogin" time="0.311"/>
  <testcase classname="com.erudex.test.login.LoginTestApache" name="testLogin" time="0.399"/>
  <testcase classname="com.erudex.test.login.LoginTestApache" name="testLogin" time="0.345"/>
  <testcase classname="com.erudex.test.login.LoginTestApache" name="testLogin" time="0.306"/>
  <testcase classname="com.erudex.test.login.LoginTestApache" name="testLoginWithSession" time="0.311"/>
  <testcase classname="com.erudex.test.login.LoginTestApache" name="testLogin" time="0.360"/>
  <testcase classname="com.erudex.test.login.LoginTestApache" name="testLogoutWithSession" time="0.334"/>
  <testcase classname="com.erudex.test.login.LoginTestApache" name="testLogoutWithSession" time="0.307"/>
  <testcase classname="com.erudex.test.login.LoginTestApache" name="testLogoutWithSession" time="0.306"/>
  <testcase classname="com.erudex.test.login.LoginTestApache" name="testLogoutWithSession" time="0.315"/>
  <testcase classname="com.erudex.test.login.LoginTestApache" name="testLogin" time="0.340"/>
  <testcase classname="com.erudex.test.login.LoginTestApache" name="testLoginWithSession" time="0.349"/>
  <testcase classname="com.erudex.test.login.LoginTestApache" name="testLogoutWithSession" time="0.348"/>
  <testcase classname="com.erudex.test.login.LoginTestApache" name="testLoginWithSession" time="0.342"/>
  <testcase classname="com.erudex.test.login.LoginTestApache" name="testLoginWithSession" time="0.309"/>
  <testcase classname="com.erudex.test.login.LoginTestApache" name="testLogoutWithSession" time="0.464"/>
  <testcase classname="com.erudex.test.login.LoginTestApache" name="testLogoutWithSession" time="0.314"/>
  <testcase classname="com.erudex.test.login.LoginTestApache" name="testLogoutWithSession" time="0.330"/>
  <testcase classname="com.erudex.test.login.LoginTestApache" name="testLogoutWithSession" time="0.703"/>
  <testcase classname="com.erudex.test.login.LoginTestApache" name="testLoginWithSession" time="0.295"/>
  <testcase classname="com.erudex.test.login.LoginTestApache" name="testLoginWithSession" time="0.343"/>
  <testcase classname="com.erudex.test.login.LoginTestApache" name="testLoginWithSession" time="0.313"/>
  <testcase classname="com.erudex.test.login.LoginTestApache" name="testLoginWithSession" time="0.338"/>
  <testcase classname="com.erudex.test.login.LoginTestApache" name="testLogoutWithSession" time="0.309"/>
  <testcase classname="com.erudex.test.login.LoginTestApache" name="testLoginWithSession" time="0.303"/>
  <testcase classname="com.erudex.test.login.LoginTestApache" name="testLogin" time="0.314"/>
  <testcase classname="com.erudex.test.login.LoginTestApache" name="testLoginWithSession" time="0.359"/>
  <testcase classname="com.erudex.test.login.LoginTestApache" name="testLoginWithSession" time="0.340"/>
  <testcase classname="com.erudex.test.login.LoginTestApache" name="testLogin" time="0.352"/>
  <testcase classname="com.erudex.test.login.LoginTestApache" name="testLogin" time="0.343"/>
  <testcase classname="com.erudex.test.login.LoginTestApache" name="testLoginWithSession" time="0.346"/>
  <testcase classname="com.erudex.test.login.LoginTestApache" name="testLoginWithSession" time="0.290"/>
  <testcase classname="com.erudex.test.login.LoginTestApache" name="testLogin" time="0.336"/>
  <testcase classname="com.erudex.test.login.LoginTestApache" name="testLogin" time="0.350"/>
  <testcase classname="com.erudex.test.login.LoginTestApache" name="testLoginWithSession" time="0.359"/>
  <testcase classname="com.erudex.test.login.LoginTestApache" name="testLoginWithSession" time="0.425"/>
  <testcase classname="com.erudex.test.login.LoginTestApache" name="testLogin" time="0.734"/>
  <testcase classname="com.erudex.test.login.LoginTestApache" name="testLoginWithSession" time="0.354"/>
  <testcase classname="com.erudex.test.login.LoginTestApache" name="testLogoutWithSession" time="0.298"/>
  <testcase classname="com.erudex.test.login.LoginTestApache" name="testLoginWithSession" time="0.345"/>
  <testcase classname="com.erudex.test.login.LoginTestApache" name="testLogoutWithSession" time="0.304"/>
  <testcase classname="com.erudex.test.login.LoginTestApache" name="testLoginWithSession" time="0.348"/>
  <testcase classname="com.erudex.test.login.LoginTestApache" name="testLoginWithSession" time="0.329"/>
  <testcase classname="com.erudex.test.login.LoginTestApache" name="testLogoutWithSession" time="0.321"/>
  <testcase classname="com.erudex.test.login.LoginTestApache" name="testLogoutWithSession" time="0.346"/>
  <testcase classname="com.erudex.test.login.LoginTestApache" name="testLogoutWithSession" time="0.328"/>
  <testcase classname="com.erudex.test.login.LoginTestApache" name="testLogin" time="0.346"/>
  <testcase classname="com.erudex.test.login.LoginTestApache" name="testLogoutWithSession" time="0.301"/>
  <testcase classname="com.erudex.test.login.LoginTestApache" name="testLoginWithSession" time="0.449"/>
  <testcase classname="com.erudex.test.login.LoginTestApache" name="testLoginWithSession" time="0.347"/>
  <testcase classname="com.erudex.test.login.LoginTestApache" name="testLogin" time="0.332"/>
  <testcase classname="com.erudex.test.login.LoginTestApache" name="testLogoutWithSession" time="0.345"/>
  <testcase classname="com.erudex.test.login.LoginTestApache" name="testLogin" time="0.348"/>
  <testcase classname="com.erudex.test.login.LoginTestApache" name="testLoginWithSession" time="0.353"/>
  <testcase classname="com.erudex.test.login.LoginTestApache" name="testLogin" time="0.348"/>
  <testcase classname="com.erudex.test.login.LoginTestApache" name="testLogoutWithSession" time="0.335"/>
  <testcase classname="com.erudex.test.login.LoginTestApache" name="testLogoutWithSession" time="0.347"/>
  <testcase classname="com.erudex.test.login.LoginTestApache" name="testLoginWithSession" time="0.312"/>
  <testcase classname="com.erudex.test.login.LoginTestApache" name="testLogin" time="0.345"/>
  <testcase classname="com.erudex.test.login.LoginTestApache" name="testLoginWithSession" time="0.322"/>
  <testcase classname="com.erudex.test.login.LoginTestApache" name="testLogin" time="0.361"/>
  <testcase classname="com.erudex.test.login.LoginTestApache" name="testLoginWithSession" time="0.302"/>
  <testcase classname="com.erudex.test.login.LoginTestApache" name="testLoginWithSession" time="0.357"/>
  <testcase classname="com.erudex.test.login.LoginTestApache" name="testLogoutWithSession" time="0.354"/>
  <testcase classname="com.erudex.test.login.LoginTestApache" name="testLogoutWithSession" time="0.303"/>
  <testcase classname="com.erudex.test.login.LoginTestApache" name="testLoginWithSession" time="0.346"/>
  <testcase classname="com.erudex.test.login.LoginTestApache" name="testLogoutWithSession" time="0.343"/>
  <testcase classname="com.erudex.test.login.LoginTestApache" name="testLogin" time="0.338"/>
  <testcase classname="com.erudex.test.login.LoginTestApache" name="testLoginWithSession" time="0.346"/>
  <testcase classname="com.erudex.test.login.LoginTestApache" name="testLogoutWithSession" time="0.305"/>
  <testcase classname="com.erudex.test.login.LoginTestApache" name="testLogin" time="0.355"/>
  <testcase classname="com.erudex.test.login.LoginTestApache" name="testLoginWithSession" time="0.342"/>
  <testcase classname="com.erudex.test.login.LoginTestApache" name="testLoginWithSession" time="0.295"/>
  <testcase classname="com.erudex.test.login.LoginTestApache" name="testLoginWithSession" time="0.361"/>
  <testcase classname="com.erudex.test.login.LoginTestApache" name="testLogin" time="0.362"/>
  <testcase classname="com.erudex.test.login.LoginTestApache" name="testLogin" time="0.353"/>
  <testcase classname="com.erudex.test.login.LoginTestApache" name="testLogoutWithSession" time="0.384"/>
  <testcase classname="com.erudex.test.login.LoginTestApache" name="testLogin" time="0.347"/>
  <testcase classname="com.erudex.test.login.LoginTestApache" name="testLoginWithSession" time="0.310"/>
  <testcase classname="com.erudex.test.login.LoginTestApache" name="testLoginWithSession" time="0.349"/>
  <testcase classname="com.erudex.test.login.LoginTestApache" name="testLogoutWithSession" time="0.308"/>
  <testcase classname="com.erudex.test.login.LoginTestApache" name="testLogoutWithSession" time="0.303"/>
  <testcase classname="com.erudex.test.login.LoginTestApache" name="testLoginWithSession" time="0.322"/>
  <testcase classname="com.erudex.test.login.LoginTestApache" name="testLogin" time="0.356"/>
  <testcase classname="com.erudex.test.login.LoginTestApache" name="testLogin" time="0.310"/>
  <testcase classname="com.erudex.test.login.LoginTestApache" name="testLoginWithSession" time="0.339"/>
  <testcase classname="com.erudex.test.login.LoginTestApache" name="testLoginWithSession" time="0.316"/>
  <testcase classname="com.erudex.test.login.LoginTestApache" name="testLogoutWithSession" time="0.377"/>
  <testcase classname="com.erudex.test.login.LoginTestApache" name="testLogin" time="0.309"/>
  <testcase classname="com.erudex.test.login.LoginTestApache" name="testLogin" time="0.370"/>
  <testcase classname="com.erudex.test.login.LoginTestApache" name="testLoginWithSession" time="0.335"/>
  <testcase classname="com.erudex.test.login.LoginTestApache" name="testLogin" time="0.367"/>
  <testcase classname="com.erudex.test.login.LoginTestApache" name="testLoginWithSession" time="0.343"/>
  <testcase classname="com.erudex.test.login.LoginTestApache" name="testLogoutWithSession" time="0.307"/>
  <testcase classname="com.erudex.test.login.LoginTestApache" name="testLogin" time="0.340"/>
  <testcase classname="com.erudex.test.login.LoginTestApache" name="testLogoutWithSession" time="0.355"/>
  <testcase classname="com.erudex.test.login.LoginTestApache" name="testLogin" time="0.312"/>
  <testcase classname="com.erudex.test.login.LoginTestApache" name="testLoginWithSession" time="0.303"/>
  <testcase classname="com.erudex.test.login.LoginTestApache" name="testLoginWithSession" time="0.340"/>
  <testcase classname="com.erudex.test.login.LoginTestApache" name="testLogin" time="0.304"/>
  <testcase classname="com.erudex.test.login.LoginTestApache" name="testLogin" time="0.363"/>
  <testcase classname="com.erudex.test.login.LoginTestApache" name="testLogin" time="0.346"/>
  <testcase classname="com.erudex.test.login.LoginTestApache" name="testLogoutWithSession" time="0.337"/>
  <testcase classname="com.erudex.test.login.LoginTestApache" name="testLogin" time="0.326"/>
  <testcase classname="com.erudex.test.login.LoginTestApache" name="testLoginWithSession" time="0.358"/>
  <testcase classname="com.erudex.test.login.LoginTestApache" name="testLoginWithSession" time="0.349"/>
  <testcase classname="com.erudex.test.login.LoginTestApache" name="testLoginWithSession" time="0.306"/>
  <testcase classname="com.erudex.test.login.LoginTestApache" name="testLogoutWithSession" time="0.351"/>
  <testcase classname="com.erudex.test.login.LoginTestApache" name="testLogin" time="0.348"/>
  <testcase classname="com.erudex.test.login.LoginTestApache" name="testLogoutWithSession" time="0.301"/>
  <testcase classname="com.erudex.test.login.LoginTestApache" name="testLogin" time="0.301"/>
  <testcase classname="com.erudex.test.login.LoginTestApache" name="testLogin" time="0.358"/>
  <testcase classname="com.erudex.test.login.LoginTestApache" name="testLoginWithSession" time="0.296"/>
  <testcase classname="com.erudex.test.login.LoginTestApache" name="testLogin" time="0.324"/>
  <testcase classname="com.erudex.test.login.LoginTestApache" name="testLogin" time="0.344"/>
  <testcase classname="com.erudex.test.login.LoginTestApache" name="testLogin" time="0.359"/>
  <testcase classname="com.erudex.test.login.LoginTestApache" name="testLogin" time="0.305"/>
  <testcase classname="com.erudex.test.login.LoginTestApache" name="testLogoutWithSession" time="0.489"/>
  <testcase classname="com.erudex.test.login.LoginTestApache" name="testLogoutWithSession" time="0.306"/>
  <testcase classname="com.erudex.test.login.LoginTestApache" name="testLogin" time="0.332"/>
  <testcase classname="com.erudex.test.login.LoginTestApache" name="testLogin" time="0.297"/>
  <testcase classname="com.erudex.test.login.LoginTestApache" name="testLogin" time="0.313"/>
  <testcase classname="com.erudex.test.login.LoginTestApache" name="testLoginWithSession" time="0.310"/>
  <testcase classname="com.erudex.test.login.LoginTestApache" name="testLogoutWithSession" time="0.350"/>
  <testcase classname="com.erudex.test.login.LoginTestApache" name="testLogin" time="0.323"/>
  <testcase classname="com.erudex.test.login.LoginTestApache" name="testLogoutWithSession" time="0.334"/>
  <testcase classname="com.erudex.test.login.LoginTestApache" name="testLogin" time="0.308"/>
  <testcase classname="com.erudex.test.login.LoginTestApache" name="testLoginWithSession" time="0.329"/>
  <testcase classname="com.erudex.test.login.LoginTestApache" name="testLogoutWithSession" time="0.370"/>
  <testcase classname="com.erudex.test.login.LoginTestApache" name="testLogin" time="0.384"/>
  <testcase classname="com.erudex.test.login.LoginTestApache" name="testLogoutWithSession" time="0.342"/>
  <testcase classname="com.erudex.test.login.LoginTestApache" name="testLoginWithSession" time="0.305"/>
  <testcase classname="com.erudex.test.login.LoginTestApache" name="testLogin" time="0.304"/>
  <testcase classname="com.erudex.test.login.LoginTestApache" name="testLogin" time="0.316"/>
  <testcase classname="com.erudex.test.login.LoginTestApache" name="testLogin" time="0.352"/>
  <testcase classname="com.erudex.test.login.LoginTestApache" name="testLogin" time="0.354"/>
  <testcase classname="com.erudex.test.login.LoginTestApache" name="testLogin" time="0.365"/>
  <testcase classname="com.erudex.test.login.LoginTestApache" name="testLogin" time="0.358"/>
  <testcase classname="com.erudex.test.login.LoginTestApache" name="testLogin" time="0.350"/>
  <testcase classname="com.erudex.test.login.LoginTestApache" name="testLogoutWithSession" time="0.395"/>
  <testcase classname="com.erudex.test.login.LoginTestApache" name="testLogoutWithSession" time="0.308"/>
  <testcase classname="com.erudex.test.login.LoginTestApache" name="testLoginWithSession" time="0.344"/>
  <testcase classname="com.erudex.test.login.LoginTestApache" name="testLoginWithSession" time="0.350"/>
  <testcase classname="com.erudex.test.login.LoginTestApache" name="testLoginWithSession" time="0.362"/>
  <testcase classname="com.erudex.test.login.LoginTestApache" name="testLoginWithSession" time="0.355"/>
  <testcase classname="com.erudex.test.login.LoginTestApache" name="testLogoutWithSession" time="0.352"/>
  <testcase classname="com.erudex.test.login.LoginTestApache" name="testLogin" time="0.353"/>
  <testcase classname="com.erudex.test.login.LoginTestApache" name="testLogoutWithSession" time="0.348"/>
  <testcase classname="com.erudex.test.login.LoginTestApache" name="testLoginWithSession" time="0.341"/>
  <testcase classname="com.erudex.test.login.LoginTestApache" name="testLogoutWithSession" time="0.340"/>
  <testcase classname="com.erudex.test.login.LoginTestApache" name="testLogin" time="0.310"/>
  <testcase classname="com.erudex.test.login.LoginTestApache" name="testLoginWithSession" time="0.347"/>
  <testcase classname="com.erudex.test.login.LoginTestApache" name="testLogoutWithSession" time="0.331"/>
  <testcase classname="com.erudex.test.login.LoginTestApache" name="testLogoutWithSession" time="0.314"/>
  <testcase classname="com.erudex.test.login.LoginTestApache" name="testLogoutWithSession" time="0.346"/>
  <testcase classname="com.erudex.test.login.LoginTestApache" name="testLogoutWithSession" time="0.350"/>
  <testcase classname="com.erudex.test.login.LoginTestApache" name="testLogoutWithSession" time="0.291"/>
  <testcase classname="com.erudex.test.login.LoginTestApache" name="testLogin" time="0.332"/>
  <testcase classname="com.erudex.test.login.LoginTestApache" name="testLogin" time="0.368"/>
  <testcase classname="com.erudex.test.login.LoginTestApache" name="testLoginWithSession" time="0.302"/>
  <testcase classname="com.erudex.test.login.LoginTestApache" name="testLoginWithSession" time="0.332"/>
  <testcase classname="com.erudex.test.login.LoginTestApache" name="testLogin" time="0.313"/>
  <testcase classname="com.erudex.test.login.LoginTestApache" name="testLoginWithSession" time="0.355"/>
  <testcase classname="com.erudex.test.login.LoginTestApache" name="testLogoutWithSession" time="0.292"/>
  <testcase classname="com.erudex.test.login.LoginTestApache" name="testLogin" time="0.347"/>
  <testcase classname="com.erudex.test.login.LoginTestApache" name="testLoginWithSession" time="0.310"/>
  <testcase classname="com.erudex.test.login.LoginTestApache" name="testLoginWithSession" time="0.345"/>
  <testcase classname="com.erudex.test.login.LoginTestApache" name="testLogin" time="0.388"/>
  <testcase classname="com.erudex.test.login.LoginTestApache" name="testLoginWithSession" time="0.345"/>
  <testcase classname="com.erudex.test.login.LoginTestApache" name="testLogoutWithSession" time="0.353"/>
  <testcase classname="com.erudex.test.login.LoginTestApache" name="testLogoutWithSession" time="0.352"/>
  <testcase classname="com.erudex.test.login.LoginTestApache" name="testLogin" time="0.306"/>
  <testcase classname="com.erudex.test.login.LoginTestApache" name="testLogoutWithSession" time="0.352"/>
  <testcase classname="com.erudex.test.login.LoginTestApache" name="testLogoutWithSession" time="0.314"/>
  <testcase classname="com.erudex.test.login.LoginTestApache" name="testLogin" time="0.370"/>
  <testcase classname="com.erudex.test.login.LoginTestApache" name="testLogoutWithSession" time="0.420"/>
  <testcase classname="com.erudex.test.login.LoginTestApache" name="testLogin" time="0.301"/>
  <testcase classname="com.erudex.test.login.LoginTestApache" name="testLogin" time="0.346"/>
  <testcase classname="com.erudex.test.login.LoginTestApache" name="testLoginWithSession" time="0.357"/>
  <testcase classname="com.erudex.test.login.LoginTestApache" name="testLogin" time="0.340"/>
  <testcase classname="com.erudex.test.login.LoginTestApache" name="testLogin" time="0.308"/>
  <testcase classname="com.erudex.test.login.LoginTestApache" name="testLogoutWithSession" time="0.353"/>
  <testcase classname="com.erudex.test.login.LoginTestApache" name="testLoginWithSession" time="0.387"/>
  <testcase classname="com.erudex.test.login.LoginTestApache" name="testLogin" time="0.352"/>
  <testcase classname="com.erudex.test.login.LoginTestApache" name="testLogoutWithSession" time="0.342"/>
  <testcase classname="com.erudex.test.login.LoginTestApache" name="testLogoutWithSession" time="0.344"/>
  <testcase classname="com.erudex.test.login.LoginTestApache" name="testLogin" time="0.327"/>
  <testcase classname="com.erudex.test.login.LoginTestApache" name="testLogin" time="0.364"/>
  <testcase classname="com.erudex.test.login.LoginTestApache" name="testLoginWithSession" time="0.361"/>
  <testcase classname="com.erudex.test.login.LoginTestApache" name="testLogin" time="0.308"/>
  <testcase classname="com.erudex.test.login.LoginTestApache" name="testLogoutWithSession" time="0.307"/>
  <testcase classname="com.erudex.test.login.LoginTestApache" name="testLogin" time="0.342"/>
  <testcase classname="com.erudex.test.login.LoginTestApache" name="testLoginWithSession" time="0.366"/>
  <testcase classname="com.erudex.test.login.LoginTestApache" name="testLoginWithSession" time="0.344"/>
  <testcase classname="com.erudex.test.login.LoginTestApache" name="testLoginWithSession" time="0.310"/>
  <testcase classname="com.erudex.test.login.LoginTestApache" name="testLogin" time="0.310"/>
  <testcase classname="com.erudex.test.login.LoginTestApache" name="testLoginWithSession" time="0.344"/>
  <testcase classname="com.erudex.test.login.LoginTestApache" name="testLogoutWithSession" time="0.337"/>
  <testcase classname="com.erudex.test.login.LoginTestApache" name="testLogoutWithSession" time="0.356"/>
  <testcase classname="com.erudex.test.login.LoginTestApache" name="testLoginWithSession" time="0.344"/>
  <testcase classname="com.erudex.test.login.LoginTestApache" name="testLoginWithSession" time="0.296"/>
  <testcase classname="com.erudex.test.login.LoginTestApache" name="testLoginWithSession" time="0.333"/>
  <testcase classname="com.erudex.test.login.LoginTestApache" name="testLogin" time="0.308"/>
  <testcase classname="com.erudex.test.login.LoginTestApache" name="testLoginWithSession" time="0.348"/>
  <testcase classname="com.erudex.test.login.LoginTestApache" name="testLoginWithSession" time="0.332"/>
  <testcase classname="com.erudex.test.login.LoginTestApache" name="testLoginWithSession" time="0.357"/>
  <testcase classname="com.erudex.test.login.LoginTestApache" name="testLogoutWithSession" time="0.355"/>
  <testcase classname="com.erudex.test.login.LoginTestApache" name="testLogin" time="0.359"/>
  <testcase classname="com.erudex.test.login.LoginTestApache" name="testLogoutWithSession" time="0.336"/>
  <testcase classname="com.erudex.test.login.LoginTestApache" name="testLogin" time="0.309"/>
  <testcase classname="com.erudex.test.login.LoginTestApache" name="testLogoutWithSession" time="0.343"/>
  <testcase classname="com.erudex.test.login.LoginTestApache" name="testLogoutWithSession" time="0.303"/>
  <testcase classname="com.erudex.test.login.LoginTestApache" name="testLogin" time="0.361"/>
  <testcase classname="com.erudex.test.login.LoginTestApache" name="testLogin" time="0.329"/>
  <testcase classname="com.erudex.test.login.LoginTestApache" name="testLogin" time="0.315"/>
  <testcase classname="com.erudex.test.login.LoginTestApache" name="testLogin" time="0.361"/>
  <testcase classname="com.erudex.test.login.LoginTestApache" name="testLogin" time="0.361"/>
  <testcase classname="com.erudex.test.login.LoginTestApache" name="testLoginWithSession" time="0.315"/>
  <testcase classname="com.erudex.test.login.LoginTestApache" name="testLogin" time="0.351"/>
  <testcase classname="com.erudex.test.login.LoginTestApache" name="testLoginWithSession" time="0.290"/>
  <testcase classname="com.erudex.test.login.LoginTestApache" name="testLogoutWithSession" time="0.363"/>
  <testcase classname="com.erudex.test.login.LoginTestApache" name="testLoginWithSession" time="0.351"/>
  <testcase classname="com.erudex.test.login.LoginTestApache" name="testLogoutWithSession" time="0.360"/>
  <testcase classname="com.erudex.test.login.LoginTestApache" name="testLogin" time="0.362"/>
  <testcase classname="com.erudex.test.login.LoginTestApache" name="testLogin" time="0.364"/>
  <testcase classname="com.erudex.test.login.LoginTestApache" name="testLoginWithSession" time="0.353"/>
  <testcase classname="com.erudex.test.login.LoginTestApache" name="testLogin" time="0.311"/>
  <testcase classname="com.erudex.test.login.LoginTestApache" name="testLogin" time="0.309"/>
  <testcase classname="com.erudex.test.login.LoginTestApache" name="testLoginWithSession" time="0.307"/>
  <testcase classname="com.erudex.test.login.LoginTestApache" name="testLogin" time="0.745"/>
  <testcase classname="com.erudex.test.login.LoginTestApache" name="testLoginWithSession" time="0.341"/>
  <testcase classname="com.erudex.test.login.LoginTestApache" name="testLoginWithSession" time="0.311"/>
  <testcase classname="com.erudex.test.login.LoginTestApache" name="testLoginWithSession" time="0.352"/>
  <testcase classname="com.erudex.test.login.LoginTestApache" name="testLogoutWithSession" time="0.345"/>
  <testcase classname="com.erudex.test.login.LoginTestApache" name="testLogoutWithSession" time="0.308"/>
  <testcase classname="com.erudex.test.login.LoginTestApache" name="testLoginWithSession" time="0.364"/>
  <testcase classname="com.erudex.test.login.LoginTestApache" name="testLogin" time="0.335"/>
  <testcase classname="com.erudex.test.login.LoginTestApache" name="testLogoutWithSession" time="0.351"/>
  <testcase classname="com.erudex.test.login.LoginTestApache" name="testLoginWithSession" time="0.334"/>
  <testcase classname="com.erudex.test.login.LoginTestApache" name="testLogin" time="0.304"/>
  <testcase classname="com.erudex.test.login.LoginTestApache" name="testLogoutWithSession" time="0.350"/>
  <testcase classname="com.erudex.test.login.LoginTestApache" name="testLogin" time="0.352"/>
  <testcase classname="com.erudex.test.login.LoginTestApache" name="testLoginWithSession" time="0.339"/>
  <testcase classname="com.erudex.test.login.LoginTestApache" name="testLoginWithSession" time="0.296"/>
  <testcase classname="com.erudex.test.login.LoginTestApache" name="testLoginWithSession" time="0.307"/>
  <testcase classname="com.erudex.test.login.LoginTestApache" name="testLogin" time="0.316"/>
  <testcase classname="com.erudex.test.login.LoginTestApache" name="testLogoutWithSession" time="0.343"/>
  <testcase classname="com.erudex.test.login.LoginTestApache" name="testLoginWithSession" time="0.353"/>
  <testcase classname="com.erudex.test.login.LoginTestApache" name="testLoginWithSession" time="0.329"/>
  <testcase classname="com.erudex.test.login.LoginTestApache" name="testLoginWithSession" time="0.345"/>
  <testcase classname="com.erudex.test.login.LoginTestApache" name="testLogin" time="0.318"/>
  <testcase classname="com.erudex.test.login.LoginTestApache" name="testLogin" time="0.323"/>
  <testcase classname="com.erudex.test.login.LoginTestApache" name="testLoginWithSession" time="0.331"/>
  <testcase classname="com.erudex.test.login.LoginTestApache" name="testLoginWithSession" time="0.310"/>
  <testcase classname="com.erudex.test.login.LoginTestApache" name="testLogin" time="0.339"/>
  <testcase classname="com.erudex.test.login.LoginTestApache" name="testLogin" time="0.319"/>
  <testcase classname="com.erudex.test.login.LoginTestApache" name="testLogin" time="0.308"/>
  <testcase classname="com.erudex.test.login.LoginTestApache" name="testLoginWithSession" time="0.302"/>
  <testcase classname="com.erudex.test.login.LoginTestApache" name="testLogin" time="0.306"/>
  <testcase classname="com.erudex.test.login.LoginTestApache" name="testLogin" time="0.348"/>
  <testcase classname="com.erudex.test.login.LoginTestApache" name="testLoginWithSession" time="0.306"/>
  <testcase classname="com.erudex.test.login.LoginTestApache" name="testLogoutWithSession" time="0.307"/>
  <testcase classname="com.erudex.test.login.LoginTestApache" name="testLoginWithSession" time="0.341"/>
  <testcase classname="com.erudex.test.login.LoginTestApache" name="testLogin" time="0.353"/>
  <testcase classname="com.erudex.test.login.LoginTestApache" name="testLoginWithSession" time="0.344"/>
  <testcase classname="com.erudex.test.login.LoginTestApache" name="testLogoutWithSession" time="0.343"/>
  <testcase classname="com.erudex.test.login.LoginTestApache" name="testLoginWithSession" time="0.311"/>
  <testcase classname="com.erudex.test.login.LoginTestApache" name="testLoginWithSession" time="0.305"/>
  <testcase classname="com.erudex.test.login.LoginTestApache" name="testLogin" time="0.314"/>
  <testcase classname="com.erudex.test.login.LoginTestApache" name="testLogoutWithSession" time="0.344"/>
  <testcase classname="com.erudex.test.login.LoginTestApache" name="testLogoutWithSession" time="0.344"/>
  <testcase classname="com.erudex.test.login.LoginTestApache" name="testLoginWithSession" time="0.306"/>
  <testcase classname="com.erudex.test.login.LoginTestApache" name="testLoginWithSession" time="0.355"/>
  <testcase classname="com.erudex.test.login.LoginTestApache" name="testLogin" time="0.346"/>
  <testcase classname="com.erudex.test.login.LoginTestApache" name="testLogoutWithSession" time="0.346"/>
  <testcase classname="com.erudex.test.login.LoginTestApache" name="testLogin" time="0.348"/>
  <testcase classname="com.erudex.test.login.LoginTestApache" name="testLogoutWithSession" time="0.338"/>
  <testcase classname="com.erudex.test.login.LoginTestApache" name="testLoginWithSession" time="0.298"/>
  <testcase classname="com.erudex.test.login.LoginTestApache" name="testLogoutWithSession" time="0.339"/>
  <testcase classname="com.erudex.test.login.LoginTestApache" name="testLogin" time="0.346"/>
  <testcase classname="com.erudex.test.login.LoginTestApache" name="testLogin" time="0.339"/>
  <testcase classname="com.erudex.test.login.LoginTestApache" name="testLogin" time="0.309"/>
  <testcase classname="com.erudex.test.login.LoginTestApache" name="testLogin" time="0.732"/>
  <testcase classname="com.erudex.test.login.LoginTestApache" name="testLogin" time="0.388"/>
  <testcase classname="com.erudex.test.login.LoginTestApache" name="testLoginWithSession" time="0.302"/>
  <testcase classname="com.erudex.test.login.LoginTestApache" name="testLogoutWithSession" time="0.297"/>
  <testcase classname="com.erudex.test.login.LoginTestApache" name="testLogoutWithSession" time="0.343"/>
  <testcase classname="com.erudex.test.login.LoginTestApache" name="testLogoutWithSession" time="0.343"/>
  <testcase classname="com.erudex.test.login.LoginTestApache" name="testLogin" time="0.360"/>
  <testcase classname="com.erudex.test.login.LoginTestApache" name="testLogin" time="0.326"/>
  <testcase classname="com.erudex.test.login.LoginTestApache" name="testLogin" time="0.323"/>
  <testcase classname="com.erudex.test.login.LoginTestApache" name="testLogoutWithSession" time="0.360"/>
  <testcase classname="com.erudex.test.login.LoginTestApache" name="testLogoutWithSession" time="0.347"/>
  <testcase classname="com.erudex.test.login.LoginTestApache" name="testLoginWithSession" time="0.299"/>
  <testcase classname="com.erudex.test.login.LoginTestApache" name="testLogin" time="0.346"/>
  <testcase classname="com.erudex.test.login.LoginTestApache" name="testLogin" time="0.353"/>
  <testcase classname="com.erudex.test.login.LoginTestApache" name="testLogin" time="0.346"/>
  <testcase classname="com.erudex.test.login.LoginTestApache" name="testLogoutWithSession" time="0.341"/>
  <testcase classname="com.erudex.test.login.LoginTestApache" name="testLogoutWithSession" time="0.348"/>
  <testcase classname="com.erudex.test.login.LoginTestApache" name="testLogoutWithSession" time="0.352"/>
  <testcase classname="com.erudex.test.login.LoginTestApache" name="testLogoutWithSession" time="0.342"/>
  <testcase classname="com.erudex.test.login.LoginTestApache" name="testLogin" time="0.303"/>
  <testcase classname="com.erudex.test.login.LoginTestApache" name="testLogoutWithSession" time="0.339"/>
  <testcase classname="com.erudex.test.login.LoginTestApache" name="testLogoutWithSession" time="0.296"/>
  <testcase classname="com.erudex.test.login.LoginTestApache" name="testLogoutWithSession" time="0.361"/>
  <testcase classname="com.erudex.test.login.LoginTestApache" name="testLoginWithSession" time="0.317"/>
  <testcase classname="com.erudex.test.login.LoginTestApache" name="testLogoutWithSession" time="0.357"/>
  <testcase classname="com.erudex.test.login.LoginTestApache" name="testLoginWithSession" time="0.364"/>
  <testcase classname="com.erudex.test.login.LoginTestApache" name="testLogoutWithSession" time="0.348"/>
  <testcase classname="com.erudex.test.login.LoginTestApache" name="testLogin" time="0.316"/>
  <testcase classname="com.erudex.test.login.LoginTestApache" name="testLogin" time="0.312"/>
  <testcase classname="com.erudex.test.login.LoginTestApache" name="testLoginWithSession" time="0.341"/>
  <testcase classname="com.erudex.test.login.LoginTestApache" name="testLogin" time="0.348"/>
  <testcase classname="com.erudex.test.login.LoginTestApache" name="testLoginWithSession" time="0.342"/>
  <testcase classname="com.erudex.test.login.LoginTestApache" name="testLoginWithSession" time="0.303"/>
  <testcase classname="com.erudex.test.login.LoginTestApache" name="testLogoutWithSession" time="0.348"/>
  <testcase classname="com.erudex.test.login.LoginTestApache" name="testLoginWithSession" time="0.354"/>
  <testcase classname="com.erudex.test.login.LoginTestApache" name="testLogin" time="0.347"/>
  <testcase classname="com.erudex.test.login.LoginTestApache" name="testLogin" time="0.310"/>
  <testcase classname="com.erudex.test.login.LoginTestApache" name="testLogoutWithSession" time="0.354"/>
  <testcase classname="com.erudex.test.login.LoginTestApache" name="testLoginWithSession" time="0.287"/>
  <testcase classname="com.erudex.test.login.LoginTestApache" name="testLoginWithSession" time="0.349"/>
  <testcase classname="com.erudex.test.login.LoginTestApache" name="testLoginWithSession" time="0.354"/>
  <testcase classname="com.erudex.test.login.LoginTestApache" name="testLoginWithSession" time="0.308"/>
  <testcase classname="com.erudex.test.login.LoginTestApache" name="testLogoutWithSession" time="0.301"/>
  <testcase classname="com.erudex.test.login.LoginTestApache" name="testLogin" time="0.356"/>
  <testcase classname="com.erudex.test.login.LoginTestApache" name="testLoginWithSession" time="0.350"/>
  <testcase classname="com.erudex.test.login.LoginTestApache" name="testLogoutWithSession" time="0.297"/>
  <testcase classname="com.erudex.test.login.LoginTestApache" name="testLogin" time="0.337"/>
  <testcase classname="com.erudex.test.login.LoginTestApache" name="testLoginWithSession" time="0.353"/>
  <testcase classname="com.erudex.test.login.LoginTestApache" name="testLoginWithSession" time="0.350"/>
  <testcase classname="com.erudex.test.login.LoginTestApache" name="testLogin" time="0.305"/>
  <testcase classname="com.erudex.test.login.LoginTestApache" name="testLoginWithSession" time="0.361"/>
  <testcase classname="com.erudex.test.login.LoginTestApache" name="testLogoutWithSession" time="0.363"/>
  <testcase classname="com.erudex.test.login.LoginTestApache" name="testLoginWithSession" time="0.354"/>
  <testcase classname="com.erudex.test.login.LoginTestApache" name="testLoginWithSession" time="0.361"/>
  <testcase classname="com.erudex.test.login.LoginTestApache" name="testLogoutWithSession" time="0.348"/>
  <testcase classname="com.erudex.test.login.LoginTestApache" name="testLogoutWithSession" time="0.311"/>
  <testcase classname="com.erudex.test.login.LoginTestApache" name="testLogin" time="0.353"/>
  <testcase classname="com.erudex.test.login.LoginTestApache" name="testLoginWithSession" time="0.295"/>
  <testcase classname="com.erudex.test.login.LoginTestApache" name="testLoginWithSession" time="0.349"/>
  <testcase classname="com.erudex.test.login.LoginTestApache" name="testLogoutWithSession" time="0.310"/>
  <testcase classname="com.erudex.test.login.LoginTestApache" name="testLogoutWithSession" time="0.414"/>
  <testcase classname="com.erudex.test.login.LoginTestApache" name="testLogin" time="0.333"/>
  <testcase classname="com.erudex.test.login.LoginTestApache" name="testLogoutWithSession" time="0.315"/>
  <testcase classname="com.erudex.test.login.LoginTestApache" name="testLoginWithSession" time="0.330"/>
  <testcase classname="com.erudex.test.login.LoginTestApache" name="testLogin" time="0.354"/>
  <testcase classname="com.erudex.test.login.LoginTestApache" name="testLogin" time="0.352"/>
  <testcase classname="com.erudex.test.login.LoginTestApache" name="testLogin" time="0.352"/>
  <testcase classname="com.erudex.test.login.LoginTestApache" name="testLoginWithSession" time="0.360"/>
  <testcase classname="com.erudex.test.login.LoginTestApache" name="testLogoutWithSession" time="0.351"/>
  <testcase classname="com.erudex.test.login.LoginTestApache" name="testLogin" time="0.319"/>
  <testcase classname="com.erudex.test.login.LoginTestApache" name="testLogin" time="0.350"/>
  <testcase classname="com.erudex.test.login.LoginTestApache" name="testLoginWithSession" time="0.343"/>
  <testcase classname="com.erudex.test.login.LoginTestApache" name="testLogoutWithSession" time="0.310"/>
  <testcase classname="com.erudex.test.login.LoginTestApache" name="testLogin" time="0.300"/>
  <testcase classname="com.erudex.test.login.LoginTestApache" name="testLoginWithSession" time="0.316"/>
  <testcase classname="com.erudex.test.login.LoginTestApache" name="testLoginWithSession" time="0.301"/>
  <testcase classname="com.erudex.test.login.LoginTestApache" name="testLogoutWithSession" time="0.304"/>
  <testcase classname="com.erudex.test.login.LoginTestApache" name="testLogoutWithSession" time="0.351"/>
  <testcase classname="com.erudex.test.login.LoginTestApache" name="testLogin" time="0.311"/>
  <testcase classname="com.erudex.test.login.LoginTestApache" name="testLogoutWithSession" time="0.353"/>
  <testcase classname="com.erudex.test.login.LoginTestApache" name="testLogoutWithSession" time="0.345"/>
  <testcase classname="com.erudex.test.login.LoginTestApache" name="testLogin" time="0.319"/>
  <testcase classname="com.erudex.test.login.LoginTestApache" name="testLoginWithSession" time="0.367"/>
  <testcase classname="com.erudex.test.login.LoginTestApache" name="testLogin" time="0.315"/>
  <testcase classname="com.erudex.test.login.LoginTestApache" name="testLogin" time="0.352"/>
  <testcase classname="com.erudex.test.login.LoginTestApache" name="testLoginWithSession" time="0.314"/>
  <testcase classname="com.erudex.test.login.LoginTestApache" name="testLogin" time="0.347"/>
  <testcase classname="com.erudex.test.login.LoginTestApache" name="testLogoutWithSession" time="0.337"/>
  <testcase classname="com.erudex.test.login.LoginTestApache" name="testLogin" time="0.341"/>
  <testcase classname="com.erudex.test.login.LoginTestApache" name="testLogin" time="0.351"/>
  <testcase classname="com.erudex.test.login.LoginTestApache" name="testLogin" time="0.310"/>
  <testcase classname="com.erudex.test.login.LoginTestApache" name="testLogin" time="0.368"/>
  <testcase classname="com.erudex.test.login.LoginTestApache" name="testLoginWithSession" time="0.366"/>
  <testcase classname="com.erudex.test.login.LoginTestApache" name="testLoginWithSession" time="0.340"/>
  <testcase classname="com.erudex.test.login.LoginTestApache" name="testLogin" time="0.351"/>
  <testcase classname="com.erudex.test.login.LoginTestApache" name="testLoginWithSession" time="0.304"/>
  <testcase classname="com.erudex.test.login.LoginTestApache" name="testLoginWithSession" time="0.302"/>
  <testcase classname="com.erudex.test.login.LoginTestApache" name="testLoginWithSession" time="0.356"/>
  <testcase classname="com.erudex.test.login.LoginTestApache" name="testLogin" time="0.350"/>
  <testcase classname="com.erudex.test.login.LoginTestApache" name="testLogin" time="0.319"/>
  <testcase classname="com.erudex.test.login.LoginTestApache" name="testLogin" time="0.334"/>
  <testcase classname="com.erudex.test.login.LoginTestApache" name="testLogin" time="0.348"/>
  <testcase classname="com.erudex.test.login.LoginTestApache" name="testLoginWithSession" time="0.299"/>
  <testcase classname="com.erudex.test.login.LoginTestApache" name="testLoginWithSession" time="0.350"/>
  <testcase classname="com.erudex.test.login.LoginTestApache" name="testLogin" time="0.354"/>
  <testcase classname="com.erudex.test.login.LoginTestApache" name="testLoginWithSession" time="0.339"/>
  <testcase classname="com.erudex.test.login.LoginTestApache" name="testLoginWithSession" time="0.313"/>
  <testcase classname="com.erudex.test.login.LoginTestApache" name="testLogoutWithSession" time="0.351"/>
  <testcase classname="com.erudex.test.login.LoginTestApache" name="testLogin" time="0.312"/>
  <testcase classname="com.erudex.test.login.LoginTestApache" name="testLogin" time="0.357"/>
  <testcase classname="com.erudex.test.login.LoginTestApache" name="testLogin" time="0.320"/>
  <testcase classname="com.erudex.test.login.LoginTestApache" name="testLogin" time="0.350"/>
  <testcase classname="com.erudex.test.login.LoginTestApache" name="testLogin" time="0.348"/>
  <testcase classname="com.erudex.test.login.LoginTestApache" name="testLogin" time="0.409"/>
  <testcase classname="com.erudex.test.login.LoginTestApache" name="testLogoutWithSession" time="0.339"/>
  <testcase classname="com.erudex.test.login.LoginTestApache" name="testLogoutWithSession" time="0.340"/>
  <testcase classname="com.erudex.test.login.LoginTestApache" name="testLogin" time="0.304"/>
  <testcase classname="com.erudex.test.login.LoginTestApache" name="testLoginWithSession" time="0.345"/>
  <testcase classname="com.erudex.test.login.LoginTestApache" name="testLogin" time="0.347"/>
  <testcase classname="com.erudex.test.login.LoginTestApache" name="testLoginWithSession" time="0.298"/>
  <testcase classname="com.erudex.test.login.LoginTestApache" name="testLogoutWithSession" time="0.350"/>
  <testcase classname="com.erudex.test.login.LoginTestApache" name="testLogin" time="0.305"/>
  <testcase classname="com.erudex.test.login.LoginTestApache" name="testLogin" time="0.312"/>
  <testcase classname="com.erudex.test.login.LoginTestApache" name="testLoginWithSession" time="0.307"/>
  <testcase classname="com.erudex.test.login.LoginTestApache" name="testLoginWithSession" time="0.334"/>
  <testcase classname="com.erudex.test.login.LoginTestApache" name="testLoginWithSession" time="0.330"/>
  <testcase classname="com.erudex.test.login.LoginTestApache" name="testLogoutWithSession" time="0.343"/>
  <testcase classname="com.erudex.test.login.LoginTestApache" name="testLogoutWithSession" time="0.367"/>
  <testcase classname="com.erudex.test.login.LoginTestApache" name="testLogin" time="0.362"/>
  <testcase classname="com.erudex.test.login.LoginTestApache" name="testLogin" time="0.314"/>
  <testcase classname="com.erudex.test.login.LoginTestApache" name="testLogin" time="0.327"/>
  <testcase classname="com.erudex.test.login.LoginTestApache" name="testLogoutWithSession" time="0.300"/>
  <testcase classname="com.erudex.test.login.LoginTestApache" name="testLogin" time="0.298"/>
  <testcase classname="com.erudex.test.login.LoginTestApache" name="testLogin" time="0.294"/>
  <testcase classname="com.erudex.test.login.LoginTestApache" name="testLogoutWithSession" time="0.343"/>
  <testcase classname="com.erudex.test.login.LoginTestApache" name="testLogoutWithSession" time="0.351"/>
  <testcase classname="com.erudex.test.login.LoginTestApache" name="testLogoutWithSession" time="0.721"/>
  <testcase classname="com.erudex.test.login.LoginTestApache" name="testLogin" time="0.358"/>
  <testcase classname="com.erudex.test.login.LoginTestApache" name="testLogin" time="0.344"/>
  <testcase classname="com.erudex.test.login.LoginTestApache" name="testLogoutWithSession" time="0.299"/>
  <testcase classname="com.erudex.test.login.LoginTestApache" name="testLogin" time="0.304"/>
  <testcase classname="com.erudex.test.login.LoginTestApache" name="testLogin" time="0.336"/>
  <testcase classname="com.erudex.test.login.LoginTestApache" name="testLoginWithSession" time="0.359"/>
  <testcase classname="com.erudex.test.login.LoginTestApache" name="testLoginWithSession" time="0.355"/>
  <testcase classname="com.erudex.test.login.LoginTestApache" name="testLogoutWithSession" time="0.388"/>
  <testcase classname="com.erudex.test.login.LoginTestApache" name="testLogoutWithSession" time="0.353"/>
  <testcase classname="com.erudex.test.login.LoginTestApache" name="testLogoutWithSession" time="0.338"/>
  <testcase classname="com.erudex.test.login.LoginTestApache" name="testLogin" time="0.352"/>
  <testcase classname="com.erudex.test.login.LoginTestApache" name="testLogin" time="0.311"/>
  <testcase classname="com.erudex.test.login.LoginTestApache" name="testLogoutWithSession" time="0.329"/>
  <testcase classname="com.erudex.test.login.LoginTestApache" name="testLogin" time="0.340"/>
  <testcase classname="com.erudex.test.login.LoginTestApache" name="testLogoutWithSession" time="0.347"/>
  <testcase classname="com.erudex.test.login.LoginTestApache" name="testLogin" time="0.356"/>
  <testcase classname="com.erudex.test.login.LoginTestApache" name="testLoginWithSession" time="0.294"/>
  <testcase classname="com.erudex.test.login.LoginTestApache" name="testLogin" time="0.339"/>
  <testcase classname="com.erudex.test.login.LoginTestApache" name="testLoginWithSession" time="0.296"/>
  <testcase classname="com.erudex.test.login.LoginTestApache" name="testLogoutWithSession" time="0.341"/>
  <testcase classname="com.erudex.test.login.LoginTestApache" name="testLogin" time="0.346"/>
  <testcase classname="com.erudex.test.login.LoginTestApache" name="testLogin" time="0.315"/>
  <testcase classname="com.erudex.test.login.LoginTestApache" name="testLoginWithSession" time="0.342"/>
  <testcase classname="com.erudex.test.login.LoginTestApache" name="testLoginWithSession" time="0.304"/>
  <testcase classname="com.erudex.test.login.LoginTestApache" name="testLogoutWithSession" time="0.351"/>
  <testcase classname="com.erudex.test.login.LoginTestApache" name="testLoginWithSession" time="0.745"/>
  <testcase classname="com.erudex.test.login.LoginTestApache" name="testLogin" time="0.357"/>
  <testcase classname="com.erudex.test.login.LoginTestApache" name="testLoginWithSession" time="0.348"/>
  <testcase classname="com.erudex.test.login.LoginTestApache" name="testLogoutWithSession" time="0.322"/>
  <testcase classname="com.erudex.test.login.LoginTestApache" name="testLogin" time="0.316"/>
  <testcase classname="com.erudex.test.login.LoginTestApache" name="testLogoutWithSession" time="0.336"/>
  <testcase classname="com.erudex.test.login.LoginTestApache" name="testLoginWithSession" time="0.296"/>
  <testcase classname="com.erudex.test.login.LoginTestApache" name="testLoginWithSession" time="0.355"/>
  <testcase classname="com.erudex.test.login.LoginTestApache" name="testLoginWithSession" time="0.292"/>
  <testcase classname="com.erudex.test.login.LoginTestApache" name="testLogoutWithSession" time="0.348"/>
  <testcase classname="com.erudex.test.login.LoginTestApache" name="testLogoutWithSession" time="0.341"/>
  <testcase classname="com.erudex.test.login.LoginTestApache" name="testLogin" time="0.336"/>
  <testcase classname="com.erudex.test.login.LoginTestApache" name="testLoginWithSession" time="0.375"/>
  <testcase classname="com.erudex.test.login.LoginTestApache" name="testLoginWithSession" time="0.346"/>
  <testcase classname="com.erudex.test.login.LoginTestApache" name="testLoginWithSession" time="0.304"/>
  <testcase classname="com.erudex.test.login.LoginTestApache" name="testLogoutWithSession" time="0.295"/>
  <testcase classname="com.erudex.test.login.LoginTestApache" name="testLogoutWithSession" time="0.305"/>
  <testcase classname="com.erudex.test.login.LoginTestApache" name="testLogoutWithSession" time="0.301"/>
  <testcase classname="com.erudex.test.login.LoginTestApache" name="testLogoutWithSession" time="0.297"/>
  <testcase classname="com.erudex.test.login.LoginTestApache" name="testLogoutWithSession" time="0.326"/>
  <testcase classname="com.erudex.test.login.LoginTestApache" name="testLogin" time="0.311"/>
  <testcase classname="com.erudex.test.login.LoginTestApache" name="testLoginWithSession" time="0.308"/>
  <testcase classname="com.erudex.test.login.LoginTestApache" name="testLogoutWithSession" time="0.350"/>
  <testcase classname="com.erudex.test.login.LoginTestApache" name="testLoginWithSession" time="0.363"/>
  <testcase classname="com.erudex.test.login.LoginTestApache" name="testLogin" time="0.300"/>
  <testcase classname="com.erudex.test.login.LoginTestApache" name="testLoginWithSession" time="0.306"/>
  <testcase classname="com.erudex.test.login.LoginTestApache" name="testLogin" time="0.316"/>
  <testcase classname="com.erudex.test.login.LoginTestApache" name="testLogoutWithSession" time="0.302"/>
  <testcase classname="com.erudex.test.login.LoginTestApache" name="testLogoutWithSession" time="0.306"/>
  <testcase classname="com.erudex.test.login.LoginTestApache" name="testLogin" time="0.307"/>
  <testcase classname="com.erudex.test.login.LoginTestApache" name="testLoginWithSession" time="0.300"/>
  <testcase classname="com.erudex.test.login.LoginTestApache" name="testLoginWithSession" time="0.349"/>
  <testcase classname="com.erudex.test.login.LoginTestApache" name="testLoginWithSession" time="0.347"/>
  <testcase classname="com.erudex.test.login.LoginTestApache" name="testLogoutWithSession" time="0.300"/>
  <testcase classname="com.erudex.test.login.LoginTestApache" name="testLoginWithSession" time="0.306"/>
  <testcase classname="com.erudex.test.login.LoginTestApache" name="testLoginWithSession" time="0.300"/>
  <testcase classname="com.erudex.test.login.LoginTestApache" name="testLogoutWithSession" time="0.308"/>
  <testcase classname="com.erudex.test.login.LoginTestApache" name="testLoginWithSession" time="0.343"/>
  <testcase classname="com.erudex.test.login.LoginTestApache" name="testLogoutWithSession" time="0.353"/>
  <testcase classname="com.erudex.test.login.LoginTestApache" name="testLoginWithSession" time="0.365"/>
  <testcase classname="com.erudex.test.login.LoginTestApache" name="testLoginWithSession" time="0.336"/>
  <testcase classname="com.erudex.test.login.LoginTestApache" name="testLogoutWithSession" time="0.325"/>
  <testcase classname="com.erudex.test.login.LoginTestApache" name="testLoginWithSession" time="0.310"/>
  <testcase classname="com.erudex.test.login.LoginTestApache" name="testLogin" time="0.351"/>
  <testcase classname="com.erudex.test.login.LoginTestApache" name="testLogin" time="0.330"/>
  <testcase classname="com.erudex.test.login.LoginTestApache" name="testLogin" time="0.365"/>
  <testcase classname="com.erudex.test.login.LoginTestApache" name="testLogin" time="0.310"/>
  <testcase classname="com.erudex.test.login.LoginTestApache" name="testLoginWithSession" time="0.314"/>
  <testcase classname="com.erudex.test.login.LoginTestApache" name="testLogin" time="0.300"/>
  <testcase classname="com.erudex.test.login.LoginTestApache" name="testLogin" time="0.304"/>
  <testcase classname="com.erudex.test.login.LoginTestApache" name="testLogoutWithSession" time="0.307"/>
  <testcase classname="com.erudex.test.login.LoginTestApache" name="testLogoutWithSession" time="0.358"/>
  <testcase classname="com.erudex.test.login.LoginTestApache" name="testLoginWithSession" time="0.351"/>
  <testcase classname="com.erudex.test.login.LoginTestApache" name="testLogin" time="0.302"/>
  <testcase classname="com.erudex.test.login.LoginTestApache" name="testLoginWithSession" time="0.311"/>
  <testcase classname="com.erudex.test.login.LoginTestApache" name="testLogoutWithSession" time="0.341"/>
  <testcase classname="com.erudex.test.login.LoginTestApache" name="testLoginWithSession" time="0.352"/>
  <testcase classname="com.erudex.test.login.LoginTestApache" name="testLogin" time="0.335"/>
  <testcase classname="com.erudex.test.login.LoginTestApache" name="testLogin" time="0.318"/>
  <testcase classname="com.erudex.test.login.LoginTestApache" name="testLoginWithSession" time="0.350"/>
  <testcase classname="com.erudex.test.login.LoginTestApache" name="testLogin" time="0.340"/>
  <testcase classname="com.erudex.test.login.LoginTestApache" name="testLogin" time="0.356"/>
  <testcase classname="com.erudex.test.login.LoginTestApache" name="testLogin" time="0.304"/>
  <testcase classname="com.erudex.test.login.LoginTestApache" name="testLogoutWithSession" time="0.347"/>
  <testcase classname="com.erudex.test.login.LoginTestApache" name="testLogoutWithSession" time="0.317"/>
  <testcase classname="com.erudex.test.login.LoginTestApache" name="testLoginWithSession" time="0.367"/>
  <testcase classname="com.erudex.test.login.LoginTestApache" name="testLogin" time="0.335"/>
  <testcase classname="com.erudex.test.login.LoginTestApache" name="testLogoutWithSession" time="0.376"/>
  <testcase classname="com.erudex.test.login.LoginTestApache" name="testLoginWithSession" time="0.342"/>
  <testcase classname="com.erudex.test.login.LoginTestApache" name="testLoginWithSession" time="0.385"/>
  <testcase classname="com.erudex.test.login.LoginTestApache" name="testLogin" time="0.305"/>
  <testcase classname="com.erudex.test.login.LoginTestApache" name="testLogoutWithSession" time="0.303"/>
  <testcase classname="com.erudex.test.login.LoginTestApache" name="testLogin" time="0.345"/>
  <testcase classname="com.erudex.test.login.LoginTestApache" name="testLoginWithSession" time="0.356"/>
  <testcase classname="com.erudex.test.login.LoginTestApache" name="testLogoutWithSession" time="0.349"/>
  <testcase classname="com.erudex.test.login.LoginTestApache" name="testLogoutWithSession" time="0.342"/>
  <testcase classname="com.erudex.test.login.LoginTestApache" name="testLogin" time="0.321"/>
  <testcase classname="com.erudex.test.login.LoginTestApache" name="testLogoutWithSession" time="0.317"/>
  <testcase classname="com.erudex.test.login.LoginTestApache" name="testLoginWithSession" time="0.343"/>
  <testcase classname="com.erudex.test.login.LoginTestApache" name="testLogoutWithSession" time="0.351"/>
  <testcase classname="com.erudex.test.login.LoginTestApache" name="testLogoutWithSession" time="0.308"/>
  <testcase classname="com.erudex.test.login.LoginTestApache" name="testLoginWithSession" time="0.355"/>
  <testcase classname="com.erudex.test.login.LoginTestApache" name="testLogoutWithSession" time="0.434"/>
  <testcase classname="com.erudex.test.login.LoginTestApache" name="testLogoutWithSession" time="0.342"/>
  <testcase classname="com.erudex.test.login.LoginTestApache" name="testLogoutWithSession" time="0.335"/>
  <testcase classname="com.erudex.test.login.LoginTestApache" name="testLoginWithSession" time="0.364"/>
  <testcase classname="com.erudex.test.login.LoginTestApache" name="testLogin" time="0.309"/>
  <testcase classname="com.erudex.test.login.LoginTestApache" name="testLogin" time="0.337"/>
  <testcase classname="com.erudex.test.login.LoginTestApache" name="testLogin" time="0.354"/>
  <testcase classname="com.erudex.test.login.LoginTestApache" name="testLogoutWithSession" time="0.372"/>
  <testcase classname="com.erudex.test.login.LoginTestApache" name="testLoginWithSession" time="0.300"/>
  <testcase classname="com.erudex.test.login.LoginTestApache" name="testLoginWithSession" time="0.302"/>
  <testcase classname="com.erudex.test.login.LoginTestApache" name="testLogoutWithSession" time="0.315"/>
  <testcase classname="com.erudex.test.login.LoginTestApache" name="testLogoutWithSession" time="0.339"/>
  <testcase classname="com.erudex.test.login.LoginTestApache" name="testLogoutWithSession" time="0.342"/>
  <testcase classname="com.erudex.test.login.LoginTestApache" name="testLogoutWithSession" time="0.345"/>
  <testcase classname="com.erudex.test.login.LoginTestApache" name="testLoginWithSession" time="0.304"/>
  <testcase classname="com.erudex.test.login.LoginTestApache" name="testLogin" time="0.309"/>
  <testcase classname="com.erudex.test.login.LoginTestApache" name="testLogin" time="0.316"/>
  <testcase classname="com.erudex.test.login.LoginTestApache" name="testLogoutWithSession" time="0.353"/>
  <testcase classname="com.erudex.test.login.LoginTestApache" name="testLogin" time="0.364"/>
  <testcase classname="com.erudex.test.login.LoginTestApache" name="testLogoutWithSession" time="0.345"/>
  <testcase classname="com.erudex.test.login.LoginTestApache" name="testLogoutWithSession" time="0.348"/>
  <testcase classname="com.erudex.test.login.LoginTestApache" name="testLogin" time="0.351"/>
  <testcase classname="com.erudex.test.login.LoginTestApache" name="testLogoutWithSession" time="0.299"/>
  <testcase classname="com.erudex.test.login.LoginTestApache" name="testLogin" time="0.306"/>
  <testcase classname="com.erudex.test.login.LoginTestApache" name="testLoginWithSession" time="0.347"/>
  <testcase classname="com.erudex.test.login.LoginTestApache" name="testLogoutWithSession" time="0.335"/>
  <testcase classname="com.erudex.test.login.LoginTestApache" name="testLogoutWithSession" time="0.342"/>
  <testcase classname="com.erudex.test.login.LoginTestApache" name="testLogoutWithSession" time="0.330"/>
  <testcase classname="com.erudex.test.login.LoginTestApache" name="testLoginWithSession" time="0.362"/>
  <testcase classname="com.erudex.test.login.LoginTestApache" name="testLoginWithSession" time="0.356"/>
  <testcase classname="com.erudex.test.login.LoginTestApache" name="testLogoutWithSession" time="0.297"/>
  <testcase classname="com.erudex.test.login.LoginTestApache" name="testLogin" time="0.310"/>
  <testcase classname="com.erudex.test.login.LoginTestApache" name="testLogin" time="0.363"/>
  <testcase classname="com.erudex.test.login.LoginTestApache" name="testLogin" time="0.356"/>
  <testcase classname="com.erudex.test.login.LoginTestApache" name="testLoginWithSession" time="0.371"/>
  <testcase classname="com.erudex.test.login.LoginTestApache" name="testLogin" time="0.339"/>
  <testcase classname="com.erudex.test.login.LoginTestApache" name="testLogoutWithSession" time="0.344"/>
  <testcase classname="com.erudex.test.login.LoginTestApache" name="testLogoutWithSession" time="0.304"/>
  <testcase classname="com.erudex.test.login.LoginTestApache" name="testLogin" time="0.309"/>
  <testcase classname="com.erudex.test.login.LoginTestApache" name="testLoginWithSession" time="0.340"/>
  <testcase classname="com.erudex.test.login.LoginTestApache" name="testLogin" time="0.356"/>
  <testcase classname="com.erudex.test.login.LoginTestApache" name="testLoginWithSession" time="0.313"/>
  <testcase classname="com.erudex.test.login.LoginTestApache" name="testLogoutWithSession" time="0.361"/>
  <testcase classname="com.erudex.test.login.LoginTestApache" name="testLogoutWithSession" time="0.305"/>
  <testcase classname="com.erudex.test.login.LoginTestApache" name="testLogin" time="0.317"/>
  <testcase classname="com.erudex.test.login.LoginTestApache" name="testLogin" time="0.370"/>
  <testcase classname="com.erudex.test.login.LoginTestApache" name="testLoginWithSession" time="0.319"/>
  <testcase classname="com.erudex.test.login.LoginTestApache" name="testLogoutWithSession" time="0.348"/>
  <testcase classname="com.erudex.test.login.LoginTestApache" name="testLogin" time="0.327"/>
  <testcase classname="com.erudex.test.login.LoginTestApache" name="testLogoutWithSession" time="0.341"/>
  <testcase classname="com.erudex.test.login.LoginTestApache" name="testLogoutWithSession" time="0.351"/>
  <testcase classname="com.erudex.test.login.LoginTestApache" name="testLoginWithSession" time="0.354"/>
  <testcase classname="com.erudex.test.login.LoginTestApache" name="testLogoutWithSession" time="0.340"/>
  <testcase classname="com.erudex.test.login.LoginTestApache" name="testLogoutWithSession" time="0.292"/>
  <testcase classname="com.erudex.test.login.LoginTestApache" name="testLogoutWithSession" time="0.331"/>
  <testcase classname="com.erudex.test.login.LoginTestApache" name="testLogin" time="0.343"/>
  <testcase classname="com.erudex.test.login.LoginTestApache" name="testLoginWithSession" time="0.349"/>
  <testcase classname="com.erudex.test.login.LoginTestApache" name="testLoginWithSession" time="0.338"/>
  <testcase classname="com.erudex.test.login.LoginTestApache" name="testLogin" time="0.303"/>
  <testcase classname="com.erudex.test.login.LoginTestApache" name="testLogin" time="0.294"/>
  <testcase classname="com.erudex.test.login.LoginTestApache" name="testLoginWithSession" time="0.312"/>
  <testcase classname="com.erudex.test.login.LoginTestApache" name="testLogoutWithSession" time="0.339"/>
  <testcase classname="com.erudex.test.login.LoginTestApache" name="testLogin" time="0.326"/>
  <testcase classname="com.erudex.test.login.LoginTestApache" name="testLogin" time="0.301"/>
  <testcase classname="com.erudex.test.login.LoginTestApache" name="testLoginWithSession" time="0.338"/>
  <testcase classname="com.erudex.test.login.LoginTestApache" name="testLogin" time="0.348"/>
  <testcase classname="com.erudex.test.login.LoginTestApache" name="testLogoutWithSession" time="0.336"/>
  <testcase classname="com.erudex.test.login.LoginTestApache" name="testLogin" time="0.333"/>
  <testcase classname="com.erudex.test.login.LoginTestApache" name="testLogoutWithSession" time="0.392"/>
  <testcase classname="com.erudex.test.login.LoginTestApache" name="testLogoutWithSession" time="0.338"/>
  <testcase classname="com.erudex.test.login.LoginTestApache" name="testLogoutWithSession" time="0.309"/>
  <testcase classname="com.erudex.test.login.LoginTestApache" name="testLogin" time="0.408"/>
  <testcase classname="com.erudex.test.login.LoginTestApache" name="testLogoutWithSession" time="0.357"/>
  <testcase classname="com.erudex.test.login.LoginTestApache" name="testLoginWithSession" time="0.322"/>
  <testcase classname="com.erudex.test.login.LoginTestApache" name="testLogin" time="0.303"/>
  <testcase classname="com.erudex.test.login.LoginTestApache" name="testLoginWithSession" time="0.308"/>
  <testcase classname="com.erudex.test.login.LoginTestApache" name="testLogin" time="0.319"/>
  <testcase classname="com.erudex.test.login.LoginTestApache" name="testLogin" time="0.305"/>
  <testcase classname="com.erudex.test.login.LoginTestApache" name="testLoginWithSession" time="0.349"/>
  <testcase classname="com.erudex.test.login.LoginTestApache" name="testLogoutWithSession" time="0.329"/>
  <testcase classname="com.erudex.test.login.LoginTestApache" name="testLogin" time="0.579"/>
  <testcase classname="com.erudex.test.login.LoginTestApache" name="testLogoutWithSession" time="0.298"/>
  <testcase classname="com.erudex.test.login.LoginTestApache" name="testLogoutWithSession" time="0.338"/>
  <testcase classname="com.erudex.test.login.LoginTestApache" name="testLogoutWithSession" time="0.324"/>
  <testcase classname="com.erudex.test.login.LoginTestApache" name="testLogoutWithSession" time="0.301"/>
  <testcase classname="com.erudex.test.login.LoginTestApache" name="testLogoutWithSession" time="0.349"/>
  <testcase classname="com.erudex.test.login.LoginTestApache" name="testLogin" time="0.356"/>
  <testcase classname="com.erudex.test.login.LoginTestApache" name="testLogin" time="0.348"/>
  <testcase classname="com.erudex.test.login.LoginTestApache" name="testLoginWithSession" time="0.312"/>
  <testcase classname="com.erudex.test.login.LoginTestApache" name="testLogin" time="0.375"/>
  <testcase classname="com.erudex.test.login.LoginTestApache" name="testLoginWithSession" time="0.349"/>
  <testcase classname="com.erudex.test.login.LoginTestApache" name="testLogin" time="0.345"/>
  <testcase classname="com.erudex.test.login.LoginTestApache" name="testLogin" time="0.705"/>
  <testcase classname="com.erudex.test.login.LoginTestApache" name="testLogin" time="0.353"/>
  <testcase classname="com.erudex.test.login.LoginTestApache" name="testLoginWithSession" time="0.335"/>
  <testcase classname="com.erudex.test.login.LoginTestApache" name="testLogin" time="0.349"/>
  <testcase classname="com.erudex.test.login.LoginTestApache" name="testLoginWithSession" time="0.373"/>
  <testcase classname="com.erudex.test.login.LoginTestApache" name="testLogin" time="0.351"/>
  <testcase classname="com.erudex.test.login.LoginTestApache" name="testLogin" time="0.338"/>
  <testcase classname="com.erudex.test.login.LoginTestApache" name="testLogin" time="0.317"/>
  <testcase classname="com.erudex.test.login.LoginTestApache" name="testLogoutWithSession" time="0.346"/>
  <testcase classname="com.erudex.test.login.LoginTestApache" name="testLoginWithSession" time="0.305"/>
  <testcase classname="com.erudex.test.login.LoginTestApache" name="testLogoutWithSession" time="0.303"/>
  <testcase classname="com.erudex.test.login.LoginTestApache" name="testLoginWithSession" time="0.299"/>
  <testcase classname="com.erudex.test.login.LoginTestApache" name="testLoginWithSession" time="0.346"/>
  <testcase classname="com.erudex.test.login.LoginTestApache" name="testLoginWithSession" time="0.345"/>
  <testcase classname="com.erudex.test.login.LoginTestApache" name="testLogin" time="0.336"/>
  <testcase classname="com.erudex.test.login.LoginTestApache" name="testLogoutWithSession" time="0.734"/>
  <testcase classname="com.erudex.test.login.LoginTestApache" name="testLogoutWithSession" time="0.315"/>
  <testcase classname="com.erudex.test.login.LoginTestApache" name="testLogin" time="0.357"/>
  <testcase classname="com.erudex.test.login.LoginTestApache" name="testLogoutWithSession" time="0.336"/>
  <testcase classname="com.erudex.test.login.LoginTestApache" name="testLogoutWithSession" time="0.347"/>
  <testcase classname="com.erudex.test.login.LoginTestApache" name="testLogin" time="0.410"/>
  <testcase classname="com.erudex.test.login.LoginTestApache" name="testLoginWithSession" time="0.322"/>
  <testcase classname="com.erudex.test.login.LoginTestApache" name="testLogin" time="0.309"/>
  <testcase classname="com.erudex.test.login.LoginTestApache" name="testLogoutWithSession" time="0.362"/>
  <testcase classname="com.erudex.test.login.LoginTestApache" name="testLogoutWithSession" time="0.352"/>
  <testcase classname="com.erudex.test.login.LoginTestApache" name="testLoginWithSession" time="0.305"/>
  <testcase classname="com.erudex.test.login.LoginTestApache" name="testLogoutWithSession" time="0.349"/>
  <testcase classname="com.erudex.test.login.LoginTestApache" name="testLogin" time="0.295"/>
  <testcase classname="com.erudex.test.login.LoginTestApache" name="testLogoutWithSession" time="0.333"/>
  <testcase classname="com.erudex.test.login.LoginTestApache" name="testLogoutWithSession" time="0.332"/>
  <testcase classname="com.erudex.test.login.LoginTestApache" name="testLogoutWithSession" time="0.343"/>
  <testcase classname="com.erudex.test.login.LoginTestApache" name="testLoginWithSession" time="0.360"/>
  <testcase classname="com.erudex.test.login.LoginTestApache" name="testLogin" time="0.357"/>
  <testcase classname="com.erudex.test.login.LoginTestApache" name="testLoginWithSession" time="0.316"/>
  <testcase classname="com.erudex.test.login.LoginTestApache" name="testLogoutWithSession" time="0.386"/>
  <testcase classname="com.erudex.test.login.LoginTestApache" name="testLogoutWithSession" time="0.353"/>
  <testcase classname="com.erudex.test.login.LoginTestApache" name="testLoginWithSession" time="0.341"/>
  <testcase classname="com.erudex.test.login.LoginTestApache" name="testLogoutWithSession" time="0.357"/>
  <testcase classname="com.erudex.test.login.LoginTestApache" name="testLogoutWithSession" time="0.390"/>
  <testcase classname="com.erudex.test.login.LoginTestApache" name="testLoginWithSession" time="0.311"/>
  <testcase classname="com.erudex.test.login.LoginTestApache" name="testLogoutWithSession" time="0.301"/>
  <testcase classname="com.erudex.test.login.LoginTestApache" name="testLogoutWithSession" time="0.344"/>
  <testcase classname="com.erudex.test.login.LoginTestApache" name="testLoginWithSession" time="0.358"/>
  <testcase classname="com.erudex.test.login.LoginTestApache" name="testLoginWithSession" time="0.360"/>
  <testcase classname="com.erudex.test.login.LoginTestApache" name="testLogin" time="0.356"/>
  <testcase classname="com.erudex.test.login.LoginTestApache" name="testLoginWithSession" time="0.297"/>
  <testcase classname="com.erudex.test.login.LoginTestApache" name="testLogin" time="0.406"/>
  <testcase classname="com.erudex.test.login.LoginTestApache" name="testLoginWithSession" time="0.346"/>
  <testcase classname="com.erudex.test.login.LoginTestApache" name="testLoginWithSession" time="0.364"/>
  <testcase classname="com.erudex.test.login.LoginTestApache" name="testLogoutWithSession" time="0.296"/>
  <testcase classname="com.erudex.test.login.LoginTestApache" name="testLogoutWithSession" time="0.346"/>
  <testcase classname="com.erudex.test.login.LoginTestApache" name="testLoginWithSession" time="0.350"/>
  <testcase classname="com.erudex.test.login.LoginTestApache" name="testLoginWithSession" time="0.344"/>
  <testcase classname="com.erudex.test.login.LoginTestApache" name="testLogin" time="0.307"/>
  <testcase classname="com.erudex.test.login.LoginTestApache" name="testLogoutWithSession" time="0.384"/>
  <testcase classname="com.erudex.test.login.LoginTestApache" name="testLogoutWithSession" time="0.360"/>
  <testcase classname="com.erudex.test.login.LoginTestApache" name="testLogin" time="0.357"/>
  <testcase classname="com.erudex.test.login.LoginTestApache" name="testLoginWithSession" time="0.338"/>
  <testcase classname="com.erudex.test.login.LoginTestApache" name="testLogin" time="0.320"/>
  <testcase classname="com.erudex.test.login.LoginTestApache" name="testLogoutWithSession" time="0.306"/>
  <testcase classname="com.erudex.test.login.LoginTestApache" name="testLogoutWithSession" time="0.339"/>
  <testcase classname="com.erudex.test.login.LoginTestApache" name="testLogin" time="0.341"/>
  <testcase classname="com.erudex.test.login.LoginTestApache" name="testLoginWithSession" time="0.354"/>
  <testcase classname="com.erudex.test.login.LoginTestApache" name="testLoginWithSession" time="0.342"/>
  <testcase classname="com.erudex.test.login.LoginTestApache" name="testLogoutWithSession" time="0.360"/>
  <testcase classname="com.erudex.test.login.LoginTestApache" name="testLoginWithSession" time="0.353"/>
  <testcase classname="com.erudex.test.login.LoginTestApache" name="testLogoutWithSession" time="0.342"/>
  <testcase classname="com.erudex.test.login.LoginTestApache" name="testLogoutWithSession" time="0.341"/>
  <testcase classname="com.erudex.test.login.LoginTestApache" name="testLogin" time="0.341"/>
  <testcase classname="com.erudex.test.login.LoginTestApache" name="testLogin" time="0.348"/>
  <testcase classname="com.erudex.test.login.LoginTestApache" name="testLogoutWithSession" time="0.349"/>
  <testcase classname="com.erudex.test.login.LoginTestApache" name="testLoginWithSession" time="0.300"/>
  <testcase classname="com.erudex.test.login.LoginTestApache" name="testLoginWithSession" time="0.319"/>
  <testcase classname="com.erudex.test.login.LoginTestApache" name="testLogin" time="0.351"/>
  <testcase classname="com.erudex.test.login.LoginTestApache" name="testLogoutWithSession" time="0.443"/>
  <testcase classname="com.erudex.test.login.LoginTestApache" name="testLoginWithSession" time="0.345"/>
  <testcase classname="com.erudex.test.login.LoginTestApache" name="testLoginWithSession" time="0.359"/>
  <testcase classname="com.erudex.test.login.LoginTestApache" name="testLogin" time="0.346"/>
  <testcase classname="com.erudex.test.login.LoginTestApache" name="testLogin" time="0.313"/>
  <testcase classname="com.erudex.test.login.LoginTestApache" name="testLogoutWithSession" time="0.354"/>
  <testcase classname="com.erudex.test.login.LoginTestApache" name="testLogin" time="0.364"/>
  <testcase classname="com.erudex.test.login.LoginTestApache" name="testLogin" time="0.410"/>
  <testcase classname="com.erudex.test.login.LoginTestApache" name="testLogoutWithSession" time="0.307"/>
  <testcase classname="com.erudex.test.login.LoginTestApache" name="testLogin" time="0.367"/>
  <testcase classname="com.erudex.test.login.LoginTestApache" name="testLogoutWithSession" time="0.352"/>
  <testcase classname="com.erudex.test.login.LoginTestApache" name="testLogin" time="0.356"/>
  <testcase classname="com.erudex.test.login.LoginTestApache" name="testLogoutWithSession" time="0.349"/>
  <testcase classname="com.erudex.test.login.LoginTestApache" name="testLogoutWithSession" time="0.350"/>
  <testcase classname="com.erudex.test.login.LoginTestApache" name="testLoginWithSession" time="0.350"/>
  <testcase classname="com.erudex.test.login.LoginTestApache" name="testLogoutWithSession" time="0.354"/>
  <testcase classname="com.erudex.test.login.LoginTestApache" name="testLogin" time="0.362"/>
  <testcase classname="com.erudex.test.login.LoginTestApache" name="testLoginWithSession" time="0.323"/>
  <testcase classname="com.erudex.test.login.LoginTestApache" name="testLogin" time="0.311"/>
  <testcase classname="com.erudex.test.login.LoginTestApache" name="testLogoutWithSession" time="0.345"/>
  <testcase classname="com.erudex.test.login.LoginTestApache" name="testLogin" time="0.318"/>
  <testcase classname="com.erudex.test.login.LoginTestApache" name="testLogoutWithSession" time="0.370"/>
  <testcase classname="com.erudex.test.login.LoginTestApache" name="testLogoutWithSession" time="0.444"/>
  <testcase classname="com.erudex.test.login.LoginTestApache" name="testLogin" time="0.354"/>
  <testcase classname="com.erudex.test.login.LoginTestApache" name="testLogin" time="0.309"/>
  <testcase classname="com.erudex.test.login.LoginTestApache" name="testLogin" time="0.306"/>
  <testcase classname="com.erudex.test.login.LoginTestApache" name="testLogin" time="0.320"/>
  <testcase classname="com.erudex.test.login.LoginTestApache" name="testLogoutWithSession" time="0.338"/>
  <testcase classname="com.erudex.test.login.LoginTestApache" name="testLoginWithSession" time="0.358"/>
[...]
  <testcase classname="com.erudex.test.login.LoginTestApache" name="testLogoutWithSession" time="0.359"/>
  <testcase classname="com.erudex.test.login.LoginTestApache" name="testLoginWithSession" time="0.352"/>
  <testcase classname="com.erudex.test.login.LoginTestApache" name="testLogoutWithSession" time="0.348"/>
  <testcase classname="com.erudex.test.login.LoginTestApache" name="testLogoutWithSession" time="0.343"/>
  <testcase classname="com.erudex.test.login.LoginTestApache" name="testLogoutWithSession" time="0.296"/>
  <testcase classname="com.erudex.test.login.LoginTestApache" name="testLogin" time="0.309"/>
  <testcase classname="com.erudex.test.login.LoginTestApache" name="testLogoutWithSession" time="0.338"/>
  <testcase classname="com.erudex.test.login.LoginTestApache" name="testLogoutWithSession" time="0.313"/>
  <testcase classname="com.erudex.test.login.LoginTestApache" name="testLogin" time="0.301"/>
  <testcase classname="com.erudex.test.login.LoginTestApache" name="testLogoutWithSession" time="0.309"/>
  <testcase classname="com.erudex.test.login.LoginTestApache" name="testLoginWithSession" time="0.337"/>
  <testcase classname="com.erudex.test.login.LoginTestApache" name="testLoginWithSession" time="0.302"/>
  <testcase classname="com.erudex.test.login.LoginTestApache" name="testLogin" time="0.358"/>
  <testcase classname="com.erudex.test.login.LoginTestApache" name="testLogoutWithSession" time="0.349"/>
  <testcase classname="com.erudex.test.login.LoginTestApache" name="testLogoutWithSession" time="0.361"/>
  <testcase classname="com.erudex.test.login.LoginTestApache" name="testLogoutWithSession" time="0.301"/>
  <testcase classname="com.erudex.test.login.LoginTestApache" name="testLogin" time="0.351"/>
  <testcase classname="com.erudex.test.login.LoginTestApache" name="testLoginWithSession" time="0.298"/>
  <testcase classname="com.erudex.test.login.LoginTestApache" name="testLoginWithSession" time="0.356"/>
  <testcase classname="com.erudex.test.login.LoginTestApache" name="testLogin" time="0.355"/>
  <testcase classname="com.erudex.test.login.LoginTestApache" name="testLogoutWithSession" time="0.331"/>
  <testcase classname="com.erudex.test.login.LoginTestApache" name="testLogin" time="0.366"/>
  <testcase classname="com.erudex.test.login.LoginTestApache" name="testLogin" time="0.358"/>
  <testcase classname="com.erudex.test.login.LoginTestApache" name="testLogoutWithSession" time="0.357"/>
  <testcase classname="com.erudex.test.login.LoginTestApache" name="testLoginWithSession" time="0.305"/>
  <testcase classname="com.erudex.test.login.LoginTestApache" name="testLogoutWithSession" time="0.350"/>
  <testcase classname="com.erudex.test.login.LoginTestApache" name="testLogoutWithSession" time="0.300"/>
  <testcase classname="com.erudex.test.login.LoginTestApache" name="testLoginWithSession" time="0.345"/>
  <testcase classname="com.erudex.test.login.LoginTestApache" name="testLogin" time="0.346"/>
  <testcase classname="com.erudex.test.login.LoginTestApache" name="testLogoutWithSession" time="0.343"/>
  <testcase classname="com.erudex.test.login.LoginTestApache" name="testLoginWithSession" time="0.334"/>
  <testcase classname="com.erudex.test.login.LoginTestApache" name="testLoginWithSession" time="0.355"/>
  <testcase classname="com.erudex.test.login.LoginTestApache" name="testLoginWithSession" time="0.319"/>
  <testcase classname="com.erudex.test.login.LoginTestApache" name="testLoginWithSession" time="0.358"/>
  <testcase classname="com.erudex.test.login.LoginTestApache" name="testLogin" time="0.346"/>
  <testcase classname="com.erudex.test.login.LoginTestApache" name="testLoginWithSession" time="0.352"/>
  <testcase classname="com.erudex.test.login.LoginTestApache" name="testLogin" time="0.352"/>
  <testcase classname="com.erudex.test.login.LoginTestApache" name="testLogoutWithSession" time="0.308"/>
  <testcase classname="com.erudex.test.login.LoginTestApache" name="testLogoutWithSession" time="0.349"/>
  <testcase classname="com.erudex.test.login.LoginTestApache" name="testLoginWithSession" time="0.339"/>
  <testcase classname="com.erudex.test.login.LoginTestApache" name="testLogoutWithSession" time="0.370"/>
  <testcase classname="com.erudex.test.login.LoginTestApache" name="testLogin" time="0.352"/>
  <testcase classname="com.erudex.test.login.LoginTestApache" name="testLogoutWithSession" time="0.353"/>
  <testcase classname="com.erudex.test.login.LoginTestApache" name="testLogoutWithSession" time="0.338"/>
  <testcase classname="com.erudex.test.login.LoginTestApache" name="testLogoutWithSession" time="0.332"/>
  <testcase classname="com.erudex.test.login.LoginTestApache" name="testLogin" time="0.333"/>
  <testcase classname="com.erudex.test.login.LoginTestApache" name="testLogin" time="0.316"/>
  <testcase classname="com.erudex.test.login.LoginTestApache" name="testLoginWithSession" time="0.302"/>
  <testcase classname="com.erudex.test.login.LoginTestApache" name="testLogoutWithSession" time="0.343"/>
  <testcase classname="com.erudex.test.login.LoginTestApache" name="testLoginWithSession" time="0.303"/>
  <testcase classname="com.erudex.test.login.LoginTestApache" name="testLogoutWithSession" time="0.303"/>
  <testcase classname="com.erudex.test.login.LoginTestApache" name="testLoginWithSession" time="0.307"/>
  <testcase classname="com.erudex.test.login.LoginTestApache" name="testLogin" time="0.753"/>
  <testcase classname="com.erudex.test.login.LoginTestApache" name="testLoginWithSession" time="0.290"/>
  <testcase classname="com.erudex.test.login.LoginTestApache" name="testLogoutWithSession" time="0.373"/>
  <testcase classname="com.erudex.test.login.LoginTestApache" name="testLogoutWithSession" time="0.297"/>
  <testcase classname="com.erudex.test.login.LoginTestApache" name="testLoginWithSession" time="0.369"/>
  <testcase classname="com.erudex.test.login.LoginTestApache" name="testLoginWithSession" time="0.462"/>
  <testcase classname="com.erudex.test.login.LoginTestApache" name="testLogin" time="0.346"/>
  <testcase classname="com.erudex.test.login.LoginTestApache" name="testLogoutWithSession" time="0.407"/>
  <testcase classname="com.erudex.test.login.LoginTestApache" name="testLoginWithSession" time="0.371"/>
  <testcase classname="com.erudex.test.login.LoginTestApache" name="testLogoutWithSession" time="0.341"/>
  <testcase classname="com.erudex.test.login.LoginTestApache" name="testLogoutWithSession" time="0.350"/>
  <testcase classname="com.erudex.test.login.LoginTestApache" name="testLoginWithSession" time="0.352"/>
  <testcase classname="com.erudex.test.login.LoginTestApache" name="testLogin" time="0.374"/>
  <testcase classname="com.erudex.test.login.LoginTestApache" name="testLogoutWithSession" time="0.370"/>
  <testcase classname="com.erudex.test.login.LoginTestApache" name="testLogoutWithSession" time="0.312"/>
  <testcase classname="com.erudex.test.login.LoginTestApache" name="testLogoutWithSession" time="0.313"/>
  <testcase classname="com.erudex.test.login.LoginTestApache" name="testLogoutWithSession" time="0.340"/>
  <testcase classname="com.erudex.test.login.LoginTestApache" name="testLoginWithSession" time="0.345"/>
  <testcase classname="com.erudex.test.login.LoginTestApache" name="testLogin" time="0.302"/>
  <testcase classname="com.erudex.test.login.LoginTestApache" name="testLoginWithSession" time="0.302"/>
  <testcase classname="com.erudex.test.login.LoginTestApache" name="testLogin" time="0.353"/>
  <testcase classname="com.erudex.test.login.LoginTestApache" name="testLogin" time="0.344"/>
  <testcase classname="com.erudex.test.login.LoginTestApache" name="testLogin" time="0.352"/>
  <testcase classname="com.erudex.test.login.LoginTestApache" name="testLogin" time="0.353"/>
  <testcase classname="com.erudex.test.login.LoginTestApache" name="testLogoutWithSession" time="0.379"/>
  <testcase classname="com.erudex.test.login.LoginTestApache" name="testLogin" time="0.355"/>
  <testcase classname="com.erudex.test.login.LoginTestApache" name="testLoginWithSession" time="0.369"/>
  <testcase classname="com.erudex.test.login.LoginTestApache" name="testLogin" time="0.353"/>
  <testcase classname="com.erudex.test.login.LoginTestApache" name="testLogin" time="0.367"/>
  <testcase classname="com.erudex.test.login.LoginTestApache" name="testLogin" time="0.302"/>
  <testcase classname="com.erudex.test.login.LoginTestApache" name="testLogin" time="0.355"/>
  <testcase classname="com.erudex.test.login.LoginTestApache" name="testLogoutWithSession" time="0.343"/>
  <testcase classname="com.erudex.test.login.LoginTestApache" name="testLogoutWithSession" time="0.330"/>
  <testcase classname="com.erudex.test.login.LoginTestApache" name="testLogoutWithSession" time="0.308"/>
  <testcase classname="com.erudex.test.login.LoginTestApache" name="testLogin" time="0.308"/>
  <testcase classname="com.erudex.test.login.LoginTestApache" name="testLogin" time="0.307"/>
  <testcase classname="com.erudex.test.login.LoginTestApache" name="testLogoutWithSession" time="0.343"/>
  <testcase classname="com.erudex.test.login.LoginTestApache" name="testLoginWithSession" time="0.320"/>
  <testcase classname="com.erudex.test.login.LoginTestApache" name="testLogin" time="0.347"/>
  <testcase classname="com.erudex.test.login.LoginTestApache" name="testLogoutWithSession" time="0.307"/>
  <testcase classname="com.erudex.test.login.LoginTestApache" name="testLoginWithSession" time="0.309"/>
  <testcase classname="com.erudex.test.login.LoginTestApache" name="testLoginWithSession" time="0.367"/>
  <testcase classname="com.erudex.test.login.LoginTestApache" name="testLogoutWithSession" time="0.341"/>
  <testcase classname="com.erudex.test.login.LoginTestApache" name="testLoginWithSession" time="0.335"/>
  <testcase classname="com.erudex.test.login.LoginTestApache" name="testLogoutWithSession" time="0.349"/>
  <testcase classname="com.erudex.test.login.LoginTestApache" name="testLoginWithSession" time="0.315"/>
  <testcase classname="com.erudex.test.login.LoginTestApache" name="testLoginWithSession" time="0.428"/>
  <testcase classname="com.erudex.test.login.LoginTestApache" name="testLogoutWithSession" time="0.340"/>
  <testcase classname="com.erudex.test.login.LoginTestApache" name="testLogin" time="0.345"/>
  <testcase classname="com.erudex.test.login.LoginTestApache" name="testLoginWithSession" time="0.319"/>
  <testcase classname="com.erudex.test.login.LoginTestApache" name="testLogoutWithSession" time="0.354"/>
  <testcase classname="com.erudex.test.login.LoginTestApache" name="testLogoutWithSession" time="0.349"/>
  <testcase classname="com.erudex.test.login.LoginTestApache" name="testLoginWithSession" time="0.312"/>
  <testcase classname="com.erudex.test.login.LoginTestApache" name="testLogin" time="0.353"/>
  <testcase classname="com.erudex.test.login.LoginTestApache" name="testLoginWithSession" time="0.347"/>
  <testcase classname="com.erudex.test.login.LoginTestApache" name="testLoginWithSession" time="0.342"/>
  <testcase classname="com.erudex.test.login.LoginTestApache" name="testLogoutWithSession" time="0.300"/>
  <testcase classname="com.erudex.test.login.LoginTestApache" name="testLogoutWithSession" time="0.359"/>
  <testcase classname="com.erudex.test.login.LoginTestApache" name="testLoginWithSession" time="0.305"/>
  <testcase classname="com.erudex.test.login.LoginTestApache" name="testLogin" time="0.364"/>
  <testcase classname="com.erudex.test.login.LoginTestApache" name="testLogoutWithSession" time="0.307"/>
  <testcase classname="com.erudex.test.login.LoginTestApache" name="testLogoutWithSession" time="0.356"/>
  <testcase classname="com.erudex.test.login.LoginTestApache" name="testLogoutWithSession" time="0.311"/>
  <testcase classname="com.erudex.test.login.LoginTestApache" name="testLogoutWithSession" time="0.309"/>
  <testcase classname="com.erudex.test.login.LoginTestApache" name="testLogoutWithSession" time="0.321"/>
  <testcase classname="com.erudex.test.login.LoginTestApache" name="testLogoutWithSession" time="0.311"/>
  <testcase classname="com.erudex.test.login.LoginTestApache" name="testLoginWithSession" time="0.362"/>
  <testcase classname="com.erudex.test.login.LoginTestApache" name="testLogoutWithSession" time="0.355"/>
  <testcase classname="com.erudex.test.login.LoginTestApache" name="testLoginWithSession" time="0.444"/>
  <testcase classname="com.erudex.test.login.LoginTestApache" name="testLogin" time="0.302"/>
  <testcase classname="com.erudex.test.login.LoginTestApache" name="testLogin" time="0.298"/>
  <testcase classname="com.erudex.test.login.LoginTestApache" name="testLogoutWithSession" time="0.313"/>
  <testcase classname="com.erudex.test.login.LoginTestApache" name="testLoginWithSession" time="0.338"/>
  <testcase classname="com.erudex.test.login.LoginTestApache" name="testLogoutWithSession" time="0.346"/>
  <testcase classname="com.erudex.test.login.LoginTestApache" name="testLogoutWithSession" time="0.346"/>
  <testcase classname="com.erudex.test.login.LoginTestApache" name="testLogin" time="0.346"/>
  <testcase classname="com.erudex.test.login.LoginTestApache" name="testLogin" time="0.332"/>
  <testcase classname="com.erudex.test.login.LoginTestApache" name="testLogin" time="0.354"/>
  <testcase classname="com.erudex.test.login.LoginTestApache" name="testLogin" time="0.321"/>
  <testcase classname="com.erudex.test.login.LoginTestApache" name="testLogin" time="0.338"/>
  <testcase classname="com.erudex.test.login.LoginTestApache" name="testLogoutWithSession" time="0.335"/>
  <testcase classname="com.erudex.test.login.LoginTestApache" name="testLogin" time="0.340"/>
  <testcase classname="com.erudex.test.login.LoginTestApache" name="testLogoutWithSession" time="0.303"/>
  <testcase classname="com.erudex.test.login.LoginTestApache" name="testLoginWithSession" time="0.309"/>
  <testcase classname="com.erudex.test.login.LoginTestApache" name="testLogoutWithSession" time="0.349"/>
  <testcase classname="com.erudex.test.login.LoginTestApache" name="testLogin" time="0.314"/>
  <testcase classname="com.erudex.test.login.LoginTestApache" name="testLogoutWithSession" time="0.348"/>
  <testcase classname="com.erudex.test.login.LoginTestApache" name="testLoginWithSession" time="0.339"/>
  <testcase classname="com.erudex.test.login.LoginTestApache" name="testLogin" time="0.352"/>
  <testcase classname="com.erudex.test.login.LoginTestApache" name="testLogin" time="0.361"/>
  <testcase classname="com.erudex.test.login.LoginTestApache" name="testLogin" time="0.350"/>
  <testcase classname="com.erudex.test.login.LoginTestApache" name="testLogin" time="0.318"/>
  <testcase classname="com.erudex.test.login.LoginTestApache" name="testLogoutWithSession" time="0.400"/>
  <testcase classname="com.erudex.test.login.LoginTestApache" name="testLogoutWithSession" time="0.304"/>
  <testcase classname="com.erudex.test.login.LoginTestApache" name="testLoginWithSession" time="0.333"/>
  <testcase classname="com.erudex.test.login.LoginTestApache" name="testLogoutWithSession" time="0.348"/>
  <testcase classname="com.erudex.test.login.LoginTestApache" name="testLoginWithSession" time="0.305"/>
  <testcase classname="com.erudex.test.login.LoginTestApache" name="testLogin" time="0.316"/>
  <testcase classname="com.erudex.test.login.LoginTestApache" name="testLogin" time="0.311"/>
  <testcase classname="com.erudex.test.login.LoginTestApache" name="testLogin" time="0.355"/>
  <testcase classname="com.erudex.test.login.LoginTestApache" name="testLoginWithSession" time="0.328"/>
  <testcase classname="com.erudex.test.login.LoginTestApache" name="testLogoutWithSession" time="0.319"/>
  <testcase classname="com.erudex.test.login.LoginTestApache" name="testLogin" time="0.342"/>
  <testcase classname="com.erudex.test.login.LoginTestApache" name="testLoginWithSession" time="0.299"/>
  <testcase classname="com.erudex.test.login.LoginTestApache" name="testLogoutWithSession" time="0.345"/>
  <testcase classname="com.erudex.test.login.LoginTestApache" name="testLogoutWithSession" time="0.347"/>
  <testcase classname="com.erudex.test.login.LoginTestApache" name="testLoginWithSession" time="0.352"/>
  <testcase classname="com.erudex.test.login.LoginTestApache" name="testLogoutWithSession" time="0.307"/>
  <testcase classname="com.erudex.test.login.LoginTestApache" name="testLogin" time="0.358"/>
  <testcase classname="com.erudex.test.login.LoginTestApache" name="testLogin" time="0.374"/>
  <testcase classname="com.erudex.test.login.LoginTestApache" name="testLogoutWithSession" time="0.350"/>
  <testcase classname="com.erudex.test.login.LoginTestApache" name="testLogoutWithSession" time="0.343"/>
  <testcase classname="com.erudex.test.login.LoginTestApache" name="testLogin" time="0.354"/>
  <testcase classname="com.erudex.test.login.LoginTestApache" name="testLogin" time="0.352"/>
  <testcase classname="com.erudex.test.login.LoginTestApache" name="testLoginWithSession" time="0.312"/>
  <testcase classname="com.erudex.test.login.LoginTestApache" name="testLogin" time="0.313"/>
  <testcase classname="com.erudex.test.login.LoginTestApache" name="testLoginWithSession" time="0.347"/>
  <testcase classname="com.erudex.test.login.LoginTestApache" name="testLogoutWithSession" time="0.300"/>
  <testcase classname="com.erudex.test.login.LoginTestApache" name="testLogin" time="0.343"/>
  <testcase classname="com.erudex.test.login.LoginTestApache" name="testLoginWithSession" time="0.694"/>
  <testcase classname="com.erudex.test.login.LoginTestApache" name="testLoginWithSession" time="0.307"/>
  <testcase classname="com.erudex.test.login.LoginTestApache" name="testLoginWithSession" time="0.712"/>
  <testcase classname="com.erudex.test.login.LoginTestApache" name="testLogoutWithSession" time="0.314"/>
  <testcase classname="com.erudex.test.login.LoginTestApache" name="testLogin" time="0.320"/>
  <testcase classname="com.erudex.test.login.LoginTestApache" name="testLogoutWithSession" time="0.339"/>
  <testcase classname="com.erudex.test.login.LoginTestApache" name="testLogin" time="0.358"/>
  <testcase classname="com.erudex.test.login.LoginTestApache" name="testLoginWithSession" time="0.370"/>
  <testcase classname="com.erudex.test.login.LoginTestApache" name="testLogoutWithSession" time="0.350"/>
  <testcase classname="com.erudex.test.login.LoginTestApache" name="testLogin" time="0.347"/>
  <testcase classname="com.erudex.test.login.LoginTestApache" name="testLogin" time="0.354"/>
  <testcase classname="com.erudex.test.login.LoginTestApache" name="testLogin" time="0.393"/>
  <testcase classname="com.erudex.test.login.LoginTestApache" name="testLoginWithSession" time="0.346"/>
  <testcase classname="com.erudex.test.login.LoginTestApache" name="testLogoutWithSession" time="0.348"/>
  <testcase classname="com.erudex.test.login.LoginTestApache" name="testLogin" time="0.306"/>
  <testcase classname="com.erudex.test.login.LoginTestApache" name="testLogoutWithSession" time="0.311"/>
  <testcase classname="com.erudex.test.login.LoginTestApache" name="testLoginWithSession" time="0.295"/>
  <testcase classname="com.erudex.test.login.LoginTestApache" name="testLoginWithSession" time="0.357"/>
  <testcase classname="com.erudex.test.login.LoginTestApache" name="testLogin" time="0.304"/>
  <testcase classname="com.erudex.test.login.LoginTestApache" name="testLoginWithSession" time="0.303"/>
  <testcase classname="com.erudex.test.login.LoginTestApache" name="testLogoutWithSession" time="0.355"/>
  <testcase classname="com.erudex.test.login.LoginTestApache" name="testLogin" time="0.321"/>
  <testcase classname="com.erudex.test.login.LoginTestApache" name="testLogin" time="0.361"/>
  <testcase classname="com.erudex.test.login.LoginTestApache" name="testLoginWithSession" time="0.366"/>
</testsuite> <!-- com.erudex.test.login.LoginTestApache -->
